#
# There is insufficient memory for the Java Runtime Environment to continue.
# Native memory allocation (malloc) failed to allocate 1929776 bytes for Chunk::new
# Possible reasons:
#   The system is out of physical RAM or swap space
#   The process is running with CompressedOops enabled, and the Java Heap may be blocking the growth of the native heap
# Possible solutions:
#   Reduce memory load on the system
#   Increase physical memory or swap space
#   Check if swap backing store is full
#   Decrease Java heap size (-Xmx/-Xms)
#   Decrease number of Java threads
#   Decrease Java thread stack sizes (-Xss)
#   Set larger code cache with -XX:ReservedCodeCacheSize=
#   JVM is running with Unscaled Compressed Oops mode in which the Java heap is
#     placed in the first 4GB address space. The Java Heap base address is the
#     maximum limit for the native heap growth. Please use -XX:HeapBaseMinAddress
#     to set the Java Heap base and to place the Java Heap above 4GB virtual address.
# This output file may be truncated or incomplete.
#
#  Out of Memory Error (./src/hotspot/share/memory/arena.cpp:197), pid=3604, tid=5912
#
# JRE version: OpenJDK Runtime Environment Zulu11.56+19-CA (11.0.15+10) (build 11.0.15+10-LTS)
# Java VM: OpenJDK 64-Bit Server VM Zulu11.56+19-CA (11.0.15+10-LTS, mixed mode, tiered, compressed oops, g1 gc, windows-amd64)
# No core dump will be written. Minidumps are not enabled by default on client versions of Windows
#

---------------  S U M M A R Y ------------

Command Line: --add-opens=java.base/java.util=ALL-UNNAMED --add-opens=java.base/java.lang=ALL-UNNAMED --add-opens=java.base/java.lang.invoke=ALL-UNNAMED --add-opens=java.base/java.util=ALL-UNNAMED --add-opens=java.prefs/java.util.prefs=ALL-UNNAMED --add-opens=java.prefs/java.util.prefs=ALL-UNNAMED --add-opens=java.base/java.nio.charset=ALL-UNNAMED --add-opens=java.base/java.net=ALL-UNNAMED --add-opens=java.base/java.util.concurrent.atomic=ALL-UNNAMED -XX:MaxMetaspaceSize=256m -XX:+HeapDumpOnOutOfMemoryError -Xms256m -Xmx512m -Dfile.encoding=x-windows-949 -Duser.country=US -Duser.language=en -Duser.variant org.gradle.launcher.daemon.bootstrap.GradleDaemon 7.4.1

Host: Intel(R) Core(TM) i7-10700 CPU @ 2.90GHz, 16 cores, 15G,  Windows 10 , 64 bit Build 19041 (10.0.19041.1741)
Time: Tue Jul 12 09:20:34 2022  Windows 10 , 64 bit Build 19041 (10.0.19041.1741) elapsed time: 19.415444 seconds (0d 0h 0m 19s)

---------------  T H R E A D  ---------------

Current thread (0x000001b94b884000):  JavaThread "C2 CompilerThread2" daemon [_thread_in_native, id=5912, stack(0x0000009477400000,0x0000009477500000)]


Current CompileTask:
C2:  19415 9998       4       org.gradle.api.internal.artifacts.ModuleComponentSelectorSerializer::read (50 bytes)

Stack: [0x0000009477400000,0x0000009477500000]
Native frames: (J=compiled Java code, j=interpreted, Vv=VM code, C=native code)
V  [jvm.dll+0x62819a]
V  [jvm.dll+0x7b55c9]
V  [jvm.dll+0x7b6cb8]
V  [jvm.dll+0x7b7393]
V  [jvm.dll+0x2532f8]
V  [jvm.dll+0xc245c]
V  [jvm.dll+0xc2a1c]
V  [jvm.dll+0x35f947]
V  [jvm.dll+0x32b133]
V  [jvm.dll+0x32a46a]
V  [jvm.dll+0x208515]
V  [jvm.dll+0x2076fd]
V  [jvm.dll+0x18a051]
V  [jvm.dll+0x217104]
V  [jvm.dll+0x21534b]
V  [jvm.dll+0x778160]
V  [jvm.dll+0x7710b4]
V  [jvm.dll+0x626ff6]
C  [ucrtbase.dll+0x21bb2]
C  [KERNEL32.DLL+0x17034]
C  [ntdll.dll+0x52651]


---------------  P R O C E S S  ---------------

Threads class SMR info:
_java_thread_list=0x000001b949773870, length=117, elements={
0x000001b92932a000, 0x000001b94561a000, 0x000001b94561b800, 0x000001b945ebe000,
0x000001b945ec1000, 0x000001b945ec3000, 0x000001b945649000, 0x000001b94564c800,
0x000001b94564d800, 0x000001b9455d4000, 0x000001b946046800, 0x000001b946078800,
0x000001b946190000, 0x000001b947541000, 0x000001b946f48000, 0x000001b9473d9000,
0x000001b9477ee800, 0x000001b948437000, 0x000001b9481a8000, 0x000001b946ee4000,
0x000001b94766f800, 0x000001b9475b8000, 0x000001b94834f000, 0x000001b94834b800,
0x000001b94834b000, 0x000001b94834f800, 0x000001b94834c800, 0x000001b94834a000,
0x000001b94834d800, 0x000001b94834e000, 0x000001b948350800, 0x000001b94bee2000,
0x000001b94bee3800, 0x000001b94bee2800, 0x000001b94bede800, 0x000001b94bee4000,
0x000001b94bedf800, 0x000001b94bee0000, 0x000001b94bee5000, 0x000001b94bee1000,
0x000001b94beeb800, 0x000001b94bee9000, 0x000001b94bee8800, 0x000001b94bee6000,
0x000001b94beeb000, 0x000001b94bee6800, 0x000001b94beea000, 0x000001b94bee7800,
0x000001b94beec800, 0x000001b948ed0000, 0x000001b948ecb800, 0x000001b948ecd800,
0x000001b948ecb000, 0x000001b948ed1800, 0x000001b948ed2000, 0x000001b948ecf000,
0x000001b948ed9000, 0x000001b948ed6800, 0x000001b948ed3000, 0x000001b948ed5800,
0x000001b948ed9800, 0x000001b948ed7000, 0x000001b948ed8000, 0x000001b948ed4000,
0x000001b948ed4800, 0x000001b94cec6800, 0x000001b94cec2800, 0x000001b94cec3000,
0x000001b94cec1000, 0x000001b94cec1800, 0x000001b94cec4000, 0x000001b94cec7800,
0x000001b94cec5000, 0x000001b94cec5800, 0x000001b954166000, 0x000001b954164800,
0x000001b954160000, 0x000001b954162800, 0x000001b954163800, 0x000001b95415f800,
0x000001b954162000, 0x000001b954166800, 0x000001b954161000, 0x000001b95416c800,
0x000001b95416a000, 0x000001b954167800, 0x000001b95416e000, 0x000001b95416b000,
0x000001b954168800, 0x000001b954169000, 0x000001b95416d800, 0x000001b95416b800,
0x000001b952af7000, 0x000001b952afb800, 0x000001b952afc000, 0x000001b952af6800,
0x000001b952afe000, 0x000001b952afa800, 0x000001b952af9000, 0x000001b952af8000,
0x000001b952afd000, 0x000001b952afe800, 0x000001b952aff800, 0x000001b952af9800,
0x000001b952b05000, 0x000001b952b02800, 0x000001b952b02000, 0x000001b952b00000,
0x000001b952b03800, 0x000001b952b04800, 0x000001b952b01000, 0x000001b94cd87800,
0x000001b94cd8e000, 0x000001b94cd89000, 0x000001b94b886800, 0x000001b94b884000,
0x000001b94b885000
}

Java Threads: ( => current thread )
  0x000001b92932a000 JavaThread "main" [_thread_blocked, id=20788, stack(0x0000009471000000,0x0000009471100000)]
  0x000001b94561a000 JavaThread "Reference Handler" daemon [_thread_blocked, id=1140, stack(0x0000009471700000,0x0000009471800000)]
  0x000001b94561b800 JavaThread "Finalizer" daemon [_thread_blocked, id=14316, stack(0x0000009471800000,0x0000009471900000)]
  0x000001b945ebe000 JavaThread "Signal Dispatcher" daemon [_thread_blocked, id=16468, stack(0x0000009471900000,0x0000009471a00000)]
  0x000001b945ec1000 JavaThread "Attach Listener" daemon [_thread_blocked, id=36776, stack(0x0000009471a00000,0x0000009471b00000)]
  0x000001b945ec3000 JavaThread "Service Thread" daemon [_thread_blocked, id=15252, stack(0x0000009471b00000,0x0000009471c00000)]
  0x000001b945649000 JavaThread "C2 CompilerThread0" daemon [_thread_in_native, id=32468, stack(0x0000009471c00000,0x0000009471d00000)]
  0x000001b94564c800 JavaThread "C1 CompilerThread0" daemon [_thread_blocked, id=19756, stack(0x0000009471d00000,0x0000009471e00000)]
  0x000001b94564d800 JavaThread "Sweeper thread" daemon [_thread_blocked, id=11892, stack(0x0000009471e00000,0x0000009471f00000)]
  0x000001b9455d4000 JavaThread "C1 CompilerThread1" daemon [_thread_blocked, id=35508, stack(0x0000009471f00000,0x0000009472000000)]
  0x000001b946046800 JavaThread "Common-Cleaner" daemon [_thread_blocked, id=12480, stack(0x0000009472000000,0x0000009472100000)]
  0x000001b946078800 JavaThread "C1 CompilerThread2" daemon [_thread_blocked, id=22408, stack(0x0000009472100000,0x0000009472200000)]
  0x000001b946190000 JavaThread "C1 CompilerThread3" daemon [_thread_blocked, id=36420, stack(0x0000009472a00000,0x0000009472b00000)]
  0x000001b947541000 JavaThread "Daemon health stats" [_thread_blocked, id=21232, stack(0x0000009472b00000,0x0000009472c00000)]
  0x000001b946f48000 JavaThread "Incoming local TCP Connector on port 63805" [_thread_in_native, id=23996, stack(0x0000009472300000,0x0000009472400000)]
  0x000001b9473d9000 JavaThread "Daemon periodic checks" [_thread_blocked, id=30888, stack(0x0000009472400000,0x0000009472500000)]
  0x000001b9477ee800 JavaThread "Daemon" [_thread_blocked, id=11880, stack(0x0000009472c00000,0x0000009472d00000)]
  0x000001b948437000 JavaThread "Handler for socket connection from /127.0.0.1:63805 to /127.0.0.1:63806" [_thread_in_native, id=37208, stack(0x0000009472d00000,0x0000009472e00000)]
  0x000001b9481a8000 JavaThread "Cancel handler" [_thread_blocked, id=20484, stack(0x0000009472e00000,0x0000009472f00000)]
  0x000001b946ee4000 JavaThread "Daemon worker" [_thread_in_native, id=14472, stack(0x0000009472f00000,0x0000009473000000)]
  0x000001b94766f800 JavaThread "Asynchronous log dispatcher for DefaultDaemonConnection: socket connection from /127.0.0.1:63805 to /127.0.0.1:63806" [_thread_blocked, id=39256, stack(0x0000009473000000,0x0000009473100000)]
  0x000001b9475b8000 JavaThread "Stdin handler" [_thread_blocked, id=27540, stack(0x0000009473100000,0x0000009473200000)]
  0x000001b94834f000 JavaThread "Daemon client event forwarder" [_thread_blocked, id=39508, stack(0x0000009473200000,0x0000009473300000)]
  0x000001b94834b800 JavaThread "Cache worker for journal cache (C:\Users\CSJ\.gradle\caches\journal-1)" [_thread_blocked, id=18104, stack(0x0000009473300000,0x0000009473400000)]
  0x000001b94834b000 JavaThread "File lock request listener" [_thread_in_native, id=28660, stack(0x0000009473d00000,0x0000009473e00000)]
  0x000001b94834f800 JavaThread "Cache worker for file hash cache (C:\Users\CSJ\.gradle\caches\7.4.1\fileHashes)" [_thread_blocked, id=25800, stack(0x0000009473e00000,0x0000009473f00000)]
  0x000001b94834c800 JavaThread "File watcher server" daemon [_thread_in_native, id=16656, stack(0x0000009474100000,0x0000009474200000)]
  0x000001b94834a000 JavaThread "File watcher consumer" daemon [_thread_blocked, id=12132, stack(0x0000009474200000,0x0000009474300000)]
  0x000001b94834d800 JavaThread "jar transforms" [_thread_blocked, id=25704, stack(0x0000009474300000,0x0000009474400000)]
  0x000001b94834e000 JavaThread "jar transforms Thread 2" [_thread_blocked, id=8604, stack(0x0000009474400000,0x0000009474500000)]
  0x000001b948350800 JavaThread "jar transforms Thread 3" [_thread_blocked, id=22952, stack(0x0000009474500000,0x0000009474600000)]
  0x000001b94bee2000 JavaThread "jar transforms Thread 4" [_thread_blocked, id=28200, stack(0x0000009474600000,0x0000009474700000)]
  0x000001b94bee3800 JavaThread "jar transforms Thread 5" [_thread_blocked, id=23276, stack(0x0000009474700000,0x0000009474800000)]
  0x000001b94bee2800 JavaThread "jar transforms Thread 6" [_thread_blocked, id=19092, stack(0x0000009474800000,0x0000009474900000)]
  0x000001b94bede800 JavaThread "jar transforms Thread 7" [_thread_blocked, id=21104, stack(0x0000009474900000,0x0000009474a00000)]
  0x000001b94bee4000 JavaThread "jar transforms Thread 8" [_thread_blocked, id=10904, stack(0x0000009474a00000,0x0000009474b00000)]
  0x000001b94bedf800 JavaThread "jar transforms Thread 9" [_thread_blocked, id=27616, stack(0x0000009474b00000,0x0000009474c00000)]
  0x000001b94bee0000 JavaThread "jar transforms Thread 10" [_thread_blocked, id=34280, stack(0x0000009474c00000,0x0000009474d00000)]
  0x000001b94bee5000 JavaThread "jar transforms Thread 11" [_thread_blocked, id=14912, stack(0x0000009474d00000,0x0000009474e00000)]
  0x000001b94bee1000 JavaThread "jar transforms Thread 12" [_thread_blocked, id=12804, stack(0x0000009474e00000,0x0000009474f00000)]
  0x000001b94beeb800 JavaThread "jar transforms Thread 13" [_thread_blocked, id=30588, stack(0x0000009474f00000,0x0000009475000000)]
  0x000001b94bee9000 JavaThread "jar transforms Thread 14" [_thread_blocked, id=25128, stack(0x0000009475000000,0x0000009475100000)]
  0x000001b94bee8800 JavaThread "jar transforms Thread 15" [_thread_blocked, id=29096, stack(0x0000009475100000,0x0000009475200000)]
  0x000001b94bee6000 JavaThread "jar transforms Thread 16" [_thread_blocked, id=15384, stack(0x0000009475200000,0x0000009475300000)]
  0x000001b94beeb000 JavaThread "Cache worker for checksums cache (D:\JPA_VDI\vdi01_2\.gradle\7.4.1\checksums)" [_thread_blocked, id=30660, stack(0x0000009474000000,0x0000009474100000)]
  0x000001b94bee6800 JavaThread "Cache worker for cache directory md-rule (C:\Users\CSJ\.gradle\caches\7.4.1\md-rule)" [_thread_blocked, id=34864, stack(0x0000009475300000,0x0000009475400000)]
  0x000001b94beea000 JavaThread "Cache worker for file hash cache (D:\JPA_VDI\vdi01_2\.gradle\7.4.1\fileHashes)" [_thread_blocked, id=36288, stack(0x0000009475400000,0x0000009475500000)]
  0x000001b94bee7800 JavaThread "Cache worker for cache directory md-supplier (C:\Users\CSJ\.gradle\caches\7.4.1\md-supplier)" [_thread_blocked, id=23632, stack(0x0000009475500000,0x0000009475600000)]
  0x000001b94beec800 JavaThread "Cache worker for execution history cache (C:\Users\CSJ\.gradle\caches\7.4.1\executionHistory)" [_thread_blocked, id=39812, stack(0x0000009475600000,0x0000009475700000)]
  0x000001b948ed0000 JavaThread "Cache worker for file content cache (C:\Users\CSJ\.gradle\caches\7.4.1\fileContent)" [_thread_blocked, id=18684, stack(0x0000009475a00000,0x0000009475b00000)]
  0x000001b948ecb800 JavaThread "Cache worker for dependencies-accessors (D:\JPA_VDI\vdi01_2\.gradle\7.4.1\dependencies-accessors)" [_thread_blocked, id=27368, stack(0x0000009475700000,0x0000009475800000)]
  0x000001b948ecd800 JavaThread "Cache worker for Build Output Cleanup Cache (D:\JPA_VDI\vdi01_2\.gradle\buildOutputCleanup)" [_thread_blocked, id=17124, stack(0x0000009475800000,0x0000009475900000)]
  0x000001b948ecb000 JavaThread "Unconstrained build operations" [_thread_blocked, id=31200, stack(0x0000009475900000,0x0000009475a00000)]
  0x000001b948ed1800 JavaThread "Unconstrained build operations Thread 2" [_thread_blocked, id=23756, stack(0x0000009475b00000,0x0000009475c00000)]
  0x000001b948ed2000 JavaThread "Unconstrained build operations Thread 3" [_thread_blocked, id=34072, stack(0x0000009475c00000,0x0000009475d00000)]
  0x000001b948ecf000 JavaThread "Unconstrained build operations Thread 4" [_thread_blocked, id=26844, stack(0x0000009475d00000,0x0000009475e00000)]
  0x000001b948ed9000 JavaThread "Unconstrained build operations Thread 5" [_thread_blocked, id=30020, stack(0x0000009475e00000,0x0000009475f00000)]
  0x000001b948ed6800 JavaThread "Unconstrained build operations Thread 6" [_thread_blocked, id=21624, stack(0x0000009475f00000,0x0000009476000000)]
  0x000001b948ed3000 JavaThread "Unconstrained build operations Thread 7" [_thread_blocked, id=34360, stack(0x0000009476100000,0x0000009476200000)]
  0x000001b948ed5800 JavaThread "Unconstrained build operations Thread 8" [_thread_blocked, id=12460, stack(0x0000009476200000,0x0000009476300000)]
  0x000001b948ed9800 JavaThread "Unconstrained build operations Thread 9" [_thread_blocked, id=23888, stack(0x0000009476300000,0x0000009476400000)]
  0x000001b948ed7000 JavaThread "Unconstrained build operations Thread 10" [_thread_blocked, id=37228, stack(0x0000009476400000,0x0000009476500000)]
  0x000001b948ed8000 JavaThread "Unconstrained build operations Thread 11" [_thread_blocked, id=30048, stack(0x0000009476500000,0x0000009476600000)]
  0x000001b948ed4000 JavaThread "Unconstrained build operations Thread 12" [_thread_blocked, id=39736, stack(0x0000009476600000,0x0000009476700000)]
  0x000001b948ed4800 JavaThread "Unconstrained build operations Thread 13" [_thread_blocked, id=20748, stack(0x0000009476700000,0x0000009476800000)]
  0x000001b94cec6800 JavaThread "Unconstrained build operations Thread 14" [_thread_blocked, id=38612, stack(0x0000009476800000,0x0000009476900000)]
  0x000001b94cec2800 JavaThread "Unconstrained build operations Thread 15" [_thread_blocked, id=39260, stack(0x0000009476900000,0x0000009476a00000)]
  0x000001b94cec3000 JavaThread "Unconstrained build operations Thread 16" [_thread_blocked, id=36928, stack(0x0000009476a00000,0x0000009476b00000)]
  0x000001b94cec1000 JavaThread "Unconstrained build operations Thread 17" [_thread_blocked, id=22864, stack(0x0000009476b00000,0x0000009476c00000)]
  0x000001b94cec1800 JavaThread "Unconstrained build operations Thread 18" [_thread_blocked, id=35728, stack(0x0000009476c00000,0x0000009476d00000)]
  0x000001b94cec4000 JavaThread "Unconstrained build operations Thread 19" [_thread_blocked, id=25712, stack(0x0000009476d00000,0x0000009476e00000)]
  0x000001b94cec7800 JavaThread "Unconstrained build operations Thread 20" [_thread_blocked, id=37040, stack(0x0000009476e00000,0x0000009476f00000)]
  0x000001b94cec5000 JavaThread "Memory manager" [_thread_blocked, id=21484, stack(0x0000009477000000,0x0000009477100000)]
  0x000001b94cec5800 JavaThread "included builds" [_thread_blocked, id=35828, stack(0x0000009476f00000,0x0000009477000000)]
  0x000001b954166000 JavaThread "Cache worker for execution history cache (D:\JPA_VDI\vdi01_2\.gradle\7.4.1\executionHistory)" [_thread_blocked, id=1804, stack(0x0000009478200000,0x0000009478300000)]
  0x000001b954164800 JavaThread "idea-tooling-model-converter" [_thread_blocked, id=24968, stack(0x0000009477100000,0x0000009477200000)]
  0x000001b954160000 JavaThread "Unconstrained build operations Thread 21" [_thread_blocked, id=21760, stack(0x0000009477a00000,0x0000009477b00000)]
  0x000001b954162800 JavaThread "Unconstrained build operations Thread 22" [_thread_blocked, id=16980, stack(0x0000009477b00000,0x0000009477c00000)]
  0x000001b954163800 JavaThread "Unconstrained build operations Thread 23" [_thread_blocked, id=23108, stack(0x0000009477c00000,0x0000009477d00000)]
  0x000001b95415f800 JavaThread "Unconstrained build operations Thread 24" [_thread_blocked, id=26636, stack(0x0000009477d00000,0x0000009477e00000)]
  0x000001b954162000 JavaThread "Unconstrained build operations Thread 25" [_thread_blocked, id=39652, stack(0x0000009477e00000,0x0000009477f00000)]
  0x000001b954166800 JavaThread "Unconstrained build operations Thread 26" [_thread_blocked, id=2368, stack(0x0000009477f00000,0x0000009478000000)]
  0x000001b954161000 JavaThread "Unconstrained build operations Thread 27" [_thread_blocked, id=34096, stack(0x0000009478000000,0x0000009478100000)]
  0x000001b95416c800 JavaThread "Unconstrained build operations Thread 28" [_thread_blocked, id=36944, stack(0x0000009478100000,0x0000009478200000)]
  0x000001b95416a000 JavaThread "Unconstrained build operations Thread 29" [_thread_blocked, id=10288, stack(0x0000009478300000,0x0000009478400000)]
  0x000001b954167800 JavaThread "Unconstrained build operations Thread 30" [_thread_blocked, id=35680, stack(0x0000009478400000,0x0000009478500000)]
  0x000001b95416e000 JavaThread "Unconstrained build operations Thread 31" [_thread_blocked, id=31856, stack(0x0000009478500000,0x0000009478600000)]
  0x000001b95416b000 JavaThread "Unconstrained build operations Thread 32" [_thread_blocked, id=18920, stack(0x0000009478600000,0x0000009478700000)]
  0x000001b954168800 JavaThread "Unconstrained build operations Thread 33" [_thread_blocked, id=28260, stack(0x0000009478700000,0x0000009478800000)]
  0x000001b954169000 JavaThread "Unconstrained build operations Thread 34" [_thread_blocked, id=12920, stack(0x0000009478800000,0x0000009478900000)]
  0x000001b95416d800 JavaThread "Unconstrained build operations Thread 35" [_thread_blocked, id=39224, stack(0x0000009478900000,0x0000009478a00000)]
  0x000001b95416b800 JavaThread "Unconstrained build operations Thread 36" [_thread_blocked, id=32804, stack(0x0000009478a00000,0x0000009478b00000)]
  0x000001b952af7000 JavaThread "Unconstrained build operations Thread 37" [_thread_blocked, id=36972, stack(0x0000009478b00000,0x0000009478c00000)]
  0x000001b952afb800 JavaThread "Unconstrained build operations Thread 38" [_thread_blocked, id=26236, stack(0x0000009478c00000,0x0000009478d00000)]
  0x000001b952afc000 JavaThread "Unconstrained build operations Thread 39" [_thread_blocked, id=30980, stack(0x0000009477900000,0x0000009477a00000)]
  0x000001b952af6800 JavaThread "Unconstrained build operations Thread 40" [_thread_blocked, id=18136, stack(0x0000009478d00000,0x0000009478e00000)]
  0x000001b952afe000 JavaThread "Unconstrained build operations Thread 41" [_thread_blocked, id=1768, stack(0x0000009478e00000,0x0000009478f00000)]
  0x000001b952afa800 JavaThread "Unconstrained build operations Thread 42" [_thread_blocked, id=29732, stack(0x0000009478f00000,0x0000009479000000)]
  0x000001b952af9000 JavaThread "Unconstrained build operations Thread 43" [_thread_blocked, id=32408, stack(0x0000009479000000,0x0000009479100000)]
  0x000001b952af8000 JavaThread "Unconstrained build operations Thread 44" [_thread_blocked, id=24012, stack(0x0000009479100000,0x0000009479200000)]
  0x000001b952afd000 JavaThread "Unconstrained build operations Thread 45" [_thread_blocked, id=15704, stack(0x0000009479200000,0x0000009479300000)]
  0x000001b952afe800 JavaThread "Unconstrained build operations Thread 46" [_thread_blocked, id=33700, stack(0x0000009479300000,0x0000009479400000)]
  0x000001b952aff800 JavaThread "Unconstrained build operations Thread 47" [_thread_blocked, id=27212, stack(0x0000009479400000,0x0000009479500000)]
  0x000001b952af9800 JavaThread "Unconstrained build operations Thread 48" [_thread_blocked, id=22640, stack(0x0000009479500000,0x0000009479600000)]
  0x000001b952b05000 JavaThread "Unconstrained build operations Thread 49" [_thread_blocked, id=332, stack(0x0000009479600000,0x0000009479700000)]
  0x000001b952b02800 JavaThread "Unconstrained build operations Thread 50" [_thread_blocked, id=35096, stack(0x0000009479700000,0x0000009479800000)]
  0x000001b952b02000 JavaThread "Unconstrained build operations Thread 51" [_thread_blocked, id=28744, stack(0x0000009479800000,0x0000009479900000)]
  0x000001b952b00000 JavaThread "Unconstrained build operations Thread 52" [_thread_blocked, id=16820, stack(0x0000009477700000,0x0000009477800000)]
  0x000001b952b03800 JavaThread "Unconstrained build operations Thread 53" [_thread_blocked, id=21204, stack(0x0000009477800000,0x0000009477900000)]
  0x000001b952b04800 JavaThread "Unconstrained build operations Thread 54" [_thread_blocked, id=22008, stack(0x0000009479900000,0x0000009479a00000)]
  0x000001b952b01000 JavaThread "Unconstrained build operations Thread 55" [_thread_blocked, id=19780, stack(0x0000009479a00000,0x0000009479b00000)]
  0x000001b94cd87800 JavaThread "Unconstrained build operations Thread 56" [_thread_blocked, id=12728, stack(0x0000009479b00000,0x0000009479c00000)]
  0x000001b94cd8e000 JavaThread "Unconstrained build operations Thread 57" [_thread_blocked, id=38656, stack(0x0000009479c00000,0x0000009479d00000)]
  0x000001b94cd89000 JavaThread "Unconstrained build operations Thread 58" [_thread_blocked, id=3636, stack(0x0000009479d00000,0x0000009479e00000)]
  0x000001b94b886800 JavaThread "C2 CompilerThread1" daemon [_thread_blocked, id=24964, stack(0x0000009473f00000,0x0000009474000000)]
=>0x000001b94b884000 JavaThread "C2 CompilerThread2" daemon [_thread_in_native, id=5912, stack(0x0000009477400000,0x0000009477500000)]
  0x000001b94b885000 JavaThread "C2 CompilerThread3" daemon [_thread_blocked, id=27756, stack(0x0000009477500000,0x0000009477600000)]

Other Threads:
  0x000001b945614800 VMThread "VM Thread" [stack: 0x0000009471600000,0x0000009471700000] [id=29880]
  0x000001b946079800 WatcherThread [stack: 0x0000009472200000,0x0000009472300000] [id=29444]
  0x000001b929345800 GCTaskThread "GC Thread#0" [stack: 0x0000009471100000,0x0000009471200000] [id=23324]
  0x000001b946c5d800 GCTaskThread "GC Thread#1" [stack: 0x0000009472500000,0x0000009472600000] [id=18772]
  0x000001b9463df000 GCTaskThread "GC Thread#2" [stack: 0x0000009472600000,0x0000009472700000] [id=21500]
  0x000001b946aea800 GCTaskThread "GC Thread#3" [stack: 0x0000009472700000,0x0000009472800000] [id=39696]
  0x000001b94746e800 GCTaskThread "GC Thread#4" [stack: 0x0000009472800000,0x0000009472900000] [id=32508]
  0x000001b94746f800 GCTaskThread "GC Thread#5" [stack: 0x0000009472900000,0x0000009472a00000] [id=20772]
  0x000001b9477dd000 GCTaskThread "GC Thread#6" [stack: 0x0000009473400000,0x0000009473500000] [id=26456]
  0x000001b948998800 GCTaskThread "GC Thread#7" [stack: 0x0000009473500000,0x0000009473600000] [id=12056]
  0x000001b948a34000 GCTaskThread "GC Thread#8" [stack: 0x0000009473600000,0x0000009473700000] [id=12712]
  0x000001b948a5a000 GCTaskThread "GC Thread#9" [stack: 0x0000009473700000,0x0000009473800000] [id=34196]
  0x000001b948a47000 GCTaskThread "GC Thread#10" [stack: 0x0000009473800000,0x0000009473900000] [id=12228]
  0x000001b947e55000 GCTaskThread "GC Thread#11" [stack: 0x0000009473900000,0x0000009473a00000] [id=21840]
  0x000001b9488dc800 GCTaskThread "GC Thread#12" [stack: 0x0000009473a00000,0x0000009473b00000] [id=34464]
  0x000001b92935b000 ConcurrentGCThread "G1 Main Marker" [stack: 0x0000009471200000,0x0000009471300000] [id=25072]
  0x000001b92935c800 ConcurrentGCThread "G1 Conc#0" [stack: 0x0000009471300000,0x0000009471400000] [id=7116]
  0x000001b9476c7000 ConcurrentGCThread "G1 Conc#1" [stack: 0x0000009473b00000,0x0000009473c00000] [id=37956]
  0x000001b946cc5800 ConcurrentGCThread "G1 Conc#2" [stack: 0x0000009473c00000,0x0000009473d00000] [id=23748]
  0x000001b9454b2800 ConcurrentGCThread "G1 Refine#0" [stack: 0x0000009471400000,0x0000009471500000] [id=20672]
  0x000001b94f820800 ConcurrentGCThread "G1 Refine#1" [stack: 0x0000009477200000,0x0000009477300000] [id=3700]
  0x000001b951b2d000 ConcurrentGCThread "G1 Refine#2" [stack: 0x0000009477300000,0x0000009477400000] [id=30316]
  0x000001b9454b3800 ConcurrentGCThread "G1 Young RemSet Sampling" [stack: 0x0000009471500000,0x0000009471600000] [id=16704]

Threads with active compile tasks:
C2 CompilerThread0    19448 9930       4       org.gradle.api.internal.artifacts.ivyservice.ivyresolve.parser.PomReader::replaceProps (18 bytes)
C2 CompilerThread2    19448 9998       4       org.gradle.api.internal.artifacts.ModuleComponentSelectorSerializer::read (50 bytes)

VM state:not at safepoint (normal execution)

VM Mutex/Monitor currently owned by a thread: None

Heap address: 0x00000000e0000000, size: 512 MB, Compressed Oops mode: 32-bit
Narrow klass base: 0x0000000000000000, Narrow klass shift: 3
Compressed class space size: 260046848 Address: 0x0000000100000000

Heap:
 garbage-first heap   total 262144K, used 205804K [0x00000000e0000000, 0x0000000100000000)
  region size 1024K, 54 young (55296K), 8 survivors (8192K)
 Metaspace       used 81055K, capacity 83634K, committed 83760K, reserved 327680K
  class space    used 10329K, capacity 11317K, committed 11392K, reserved 253952K
Heap Regions: E=young(eden), S=young(survivor), O=old, HS=humongous(starts), HC=humongous(continues), CS=collection set, F=free, A=archive, TAMS=top-at-mark-start (previous, next)
|   0|0x00000000e0000000, 0x00000000e0100000, 0x00000000e0100000|100%| O|  |TAMS 0x00000000e0100000, 0x00000000e0000000| Untracked 
|   1|0x00000000e0100000, 0x00000000e0200000, 0x00000000e0200000|100%| O|  |TAMS 0x00000000e0200000, 0x00000000e0100000| Untracked 
|   2|0x00000000e0200000, 0x00000000e0300000, 0x00000000e0300000|100%| O|  |TAMS 0x00000000e0300000, 0x00000000e0200000| Untracked 
|   3|0x00000000e0300000, 0x00000000e0400000, 0x00000000e0400000|100%|HS|  |TAMS 0x00000000e0400000, 0x00000000e0300000| Complete 
|   4|0x00000000e0400000, 0x00000000e0500000, 0x00000000e0500000|100%|HC|  |TAMS 0x00000000e0500000, 0x00000000e0400000| Complete 
|   5|0x00000000e0500000, 0x00000000e0600000, 0x00000000e0600000|100%|HC|  |TAMS 0x00000000e0600000, 0x00000000e0500000| Complete 
|   6|0x00000000e0600000, 0x00000000e0700000, 0x00000000e0700000|100%| O|  |TAMS 0x00000000e0700000, 0x00000000e0600000| Untracked 
|   7|0x00000000e0700000, 0x00000000e0800000, 0x00000000e0800000|100%| O|  |TAMS 0x00000000e0800000, 0x00000000e0700000| Untracked 
|   8|0x00000000e0800000, 0x00000000e0900000, 0x00000000e0900000|100%| O|  |TAMS 0x00000000e0900000, 0x00000000e0800000| Untracked 
|   9|0x00000000e0900000, 0x00000000e0a00000, 0x00000000e0a00000|100%| O|  |TAMS 0x00000000e0a00000, 0x00000000e0900000| Untracked 
|  10|0x00000000e0a00000, 0x00000000e0b00000, 0x00000000e0b00000|100%| O|  |TAMS 0x00000000e0b00000, 0x00000000e0a00000| Untracked 
|  11|0x00000000e0b00000, 0x00000000e0c00000, 0x00000000e0c00000|100%| O|  |TAMS 0x00000000e0c00000, 0x00000000e0b00000| Untracked 
|  12|0x00000000e0c00000, 0x00000000e0d00000, 0x00000000e0d00000|100%| O|  |TAMS 0x00000000e0d00000, 0x00000000e0c00000| Untracked 
|  13|0x00000000e0d00000, 0x00000000e0e00000, 0x00000000e0e00000|100%| O|  |TAMS 0x00000000e0e00000, 0x00000000e0d00000| Untracked 
|  14|0x00000000e0e00000, 0x00000000e0f00000, 0x00000000e0f00000|100%| O|  |TAMS 0x00000000e0f00000, 0x00000000e0e00000| Untracked 
|  15|0x00000000e0f00000, 0x00000000e1000000, 0x00000000e1000000|100%| O|  |TAMS 0x00000000e1000000, 0x00000000e0f00000| Untracked 
|  16|0x00000000e1000000, 0x00000000e1100000, 0x00000000e1100000|100%| O|  |TAMS 0x00000000e1100000, 0x00000000e1000000| Untracked 
|  17|0x00000000e1100000, 0x00000000e1200000, 0x00000000e1200000|100%|HS|  |TAMS 0x00000000e1200000, 0x00000000e1100000| Complete 
|  18|0x00000000e1200000, 0x00000000e1300000, 0x00000000e1300000|100%|HC|  |TAMS 0x00000000e1300000, 0x00000000e1200000| Complete 
|  19|0x00000000e1300000, 0x00000000e1400000, 0x00000000e1400000|100%|HS|  |TAMS 0x00000000e1400000, 0x00000000e1300000| Complete 
|  20|0x00000000e1400000, 0x00000000e1500000, 0x00000000e1500000|100%|HC|  |TAMS 0x00000000e1500000, 0x00000000e1400000| Complete 
|  21|0x00000000e1500000, 0x00000000e1600000, 0x00000000e1600000|100%|HC|  |TAMS 0x00000000e1600000, 0x00000000e1500000| Complete 
|  22|0x00000000e1600000, 0x00000000e1700000, 0x00000000e1700000|100%|HS|  |TAMS 0x00000000e1700000, 0x00000000e1600000| Complete 
|  23|0x00000000e1700000, 0x00000000e1800000, 0x00000000e1800000|100%|HC|  |TAMS 0x00000000e1800000, 0x00000000e1700000| Complete 
|  24|0x00000000e1800000, 0x00000000e1900000, 0x00000000e1900000|100%|HC|  |TAMS 0x00000000e1900000, 0x00000000e1800000| Complete 
|  25|0x00000000e1900000, 0x00000000e1a00000, 0x00000000e1a00000|100%|HS|  |TAMS 0x00000000e1a00000, 0x00000000e1900000| Complete 
|  26|0x00000000e1a00000, 0x00000000e1b00000, 0x00000000e1b00000|100%|HC|  |TAMS 0x00000000e1b00000, 0x00000000e1a00000| Complete 
|  27|0x00000000e1b00000, 0x00000000e1c00000, 0x00000000e1c00000|100%|HS|  |TAMS 0x00000000e1c00000, 0x00000000e1b00000| Complete 
|  28|0x00000000e1c00000, 0x00000000e1d00000, 0x00000000e1d00000|100%|HC|  |TAMS 0x00000000e1d00000, 0x00000000e1c00000| Complete 
|  29|0x00000000e1d00000, 0x00000000e1e00000, 0x00000000e1e00000|100%|HC|  |TAMS 0x00000000e1e00000, 0x00000000e1d00000| Complete 
|  30|0x00000000e1e00000, 0x00000000e1f00000, 0x00000000e1f00000|100%|HC|  |TAMS 0x00000000e1f00000, 0x00000000e1e00000| Complete 
|  31|0x00000000e1f00000, 0x00000000e2000000, 0x00000000e2000000|100%|HC|  |TAMS 0x00000000e2000000, 0x00000000e1f00000| Complete 
|  32|0x00000000e2000000, 0x00000000e2100000, 0x00000000e2100000|100%|HC|  |TAMS 0x00000000e2100000, 0x00000000e2000000| Complete 
|  33|0x00000000e2100000, 0x00000000e2200000, 0x00000000e2200000|100%|HC|  |TAMS 0x00000000e2200000, 0x00000000e2100000| Complete 
|  34|0x00000000e2200000, 0x00000000e2300000, 0x00000000e2300000|100%|HS|  |TAMS 0x00000000e2300000, 0x00000000e2200000| Complete 
|  35|0x00000000e2300000, 0x00000000e2400000, 0x00000000e2400000|100%|HS|  |TAMS 0x00000000e2400000, 0x00000000e2300000| Complete 
|  36|0x00000000e2400000, 0x00000000e2500000, 0x00000000e2500000|100%|HS|  |TAMS 0x00000000e2500000, 0x00000000e2400000| Complete 
|  37|0x00000000e2500000, 0x00000000e2600000, 0x00000000e2600000|100%|HC|  |TAMS 0x00000000e2600000, 0x00000000e2500000| Complete 
|  38|0x00000000e2600000, 0x00000000e2700000, 0x00000000e2700000|100%|HC|  |TAMS 0x00000000e2700000, 0x00000000e2600000| Complete 
|  39|0x00000000e2700000, 0x00000000e2800000, 0x00000000e2800000|100%|HC|  |TAMS 0x00000000e2800000, 0x00000000e2700000| Complete 
|  40|0x00000000e2800000, 0x00000000e2900000, 0x00000000e2900000|100%|HC|  |TAMS 0x00000000e2900000, 0x00000000e2800000| Complete 
|  41|0x00000000e2900000, 0x00000000e2a00000, 0x00000000e2a00000|100%|HC|  |TAMS 0x00000000e2a00000, 0x00000000e2900000| Complete 
|  42|0x00000000e2a00000, 0x00000000e2b00000, 0x00000000e2b00000|100%|HC|  |TAMS 0x00000000e2b00000, 0x00000000e2a00000| Complete 
|  43|0x00000000e2b00000, 0x00000000e2c00000, 0x00000000e2c00000|100%|HC|  |TAMS 0x00000000e2c00000, 0x00000000e2b00000| Complete 
|  44|0x00000000e2c00000, 0x00000000e2d00000, 0x00000000e2d00000|100%|HC|  |TAMS 0x00000000e2d00000, 0x00000000e2c00000| Complete 
|  45|0x00000000e2d00000, 0x00000000e2e00000, 0x00000000e2e00000|100%|HC|  |TAMS 0x00000000e2e00000, 0x00000000e2d00000| Complete 
|  46|0x00000000e2e00000, 0x00000000e2f00000, 0x00000000e2f00000|100%|HC|  |TAMS 0x00000000e2f00000, 0x00000000e2e00000| Complete 
|  47|0x00000000e2f00000, 0x00000000e3000000, 0x00000000e3000000|100%|HS|  |TAMS 0x00000000e3000000, 0x00000000e2f00000| Complete 
|  48|0x00000000e3000000, 0x00000000e3100000, 0x00000000e3100000|100%|HC|  |TAMS 0x00000000e3100000, 0x00000000e3000000| Complete 
|  49|0x00000000e3100000, 0x00000000e3200000, 0x00000000e3200000|100%| O|  |TAMS 0x00000000e3200000, 0x00000000e3100000| Untracked 
|  50|0x00000000e3200000, 0x00000000e3300000, 0x00000000e3300000|100%|HS|  |TAMS 0x00000000e3300000, 0x00000000e3200000| Complete 
|  51|0x00000000e3300000, 0x00000000e3400000, 0x00000000e3400000|100%| O|  |TAMS 0x00000000e3400000, 0x00000000e3300000| Untracked 
|  52|0x00000000e3400000, 0x00000000e3500000, 0x00000000e3500000|100%|HS|  |TAMS 0x00000000e3500000, 0x00000000e3400000| Complete 
|  53|0x00000000e3500000, 0x00000000e3600000, 0x00000000e3600000|100%|HC|  |TAMS 0x00000000e3600000, 0x00000000e3500000| Complete 
|  54|0x00000000e3600000, 0x00000000e3700000, 0x00000000e3700000|100%|HC|  |TAMS 0x00000000e3700000, 0x00000000e3600000| Complete 
|  55|0x00000000e3700000, 0x00000000e3800000, 0x00000000e3800000|100%|HS|  |TAMS 0x00000000e3800000, 0x00000000e3700000| Complete 
|  56|0x00000000e3800000, 0x00000000e3900000, 0x00000000e3900000|100%|HC|  |TAMS 0x00000000e3900000, 0x00000000e3800000| Complete 
|  57|0x00000000e3900000, 0x00000000e3a00000, 0x00000000e3a00000|100%|HC|  |TAMS 0x00000000e3a00000, 0x00000000e3900000| Complete 
|  58|0x00000000e3a00000, 0x00000000e3b00000, 0x00000000e3b00000|100%|HS|  |TAMS 0x00000000e3b00000, 0x00000000e3a00000| Complete 
|  59|0x00000000e3b00000, 0x00000000e3c00000, 0x00000000e3c00000|100%|HC|  |TAMS 0x00000000e3c00000, 0x00000000e3b00000| Complete 
|  60|0x00000000e3c00000, 0x00000000e3d00000, 0x00000000e3d00000|100%|HS|  |TAMS 0x00000000e3d00000, 0x00000000e3c00000| Complete 
|  61|0x00000000e3d00000, 0x00000000e3e00000, 0x00000000e3e00000|100%|HC|  |TAMS 0x00000000e3e00000, 0x00000000e3d00000| Complete 
|  62|0x00000000e3e00000, 0x00000000e3f00000, 0x00000000e3f00000|100%|HC|  |TAMS 0x00000000e3f00000, 0x00000000e3e00000| Complete 
|  63|0x00000000e3f00000, 0x00000000e4000000, 0x00000000e4000000|100%|HC|  |TAMS 0x00000000e4000000, 0x00000000e3f00000| Complete 
|  64|0x00000000e4000000, 0x00000000e4100000, 0x00000000e4100000|100%|HC|  |TAMS 0x00000000e4100000, 0x00000000e4000000| Complete 
|  65|0x00000000e4100000, 0x00000000e4200000, 0x00000000e4200000|100%|HC|  |TAMS 0x00000000e4200000, 0x00000000e4100000| Complete 
|  66|0x00000000e4200000, 0x00000000e4300000, 0x00000000e4300000|100%|HC|  |TAMS 0x00000000e4300000, 0x00000000e4200000| Complete 
|  67|0x00000000e4300000, 0x00000000e4400000, 0x00000000e4400000|100%|HC|  |TAMS 0x00000000e4400000, 0x00000000e4300000| Complete 
|  68|0x00000000e4400000, 0x00000000e4500000, 0x00000000e4500000|100%|HC|  |TAMS 0x00000000e4500000, 0x00000000e4400000| Complete 
|  69|0x00000000e4500000, 0x00000000e4600000, 0x00000000e4600000|100%|HC|  |TAMS 0x00000000e4600000, 0x00000000e4500000| Complete 
|  70|0x00000000e4600000, 0x00000000e4700000, 0x00000000e4700000|100%|HC|  |TAMS 0x00000000e4700000, 0x00000000e4600000| Complete 
|  71|0x00000000e4700000, 0x00000000e4800000, 0x00000000e4800000|100%|HS|  |TAMS 0x00000000e4800000, 0x00000000e4700000| Complete 
|  72|0x00000000e4800000, 0x00000000e4900000, 0x00000000e4900000|100%|HC|  |TAMS 0x00000000e4900000, 0x00000000e4800000| Complete 
|  73|0x00000000e4900000, 0x00000000e4a00000, 0x00000000e4a00000|100%| O|  |TAMS 0x00000000e4a00000, 0x00000000e4900000| Untracked 
|  74|0x00000000e4a00000, 0x00000000e4b00000, 0x00000000e4b00000|100%| O|  |TAMS 0x00000000e4b00000, 0x00000000e4a00000| Untracked 
|  75|0x00000000e4b00000, 0x00000000e4c00000, 0x00000000e4c00000|100%|HS|  |TAMS 0x00000000e4c00000, 0x00000000e4b00000| Complete 
|  76|0x00000000e4c00000, 0x00000000e4d00000, 0x00000000e4d00000|100%|HC|  |TAMS 0x00000000e4d00000, 0x00000000e4c00000| Complete 
|  77|0x00000000e4d00000, 0x00000000e4e00000, 0x00000000e4e00000|100%|HC|  |TAMS 0x00000000e4e00000, 0x00000000e4d00000| Complete 
|  78|0x00000000e4e00000, 0x00000000e4f00000, 0x00000000e4f00000|100%|HC|  |TAMS 0x00000000e4f00000, 0x00000000e4e00000| Complete 
|  79|0x00000000e4f00000, 0x00000000e5000000, 0x00000000e5000000|100%|HC|  |TAMS 0x00000000e5000000, 0x00000000e4f00000| Complete 
|  80|0x00000000e5000000, 0x00000000e5100000, 0x00000000e5100000|100%|HC|  |TAMS 0x00000000e5100000, 0x00000000e5000000| Complete 
|  81|0x00000000e5100000, 0x00000000e5200000, 0x00000000e5200000|100%|HC|  |TAMS 0x00000000e5200000, 0x00000000e5100000| Complete 
|  82|0x00000000e5200000, 0x00000000e5300000, 0x00000000e5300000|100%|HC|  |TAMS 0x00000000e5300000, 0x00000000e5200000| Complete 
|  83|0x00000000e5300000, 0x00000000e5400000, 0x00000000e5400000|100%| O|  |TAMS 0x00000000e5400000, 0x00000000e5300000| Untracked 
|  84|0x00000000e5400000, 0x00000000e5500000, 0x00000000e5500000|100%| O|  |TAMS 0x00000000e5500000, 0x00000000e5400000| Untracked 
|  85|0x00000000e5500000, 0x00000000e5600000, 0x00000000e5600000|100%| O|  |TAMS 0x00000000e5600000, 0x00000000e5500000| Untracked 
|  86|0x00000000e5600000, 0x00000000e5700000, 0x00000000e5700000|100%| O|  |TAMS 0x00000000e5700000, 0x00000000e5600000| Untracked 
|  87|0x00000000e5700000, 0x00000000e5800000, 0x00000000e5800000|100%| O|  |TAMS 0x00000000e5800000, 0x00000000e5700000| Untracked 
|  88|0x00000000e5800000, 0x00000000e5900000, 0x00000000e5900000|100%| O|  |TAMS 0x00000000e5900000, 0x00000000e5800000| Untracked 
|  89|0x00000000e5900000, 0x00000000e5a00000, 0x00000000e5a00000|100%| O|  |TAMS 0x00000000e5a00000, 0x00000000e5900000| Untracked 
|  90|0x00000000e5a00000, 0x00000000e5b00000, 0x00000000e5b00000|100%| O|  |TAMS 0x00000000e5b00000, 0x00000000e5a00000| Untracked 
|  91|0x00000000e5b00000, 0x00000000e5c00000, 0x00000000e5c00000|100%| O|  |TAMS 0x00000000e5c00000, 0x00000000e5b00000| Untracked 
|  92|0x00000000e5c00000, 0x00000000e5d00000, 0x00000000e5d00000|100%| O|  |TAMS 0x00000000e5d00000, 0x00000000e5c00000| Untracked 
|  93|0x00000000e5d00000, 0x00000000e5e00000, 0x00000000e5e00000|100%| O|  |TAMS 0x00000000e5e00000, 0x00000000e5d00000| Untracked 
|  94|0x00000000e5e00000, 0x00000000e5f00000, 0x00000000e5f00000|100%| O|  |TAMS 0x00000000e5f00000, 0x00000000e5e00000| Untracked 
|  95|0x00000000e5f00000, 0x00000000e6000000, 0x00000000e6000000|100%| O|  |TAMS 0x00000000e6000000, 0x00000000e5f00000| Untracked 
|  96|0x00000000e6000000, 0x00000000e6100000, 0x00000000e6100000|100%| O|  |TAMS 0x00000000e6100000, 0x00000000e6000000| Untracked 
|  97|0x00000000e6100000, 0x00000000e6200000, 0x00000000e6200000|100%|HS|  |TAMS 0x00000000e6200000, 0x00000000e6100000| Complete 
|  98|0x00000000e6200000, 0x00000000e6300000, 0x00000000e6300000|100%|HC|  |TAMS 0x00000000e6300000, 0x00000000e6200000| Complete 
|  99|0x00000000e6300000, 0x00000000e6400000, 0x00000000e6400000|100%|HS|  |TAMS 0x00000000e6400000, 0x00000000e6300000| Complete 
| 100|0x00000000e6400000, 0x00000000e6500000, 0x00000000e6500000|100%|HC|  |TAMS 0x00000000e6500000, 0x00000000e6400000| Complete 
| 101|0x00000000e6500000, 0x00000000e6600000, 0x00000000e6600000|100%|HC|  |TAMS 0x00000000e6600000, 0x00000000e6500000| Complete 
| 102|0x00000000e6600000, 0x00000000e6700000, 0x00000000e6700000|100%|HS|  |TAMS 0x00000000e6700000, 0x00000000e6600000| Complete 
| 103|0x00000000e6700000, 0x00000000e6800000, 0x00000000e6800000|100%|HC|  |TAMS 0x00000000e6800000, 0x00000000e6700000| Complete 
| 104|0x00000000e6800000, 0x00000000e6900000, 0x00000000e6900000|100%|HC|  |TAMS 0x00000000e6900000, 0x00000000e6800000| Complete 
| 105|0x00000000e6900000, 0x00000000e6a00000, 0x00000000e6a00000|100%|HS|  |TAMS 0x00000000e6a00000, 0x00000000e6900000| Complete 
| 106|0x00000000e6a00000, 0x00000000e6b00000, 0x00000000e6b00000|100%|HC|  |TAMS 0x00000000e6b00000, 0x00000000e6a00000| Complete 
| 107|0x00000000e6b00000, 0x00000000e6c00000, 0x00000000e6c00000|100%|HS|  |TAMS 0x00000000e6c00000, 0x00000000e6b00000| Complete 
| 108|0x00000000e6c00000, 0x00000000e6d00000, 0x00000000e6d00000|100%|HC|  |TAMS 0x00000000e6d00000, 0x00000000e6c00000| Complete 
| 109|0x00000000e6d00000, 0x00000000e6e00000, 0x00000000e6e00000|100%|HC|  |TAMS 0x00000000e6e00000, 0x00000000e6d00000| Complete 
| 110|0x00000000e6e00000, 0x00000000e6f00000, 0x00000000e6f00000|100%|HC|  |TAMS 0x00000000e6f00000, 0x00000000e6e00000| Complete 
| 111|0x00000000e6f00000, 0x00000000e7000000, 0x00000000e7000000|100%|HC|  |TAMS 0x00000000e7000000, 0x00000000e6f00000| Complete 
| 112|0x00000000e7000000, 0x00000000e7100000, 0x00000000e7100000|100%|HC|  |TAMS 0x00000000e7100000, 0x00000000e7000000| Complete 
| 113|0x00000000e7100000, 0x00000000e7200000, 0x00000000e7200000|100%|HC|  |TAMS 0x00000000e7200000, 0x00000000e7100000| Complete 
| 114|0x00000000e7200000, 0x00000000e7300000, 0x00000000e7300000|100%|HS|  |TAMS 0x00000000e7300000, 0x00000000e7200000| Complete 
| 115|0x00000000e7300000, 0x00000000e7400000, 0x00000000e7400000|100%| O|  |TAMS 0x00000000e7400000, 0x00000000e7300000| Untracked 
| 116|0x00000000e7400000, 0x00000000e7500000, 0x00000000e7500000|100%| O|  |TAMS 0x00000000e7500000, 0x00000000e7400000| Untracked 
| 117|0x00000000e7500000, 0x00000000e7600000, 0x00000000e7600000|100%| O|  |TAMS 0x00000000e7600000, 0x00000000e7500000| Untracked 
| 118|0x00000000e7600000, 0x00000000e7700000, 0x00000000e7700000|100%| O|  |TAMS 0x00000000e7700000, 0x00000000e7600000| Untracked 
| 119|0x00000000e7700000, 0x00000000e7800000, 0x00000000e7800000|100%| O|  |TAMS 0x00000000e7800000, 0x00000000e7700000| Untracked 
| 120|0x00000000e7800000, 0x00000000e7900000, 0x00000000e7900000|100%| O|  |TAMS 0x00000000e7900000, 0x00000000e7800000| Untracked 
| 121|0x00000000e7900000, 0x00000000e7a00000, 0x00000000e7a00000|100%| O|  |TAMS 0x00000000e7a00000, 0x00000000e7900000| Untracked 
| 122|0x00000000e7a00000, 0x00000000e7b00000, 0x00000000e7b00000|100%| O|  |TAMS 0x00000000e7b00000, 0x00000000e7a00000| Untracked 
| 123|0x00000000e7b00000, 0x00000000e7c00000, 0x00000000e7c00000|100%| O|  |TAMS 0x00000000e7c00000, 0x00000000e7b00000| Untracked 
| 124|0x00000000e7c00000, 0x00000000e7d00000, 0x00000000e7d00000|100%| O|  |TAMS 0x00000000e7d00000, 0x00000000e7c00000| Untracked 
| 125|0x00000000e7d00000, 0x00000000e7e00000, 0x00000000e7e00000|100%| O|  |TAMS 0x00000000e7e00000, 0x00000000e7d00000| Untracked 
| 126|0x00000000e7e00000, 0x00000000e7f00000, 0x00000000e7f00000|100%| O|  |TAMS 0x00000000e7f00000, 0x00000000e7e00000| Untracked 
| 127|0x00000000e7f00000, 0x00000000e8000000, 0x00000000e8000000|100%| O|  |TAMS 0x00000000e8000000, 0x00000000e7f00000| Untracked 
| 128|0x00000000e8000000, 0x00000000e8100000, 0x00000000e8100000|100%| O|  |TAMS 0x00000000e8100000, 0x00000000e8000000| Untracked 
| 129|0x00000000e8100000, 0x00000000e8200000, 0x00000000e8200000|100%|HS|  |TAMS 0x00000000e8200000, 0x00000000e8100000| Complete 
| 130|0x00000000e8200000, 0x00000000e8300000, 0x00000000e8300000|100%|HS|  |TAMS 0x00000000e8300000, 0x00000000e8200000| Complete 
| 131|0x00000000e8300000, 0x00000000e8400000, 0x00000000e8400000|100%|HC|  |TAMS 0x00000000e8400000, 0x00000000e8300000| Complete 
| 132|0x00000000e8400000, 0x00000000e8500000, 0x00000000e8500000|100%|HC|  |TAMS 0x00000000e8500000, 0x00000000e8400000| Complete 
| 133|0x00000000e8500000, 0x00000000e8600000, 0x00000000e8600000|100%|HC|  |TAMS 0x00000000e8600000, 0x00000000e8500000| Complete 
| 134|0x00000000e8600000, 0x00000000e8700000, 0x00000000e8700000|100%|HC|  |TAMS 0x00000000e8700000, 0x00000000e8600000| Complete 
| 135|0x00000000e8700000, 0x00000000e8800000, 0x00000000e8800000|100%|HC|  |TAMS 0x00000000e8800000, 0x00000000e8700000| Complete 
| 136|0x00000000e8800000, 0x00000000e8900000, 0x00000000e8900000|100%|HC|  |TAMS 0x00000000e8900000, 0x00000000e8800000| Complete 
| 137|0x00000000e8900000, 0x00000000e8a00000, 0x00000000e8a00000|100%|HC|  |TAMS 0x00000000e8a00000, 0x00000000e8900000| Complete 
| 138|0x00000000e8a00000, 0x00000000e8b00000, 0x00000000e8b00000|100%|HC|  |TAMS 0x00000000e8b00000, 0x00000000e8a00000| Complete 
| 139|0x00000000e8b00000, 0x00000000e8c00000, 0x00000000e8c00000|100%|HC|  |TAMS 0x00000000e8c00000, 0x00000000e8b00000| Complete 
| 140|0x00000000e8c00000, 0x00000000e8d00000, 0x00000000e8d00000|100%|HC|  |TAMS 0x00000000e8d00000, 0x00000000e8c00000| Complete 
| 141|0x00000000e8d00000, 0x00000000e8e00000, 0x00000000e8e00000|100%|HS|  |TAMS 0x00000000e8e00000, 0x00000000e8d00000| Complete 
| 142|0x00000000e8e00000, 0x00000000e8f00000, 0x00000000e8f00000|100%|HC|  |TAMS 0x00000000e8f00000, 0x00000000e8e00000| Complete 
| 143|0x00000000e8f00000, 0x00000000e9000000, 0x00000000e9000000|100%| O|  |TAMS 0x00000000e9000000, 0x00000000e8f00000| Untracked 
| 144|0x00000000e9000000, 0x00000000e9100000, 0x00000000e9100000|100%| O|  |TAMS 0x00000000e9100000, 0x00000000e9000000| Untracked 
| 145|0x00000000e9100000, 0x00000000e9200000, 0x00000000e9200000|100%| O|  |TAMS 0x00000000e9200000, 0x00000000e9100000| Untracked 
| 146|0x00000000e9200000, 0x00000000e9300000, 0x00000000e9300000|100%| O|  |TAMS 0x00000000e9300000, 0x00000000e9200000| Untracked 
| 147|0x00000000e9300000, 0x00000000e93fb200, 0x00000000e9400000| 98%| O|  |TAMS 0x00000000e93fb200, 0x00000000e9300000| Untracked 
| 148|0x00000000e9400000, 0x00000000e9400000, 0x00000000e9500000|  0%| F|  |TAMS 0x00000000e9400000, 0x00000000e9400000| Untracked 
| 149|0x00000000e9500000, 0x00000000e9500000, 0x00000000e9600000|  0%| F|  |TAMS 0x00000000e9500000, 0x00000000e9500000| Untracked 
| 150|0x00000000e9600000, 0x00000000e9600000, 0x00000000e9700000|  0%| F|  |TAMS 0x00000000e9600000, 0x00000000e9600000| Untracked 
| 151|0x00000000e9700000, 0x00000000e9700000, 0x00000000e9800000|  0%| F|  |TAMS 0x00000000e9700000, 0x00000000e9700000| Untracked 
| 152|0x00000000e9800000, 0x00000000e9800000, 0x00000000e9900000|  0%| F|  |TAMS 0x00000000e9800000, 0x00000000e9800000| Untracked 
| 153|0x00000000e9900000, 0x00000000e9900000, 0x00000000e9a00000|  0%| F|  |TAMS 0x00000000e9900000, 0x00000000e9900000| Untracked 
| 154|0x00000000e9a00000, 0x00000000e9a00000, 0x00000000e9b00000|  0%| F|  |TAMS 0x00000000e9a00000, 0x00000000e9a00000| Untracked 
| 155|0x00000000e9b00000, 0x00000000e9b00000, 0x00000000e9c00000|  0%| F|  |TAMS 0x00000000e9b00000, 0x00000000e9b00000| Untracked 
| 156|0x00000000e9c00000, 0x00000000e9c00000, 0x00000000e9d00000|  0%| F|  |TAMS 0x00000000e9c00000, 0x00000000e9c00000| Untracked 
| 157|0x00000000e9d00000, 0x00000000e9d00000, 0x00000000e9e00000|  0%| F|  |TAMS 0x00000000e9d00000, 0x00000000e9d00000| Untracked 
| 158|0x00000000e9e00000, 0x00000000e9e00000, 0x00000000e9f00000|  0%| F|  |TAMS 0x00000000e9e00000, 0x00000000e9e00000| Untracked 
| 159|0x00000000e9f00000, 0x00000000e9f00000, 0x00000000ea000000|  0%| F|  |TAMS 0x00000000e9f00000, 0x00000000e9f00000| Untracked 
| 160|0x00000000ea000000, 0x00000000ea000000, 0x00000000ea100000|  0%| F|  |TAMS 0x00000000ea000000, 0x00000000ea000000| Untracked 
| 161|0x00000000ea100000, 0x00000000ea100000, 0x00000000ea200000|  0%| F|  |TAMS 0x00000000ea100000, 0x00000000ea100000| Untracked 
| 162|0x00000000ea200000, 0x00000000ea200000, 0x00000000ea300000|  0%| F|  |TAMS 0x00000000ea200000, 0x00000000ea200000| Untracked 
| 163|0x00000000ea300000, 0x00000000ea300000, 0x00000000ea400000|  0%| F|  |TAMS 0x00000000ea300000, 0x00000000ea300000| Untracked 
| 164|0x00000000ea400000, 0x00000000ea400000, 0x00000000ea500000|  0%| F|  |TAMS 0x00000000ea400000, 0x00000000ea400000| Untracked 
| 165|0x00000000ea500000, 0x00000000ea500000, 0x00000000ea600000|  0%| F|  |TAMS 0x00000000ea500000, 0x00000000ea500000| Untracked 
| 166|0x00000000ea600000, 0x00000000ea600000, 0x00000000ea700000|  0%| F|  |TAMS 0x00000000ea600000, 0x00000000ea600000| Untracked 
| 167|0x00000000ea700000, 0x00000000ea700000, 0x00000000ea800000|  0%| F|  |TAMS 0x00000000ea700000, 0x00000000ea700000| Untracked 
| 168|0x00000000ea800000, 0x00000000ea800000, 0x00000000ea900000|  0%| F|  |TAMS 0x00000000ea800000, 0x00000000ea800000| Untracked 
| 169|0x00000000ea900000, 0x00000000ea900000, 0x00000000eaa00000|  0%| F|  |TAMS 0x00000000ea900000, 0x00000000ea900000| Untracked 
| 170|0x00000000eaa00000, 0x00000000eaa00000, 0x00000000eab00000|  0%| F|  |TAMS 0x00000000eaa00000, 0x00000000eaa00000| Untracked 
| 171|0x00000000eab00000, 0x00000000eab00000, 0x00000000eac00000|  0%| F|  |TAMS 0x00000000eab00000, 0x00000000eab00000| Untracked 
| 172|0x00000000eac00000, 0x00000000eac00000, 0x00000000ead00000|  0%| F|  |TAMS 0x00000000eac00000, 0x00000000eac00000| Untracked 
| 173|0x00000000ead00000, 0x00000000ead00000, 0x00000000eae00000|  0%| F|  |TAMS 0x00000000ead00000, 0x00000000ead00000| Untracked 
| 174|0x00000000eae00000, 0x00000000eae00000, 0x00000000eaf00000|  0%| F|  |TAMS 0x00000000eae00000, 0x00000000eae00000| Untracked 
| 175|0x00000000eaf00000, 0x00000000eaf00000, 0x00000000eb000000|  0%| F|  |TAMS 0x00000000eaf00000, 0x00000000eaf00000| Untracked 
| 176|0x00000000eb000000, 0x00000000eb000000, 0x00000000eb100000|  0%| F|  |TAMS 0x00000000eb000000, 0x00000000eb000000| Untracked 
| 177|0x00000000eb100000, 0x00000000eb100000, 0x00000000eb200000|  0%| F|  |TAMS 0x00000000eb100000, 0x00000000eb100000| Untracked 
| 178|0x00000000eb200000, 0x00000000eb200000, 0x00000000eb300000|  0%| F|  |TAMS 0x00000000eb200000, 0x00000000eb200000| Untracked 
| 179|0x00000000eb300000, 0x00000000eb300000, 0x00000000eb400000|  0%| F|  |TAMS 0x00000000eb300000, 0x00000000eb300000| Untracked 
| 180|0x00000000eb400000, 0x00000000eb400000, 0x00000000eb500000|  0%| F|  |TAMS 0x00000000eb400000, 0x00000000eb400000| Untracked 
| 181|0x00000000eb500000, 0x00000000eb500000, 0x00000000eb600000|  0%| F|  |TAMS 0x00000000eb500000, 0x00000000eb500000| Untracked 
| 182|0x00000000eb600000, 0x00000000eb600000, 0x00000000eb700000|  0%| F|  |TAMS 0x00000000eb600000, 0x00000000eb600000| Untracked 
| 183|0x00000000eb700000, 0x00000000eb800000, 0x00000000eb800000|100%| S|CS|TAMS 0x00000000eb700000, 0x00000000eb700000| Complete 
| 184|0x00000000eb800000, 0x00000000eb900000, 0x00000000eb900000|100%| S|CS|TAMS 0x00000000eb800000, 0x00000000eb800000| Complete 
| 185|0x00000000eb900000, 0x00000000eba00000, 0x00000000eba00000|100%| S|CS|TAMS 0x00000000eb900000, 0x00000000eb900000| Complete 
| 186|0x00000000eba00000, 0x00000000ebb00000, 0x00000000ebb00000|100%| S|CS|TAMS 0x00000000eba00000, 0x00000000eba00000| Complete 
| 187|0x00000000ebb00000, 0x00000000ebc00000, 0x00000000ebc00000|100%| S|CS|TAMS 0x00000000ebb00000, 0x00000000ebb00000| Complete 
| 188|0x00000000ebc00000, 0x00000000ebd00000, 0x00000000ebd00000|100%| S|CS|TAMS 0x00000000ebc00000, 0x00000000ebc00000| Complete 
| 189|0x00000000ebd00000, 0x00000000ebe00000, 0x00000000ebe00000|100%| S|CS|TAMS 0x00000000ebd00000, 0x00000000ebd00000| Complete 
| 190|0x00000000ebe00000, 0x00000000ebf00000, 0x00000000ebf00000|100%| S|CS|TAMS 0x00000000ebe00000, 0x00000000ebe00000| Complete 
| 191|0x00000000ebf00000, 0x00000000ebf00000, 0x00000000ec000000|  0%| F|  |TAMS 0x00000000ebf00000, 0x00000000ebf00000| Untracked 
| 192|0x00000000ec000000, 0x00000000ec000000, 0x00000000ec100000|  0%| F|  |TAMS 0x00000000ec000000, 0x00000000ec000000| Untracked 
| 193|0x00000000ec100000, 0x00000000ec100000, 0x00000000ec200000|  0%| F|  |TAMS 0x00000000ec100000, 0x00000000ec100000| Untracked 
| 194|0x00000000ec200000, 0x00000000ec200000, 0x00000000ec300000|  0%| F|  |TAMS 0x00000000ec200000, 0x00000000ec200000| Untracked 
| 195|0x00000000ec300000, 0x00000000ec300000, 0x00000000ec400000|  0%| F|  |TAMS 0x00000000ec300000, 0x00000000ec300000| Untracked 
| 196|0x00000000ec400000, 0x00000000ec400000, 0x00000000ec500000|  0%| F|  |TAMS 0x00000000ec400000, 0x00000000ec400000| Untracked 
| 197|0x00000000ec500000, 0x00000000ec500000, 0x00000000ec600000|  0%| F|  |TAMS 0x00000000ec500000, 0x00000000ec500000| Untracked 
| 198|0x00000000ec600000, 0x00000000ec600000, 0x00000000ec700000|  0%| F|  |TAMS 0x00000000ec600000, 0x00000000ec600000| Untracked 
| 199|0x00000000ec700000, 0x00000000ec700000, 0x00000000ec800000|  0%| F|  |TAMS 0x00000000ec700000, 0x00000000ec700000| Untracked 
| 200|0x00000000ec800000, 0x00000000ec800000, 0x00000000ec900000|  0%| F|  |TAMS 0x00000000ec800000, 0x00000000ec800000| Untracked 
| 201|0x00000000ec900000, 0x00000000ec900000, 0x00000000eca00000|  0%| F|  |TAMS 0x00000000ec900000, 0x00000000ec900000| Untracked 
| 202|0x00000000eca00000, 0x00000000eca00000, 0x00000000ecb00000|  0%| F|  |TAMS 0x00000000eca00000, 0x00000000eca00000| Untracked 
| 203|0x00000000ecb00000, 0x00000000ecb00000, 0x00000000ecc00000|  0%| F|  |TAMS 0x00000000ecb00000, 0x00000000ecb00000| Untracked 
| 204|0x00000000ecc00000, 0x00000000ecc00000, 0x00000000ecd00000|  0%| F|  |TAMS 0x00000000ecc00000, 0x00000000ecc00000| Untracked 
| 205|0x00000000ecd00000, 0x00000000ecd00000, 0x00000000ece00000|  0%| F|  |TAMS 0x00000000ecd00000, 0x00000000ecd00000| Untracked 
| 206|0x00000000ece00000, 0x00000000ece00000, 0x00000000ecf00000|  0%| F|  |TAMS 0x00000000ece00000, 0x00000000ece00000| Untracked 
| 207|0x00000000ecf00000, 0x00000000ecf00000, 0x00000000ed000000|  0%| F|  |TAMS 0x00000000ecf00000, 0x00000000ecf00000| Untracked 
| 208|0x00000000ed000000, 0x00000000ed000000, 0x00000000ed100000|  0%| F|  |TAMS 0x00000000ed000000, 0x00000000ed000000| Untracked 
| 209|0x00000000ed100000, 0x00000000ed100000, 0x00000000ed200000|  0%| F|  |TAMS 0x00000000ed100000, 0x00000000ed100000| Untracked 
| 210|0x00000000ed200000, 0x00000000ed24cab0, 0x00000000ed300000| 29%| E|  |TAMS 0x00000000ed200000, 0x00000000ed200000| Complete 
| 211|0x00000000ed300000, 0x00000000ed400000, 0x00000000ed400000|100%| E|CS|TAMS 0x00000000ed300000, 0x00000000ed300000| Complete 
| 212|0x00000000ed400000, 0x00000000ed500000, 0x00000000ed500000|100%| E|CS|TAMS 0x00000000ed400000, 0x00000000ed400000| Complete 
| 213|0x00000000ed500000, 0x00000000ed600000, 0x00000000ed600000|100%| E|CS|TAMS 0x00000000ed500000, 0x00000000ed500000| Complete 
| 214|0x00000000ed600000, 0x00000000ed700000, 0x00000000ed700000|100%| E|CS|TAMS 0x00000000ed600000, 0x00000000ed600000| Complete 
| 215|0x00000000ed700000, 0x00000000ed800000, 0x00000000ed800000|100%| E|CS|TAMS 0x00000000ed700000, 0x00000000ed700000| Complete 
| 216|0x00000000ed800000, 0x00000000ed900000, 0x00000000ed900000|100%| E|CS|TAMS 0x00000000ed800000, 0x00000000ed800000| Complete 
| 217|0x00000000ed900000, 0x00000000eda00000, 0x00000000eda00000|100%| E|CS|TAMS 0x00000000ed900000, 0x00000000ed900000| Complete 
| 218|0x00000000eda00000, 0x00000000edb00000, 0x00000000edb00000|100%| E|CS|TAMS 0x00000000eda00000, 0x00000000eda00000| Complete 
| 219|0x00000000edb00000, 0x00000000edc00000, 0x00000000edc00000|100%| E|CS|TAMS 0x00000000edb00000, 0x00000000edb00000| Complete 
| 220|0x00000000edc00000, 0x00000000edd00000, 0x00000000edd00000|100%| E|CS|TAMS 0x00000000edc00000, 0x00000000edc00000| Complete 
| 221|0x00000000edd00000, 0x00000000ede00000, 0x00000000ede00000|100%| E|CS|TAMS 0x00000000edd00000, 0x00000000edd00000| Complete 
| 222|0x00000000ede00000, 0x00000000edf00000, 0x00000000edf00000|100%| E|CS|TAMS 0x00000000ede00000, 0x00000000ede00000| Complete 
| 223|0x00000000edf00000, 0x00000000ee000000, 0x00000000ee000000|100%| E|CS|TAMS 0x00000000edf00000, 0x00000000edf00000| Complete 
| 224|0x00000000ee000000, 0x00000000ee100000, 0x00000000ee100000|100%| E|CS|TAMS 0x00000000ee000000, 0x00000000ee000000| Complete 
| 225|0x00000000ee100000, 0x00000000ee200000, 0x00000000ee200000|100%| E|CS|TAMS 0x00000000ee100000, 0x00000000ee100000| Complete 
| 226|0x00000000ee200000, 0x00000000ee300000, 0x00000000ee300000|100%| E|CS|TAMS 0x00000000ee200000, 0x00000000ee200000| Complete 
| 227|0x00000000ee300000, 0x00000000ee400000, 0x00000000ee400000|100%| E|CS|TAMS 0x00000000ee300000, 0x00000000ee300000| Complete 
| 228|0x00000000ee400000, 0x00000000ee500000, 0x00000000ee500000|100%| E|CS|TAMS 0x00000000ee400000, 0x00000000ee400000| Complete 
| 229|0x00000000ee500000, 0x00000000ee600000, 0x00000000ee600000|100%| E|CS|TAMS 0x00000000ee500000, 0x00000000ee500000| Complete 
| 230|0x00000000ee600000, 0x00000000ee700000, 0x00000000ee700000|100%| E|CS|TAMS 0x00000000ee600000, 0x00000000ee600000| Complete 
| 231|0x00000000ee700000, 0x00000000ee800000, 0x00000000ee800000|100%| E|CS|TAMS 0x00000000ee700000, 0x00000000ee700000| Complete 
| 232|0x00000000ee800000, 0x00000000ee900000, 0x00000000ee900000|100%| E|CS|TAMS 0x00000000ee800000, 0x00000000ee800000| Complete 
| 233|0x00000000ee900000, 0x00000000eea00000, 0x00000000eea00000|100%| E|CS|TAMS 0x00000000ee900000, 0x00000000ee900000| Complete 
| 234|0x00000000eea00000, 0x00000000eeb00000, 0x00000000eeb00000|100%| E|CS|TAMS 0x00000000eea00000, 0x00000000eea00000| Complete 
| 235|0x00000000eeb00000, 0x00000000eec00000, 0x00000000eec00000|100%| E|CS|TAMS 0x00000000eeb00000, 0x00000000eeb00000| Complete 
| 236|0x00000000eec00000, 0x00000000eed00000, 0x00000000eed00000|100%| E|CS|TAMS 0x00000000eec00000, 0x00000000eec00000| Complete 
| 237|0x00000000eed00000, 0x00000000eee00000, 0x00000000eee00000|100%| E|CS|TAMS 0x00000000eed00000, 0x00000000eed00000| Complete 
| 238|0x00000000eee00000, 0x00000000eef00000, 0x00000000eef00000|100%| E|CS|TAMS 0x00000000eee00000, 0x00000000eee00000| Complete 
| 239|0x00000000eef00000, 0x00000000ef000000, 0x00000000ef000000|100%| E|CS|TAMS 0x00000000eef00000, 0x00000000eef00000| Complete 
| 240|0x00000000ef000000, 0x00000000ef100000, 0x00000000ef100000|100%| E|CS|TAMS 0x00000000ef000000, 0x00000000ef000000| Complete 
| 241|0x00000000ef100000, 0x00000000ef200000, 0x00000000ef200000|100%| E|CS|TAMS 0x00000000ef100000, 0x00000000ef100000| Complete 
| 242|0x00000000ef200000, 0x00000000ef300000, 0x00000000ef300000|100%| E|CS|TAMS 0x00000000ef200000, 0x00000000ef200000| Complete 
| 243|0x00000000ef300000, 0x00000000ef400000, 0x00000000ef400000|100%| E|CS|TAMS 0x00000000ef300000, 0x00000000ef300000| Complete 
| 244|0x00000000ef400000, 0x00000000ef500000, 0x00000000ef500000|100%| E|CS|TAMS 0x00000000ef400000, 0x00000000ef400000| Complete 
| 245|0x00000000ef500000, 0x00000000ef600000, 0x00000000ef600000|100%| E|CS|TAMS 0x00000000ef500000, 0x00000000ef500000| Complete 
| 246|0x00000000ef600000, 0x00000000ef700000, 0x00000000ef700000|100%| E|CS|TAMS 0x00000000ef600000, 0x00000000ef600000| Complete 
| 247|0x00000000ef700000, 0x00000000ef800000, 0x00000000ef800000|100%| E|CS|TAMS 0x00000000ef700000, 0x00000000ef700000| Complete 
| 248|0x00000000ef800000, 0x00000000ef900000, 0x00000000ef900000|100%| E|CS|TAMS 0x00000000ef800000, 0x00000000ef800000| Complete 
| 249|0x00000000ef900000, 0x00000000efa00000, 0x00000000efa00000|100%| E|CS|TAMS 0x00000000ef900000, 0x00000000ef900000| Complete 
| 250|0x00000000efa00000, 0x00000000efb00000, 0x00000000efb00000|100%| E|CS|TAMS 0x00000000efa00000, 0x00000000efa00000| Complete 
| 251|0x00000000efb00000, 0x00000000efc00000, 0x00000000efc00000|100%| E|CS|TAMS 0x00000000efb00000, 0x00000000efb00000| Complete 
| 252|0x00000000efc00000, 0x00000000efd00000, 0x00000000efd00000|100%| E|CS|TAMS 0x00000000efc00000, 0x00000000efc00000| Complete 
| 253|0x00000000efd00000, 0x00000000efe00000, 0x00000000efe00000|100%| E|CS|TAMS 0x00000000efd00000, 0x00000000efd00000| Complete 
| 254|0x00000000efe00000, 0x00000000eff00000, 0x00000000eff00000|100%| E|CS|TAMS 0x00000000efe00000, 0x00000000efe00000| Complete 
| 255|0x00000000eff00000, 0x00000000f0000000, 0x00000000f0000000|100%| E|CS|TAMS 0x00000000eff00000, 0x00000000eff00000| Complete 

Card table byte_map: [0x000001b941480000,0x000001b941580000] _byte_map_base: 0x000001b940d80000

Marking Bits (Prev, Next): (CMBitMap*) 0x000001b929358308, (CMBitMap*) 0x000001b929358340
 Prev Bits: [0x000001b941680000, 0x000001b941e80000)
 Next Bits: [0x000001b941e80000, 0x000001b942680000)

Polling page: 0x000001b927300000

Metaspace:

Usage:
  Non-class:     70.62 MB capacity,    69.07 MB ( 98%) used,     1.31 MB (  2%) free+waste,   253.25 KB ( <1%) overhead. 
      Class:     11.05 MB capacity,    10.09 MB ( 91%) used,   868.48 KB (  8%) free+waste,   118.94 KB (  1%) overhead. 
       Both:     81.67 MB capacity,    79.16 MB ( 97%) used,     2.15 MB (  3%) free+waste,   372.19 KB ( <1%) overhead. 

Virtual space:
  Non-class space:       72.00 MB reserved,      70.67 MB ( 98%) committed 
      Class space:      248.00 MB reserved,      11.13 MB (  4%) committed 
             Both:      320.00 MB reserved,      81.80 MB ( 26%) committed 

Chunk freelists:
   Non-Class:  51.00 KB
       Class:  43.00 KB
        Both:  94.00 KB

MaxMetaspaceSize: 256.00 MB
CompressedClassSpaceSize: 248.00 MB
Initial GC threshold: 20.80 MB
Current GC threshold: 134.87 MB
CDS: off

CodeHeap 'non-profiled nmethods': size=119168Kb used=7820Kb max_used=7820Kb free=111347Kb
 bounds [0x000001b9396a0000, 0x000001b939e50000, 0x000001b940b00000]
CodeHeap 'profiled nmethods': size=119168Kb used=22438Kb max_used=22438Kb free=96729Kb
 bounds [0x000001b932240000, 0x000001b933830000, 0x000001b9396a0000]
CodeHeap 'non-nmethods': size=7424Kb used=4069Kb max_used=4151Kb free=3354Kb
 bounds [0x000001b931b00000, 0x000001b931f20000, 0x000001b932240000]
 total_blobs=10997 nmethods=10089 adapters=817
 compilation: enabled
              stopped_count=0, restarted_count=0
 full_count=0

Compilation events (20 events):
Event: 19.410 Thread 0x000001b946078800 10082       3       org.gradle.api.internal.artifacts.ivyservice.resolutionstrategy.DefaultCachePolicy::mustRefreshModule (24 bytes)
Event: 19.410 Thread 0x000001b94564c800 nmethod 10081 0x000001b93381ad10 code [0x000001b93381af00, 0x000001b93381b358]
Event: 19.410 Thread 0x000001b9455d4000 nmethod 10080 0x000001b93381b510 code [0x000001b93381b700, 0x000001b93381bb88]
Event: 19.410 Thread 0x000001b946078800 nmethod 10082 0x000001b93381bd10 code [0x000001b93381bf00, 0x000001b93381c2d8]
Event: 19.410 Thread 0x000001b94564c800 10083       3       org.gradle.internal.component.model.AttributeMatchingExplanationBuilder::logging (4 bytes)
Event: 19.411 Thread 0x000001b946190000 10084       3       org.gradle.internal.component.model.LoggingAttributeMatchingExplanationBuilder::logging (19 bytes)
Event: 19.411 Thread 0x000001b9455d4000 10085       3       org.gradle.api.internal.attributes.DefaultAttributesSchema::withProducer (17 bytes)
Event: 19.411 Thread 0x000001b946078800 10086       3       org.gradle.api.internal.attributes.DefaultAttributesSchema$DefaultAttributeMatcher::matches (17 bytes)
Event: 19.411 Thread 0x000001b94564c800 nmethod 10083 0x000001b93381c490 code [0x000001b93381c6a0, 0x000001b93381cb88]
Event: 19.411 Thread 0x000001b9455d4000 nmethod 10085 0x000001b93381cd90 code [0x000001b93381cf80, 0x000001b93381d518]
Event: 19.411 Thread 0x000001b94564c800 10088       3       org.gradle.internal.component.external.descriptor.DefaultExclude::hashCode (73 bytes)
Event: 19.411 Thread 0x000001b9455d4000 10087       3       org.gradle.internal.component.model.ComponentAttributeMatcher::match (259 bytes)
Event: 19.411 Thread 0x000001b946190000 nmethod 10084 0x000001b93381d690 code [0x000001b93381d880, 0x000001b93381dd08]
Event: 19.411 Thread 0x000001b946190000 10089       3       io.spring.gradle.dependencymanagement.internal.DependencyManagement::getManagedVersion (23 bytes)
Event: 19.411 Thread 0x000001b946078800 nmethod 10086 0x000001b93381df10 code [0x000001b93381e0c0, 0x000001b93381e228]
Event: 19.411 Thread 0x000001b94564c800 nmethod 10088 0x000001b93381e310 code [0x000001b93381e500, 0x000001b93381e978]
Event: 19.411 Thread 0x000001b946190000 nmethod 10089 0x000001b93381eb10 code [0x000001b93381ed60, 0x000001b93381f3c8]
Event: 19.411 Thread 0x000001b946078800 10090       3       org.gradle.api.internal.artifacts.ivyservice.DefaultArtifactCaches$LateInitWritableArtifactCacheLockingManager::useCache (9 bytes)
Event: 19.411 Thread 0x000001b946078800 nmethod 10090 0x000001b93381f690 code [0x000001b93381f860, 0x000001b93381fad8]
Event: 19.412 Thread 0x000001b9455d4000 nmethod 10087 0x000001b93381fc10 code [0x000001b9338200a0, 0x000001b933822688]

GC Heap History (20 events):
Event: 8.011 GC heap before
{Heap before GC invocations=1 (full 0):
 garbage-first heap   total 262144K, used 104493K [0x00000000e0000000, 0x0000000100000000)
  region size 1024K, 97 young (99328K), 3 survivors (3072K)
 Metaspace       used 20778K, capacity 21165K, committed 21296K, reserved 274432K
  class space    used 2507K, capacity 2660K, committed 2688K, reserved 253952K
}
Event: 8.018 GC heap after
{Heap after GC invocations=2 (full 0):
 garbage-first heap   total 262144K, used 16845K [0x00000000e0000000, 0x0000000100000000)
  region size 1024K, 11 young (11264K), 11 survivors (11264K)
 Metaspace       used 20778K, capacity 21165K, committed 21296K, reserved 274432K
  class space    used 2507K, capacity 2660K, committed 2688K, reserved 253952K
}
Event: 8.343 GC heap before
{Heap before GC invocations=3 (full 0):
 garbage-first heap   total 262144K, used 62925K [0x00000000e0000000, 0x0000000100000000)
  region size 1024K, 56 young (57344K), 11 survivors (11264K)
 Metaspace       used 25559K, capacity 26087K, committed 26160K, reserved 278528K
  class space    used 3240K, capacity 3432K, committed 3456K, reserved 253952K
}
Event: 8.348 GC heap after
{Heap after GC invocations=4 (full 0):
 garbage-first heap   total 262144K, used 18566K [0x00000000e0000000, 0x0000000100000000)
  region size 1024K, 2 young (2048K), 2 survivors (2048K)
 Metaspace       used 25559K, capacity 26087K, committed 26160K, reserved 278528K
  class space    used 3240K, capacity 3432K, committed 3456K, reserved 253952K
}
Event: 9.628 GC heap before
{Heap before GC invocations=4 (full 0):
 garbage-first heap   total 262144K, used 143494K [0x00000000e0000000, 0x0000000100000000)
  region size 1024K, 94 young (96256K), 2 survivors (2048K)
 Metaspace       used 34903K, capacity 35828K, committed 35888K, reserved 286720K
  class space    used 4629K, capacity 4974K, committed 4992K, reserved 253952K
}
Event: 9.633 GC heap after
{Heap after GC invocations=5 (full 0):
 garbage-first heap   total 262144K, used 57887K [0x00000000e0000000, 0x0000000100000000)
  region size 1024K, 9 young (9216K), 9 survivors (9216K)
 Metaspace       used 34903K, capacity 35828K, committed 35888K, reserved 286720K
  class space    used 4629K, capacity 4974K, committed 4992K, reserved 253952K
}
Event: 10.889 GC heap before
{Heap before GC invocations=6 (full 0):
 garbage-first heap   total 262144K, used 191007K [0x00000000e0000000, 0x0000000100000000)
  region size 1024K, 116 young (118784K), 9 survivors (9216K)
 Metaspace       used 45768K, capacity 47037K, committed 47152K, reserved 294912K
  class space    used 5785K, capacity 6244K, committed 6272K, reserved 253952K
}
Event: 10.898 GC heap after
{Heap after GC invocations=7 (full 0):
 garbage-first heap   total 262144K, used 88535K [0x00000000e0000000, 0x0000000100000000)
  region size 1024K, 15 young (15360K), 15 survivors (15360K)
 Metaspace       used 45768K, capacity 47037K, committed 47152K, reserved 294912K
  class space    used 5785K, capacity 6244K, committed 6272K, reserved 253952K
}
Event: 11.677 GC heap before
{Heap before GC invocations=7 (full 0):
 garbage-first heap   total 262144K, used 205271K [0x00000000e0000000, 0x0000000100000000)
  region size 1024K, 120 young (122880K), 15 survivors (15360K)
 Metaspace       used 53116K, capacity 54461K, committed 54576K, reserved 303104K
  class space    used 6797K, capacity 7289K, committed 7296K, reserved 253952K
}
Event: 11.688 GC heap after
{Heap after GC invocations=8 (full 0):
 garbage-first heap   total 262144K, used 103387K [0x00000000e0000000, 0x0000000100000000)
  region size 1024K, 6 young (6144K), 6 survivors (6144K)
 Metaspace       used 53116K, capacity 54461K, committed 54576K, reserved 303104K
  class space    used 6797K, capacity 7289K, committed 7296K, reserved 253952K
}
Event: 12.293 GC heap before
{Heap before GC invocations=8 (full 0):
 garbage-first heap   total 262144K, used 148443K [0x00000000e0000000, 0x0000000100000000)
  region size 1024K, 51 young (52224K), 6 survivors (6144K)
 Metaspace       used 58499K, capacity 60106K, committed 60208K, reserved 307200K
  class space    used 7461K, capacity 8011K, committed 8064K, reserved 253952K
}
Event: 12.298 GC heap after
{Heap after GC invocations=9 (full 0):
 garbage-first heap   total 262144K, used 105268K [0x00000000e0000000, 0x0000000100000000)
  region size 1024K, 8 young (8192K), 8 survivors (8192K)
 Metaspace       used 58499K, capacity 60106K, committed 60208K, reserved 307200K
  class space    used 7461K, capacity 8011K, committed 8064K, reserved 253952K
}
Event: 14.833 GC heap before
{Heap before GC invocations=10 (full 0):
 garbage-first heap   total 262144K, used 207668K [0x00000000e0000000, 0x0000000100000000)
  region size 1024K, 108 young (110592K), 8 survivors (8192K)
 Metaspace       used 70176K, capacity 72132K, committed 72368K, reserved 317440K
  class space    used 8997K, capacity 9716K, committed 9728K, reserved 253952K
}
Event: 14.846 GC heap after
{Heap after GC invocations=11 (full 0):
 garbage-first heap   total 262144K, used 113092K [0x00000000e0000000, 0x0000000100000000)
  region size 1024K, 14 young (14336K), 14 survivors (14336K)
 Metaspace       used 70176K, capacity 72132K, committed 72368K, reserved 317440K
  class space    used 8997K, capacity 9716K, committed 9728K, reserved 253952K
}
Event: 15.776 GC heap before
{Heap before GC invocations=12 (full 0):
 garbage-first heap   total 262144K, used 211396K [0x00000000e0000000, 0x0000000100000000)
  region size 1024K, 94 young (96256K), 14 survivors (14336K)
 Metaspace       used 72111K, capacity 74149K, committed 74288K, reserved 319488K
  class space    used 9255K, capacity 10068K, committed 10112K, reserved 253952K
}
Event: 15.787 GC heap after
{Heap after GC invocations=13 (full 0):
 garbage-first heap   total 262144K, used 138214K [0x00000000e0000000, 0x0000000100000000)
  region size 1024K, 7 young (7168K), 7 survivors (7168K)
 Metaspace       used 72111K, capacity 74149K, committed 74288K, reserved 319488K
  class space    used 9255K, capacity 10068K, committed 10112K, reserved 253952K
}
Event: 16.284 GC heap before
{Heap before GC invocations=14 (full 0):
 garbage-first heap   total 262144K, used 231398K [0x00000000e0000000, 0x0000000100000000)
  region size 1024K, 84 young (86016K), 7 survivors (7168K)
 Metaspace       used 76440K, capacity 78892K, committed 79024K, reserved 323584K
  class space    used 9859K, capacity 10743K, committed 10752K, reserved 253952K
}
Event: 16.287 GC heap after
{Heap after GC invocations=15 (full 0):
 garbage-first heap   total 262144K, used 155350K [0x00000000e0000000, 0x0000000100000000)
  region size 1024K, 10 young (10240K), 10 survivors (10240K)
 Metaspace       used 76440K, capacity 78892K, committed 79024K, reserved 323584K
  class space    used 9859K, capacity 10743K, committed 10752K, reserved 253952K
}
Event: 17.052 GC heap before
{Heap before GC invocations=15 (full 0):
 garbage-first heap   total 262144K, used 221910K [0x00000000e0000000, 0x0000000100000000)
  region size 1024K, 75 young (76800K), 10 survivors (10240K)
 Metaspace       used 80080K, capacity 82663K, committed 82864K, reserved 325632K
  class space    used 10295K, capacity 11258K, committed 11264K, reserved 253952K
}
Event: 17.058 GC heap after
{Heap after GC invocations=16 (full 0):
 garbage-first heap   total 262144K, used 159724K [0x00000000e0000000, 0x0000000100000000)
  region size 1024K, 8 young (8192K), 8 survivors (8192K)
 Metaspace       used 80080K, capacity 82663K, committed 82864K, reserved 325632K
  class space    used 10295K, capacity 11258K, committed 11264K, reserved 253952K
}

Deoptimization events (20 events):
Event: 18.716 Thread 0x000001b946ee4000 DEOPT PACKING pc=0x000001b933701930 sp=0x0000009472ff6970
Event: 18.716 Thread 0x000001b946ee4000 DEOPT UNPACKING pc=0x000001b931b4a95e sp=0x0000009472ff5e90 mode 0
Event: 18.718 Thread 0x000001b94cd8e000 DEOPT PACKING pc=0x000001b933701930 sp=0x0000009479cfc910
Event: 18.718 Thread 0x000001b94cd8e000 DEOPT UNPACKING pc=0x000001b931b4a95e sp=0x0000009479cfbe30 mode 0
Event: 18.718 Thread 0x000001b94cd8e000 DEOPT PACKING pc=0x000001b933701930 sp=0x0000009479cfc570
Event: 18.718 Thread 0x000001b94cd8e000 DEOPT UNPACKING pc=0x000001b931b4a95e sp=0x0000009479cfba90 mode 0
Event: 18.720 Thread 0x000001b946ee4000 DEOPT PACKING pc=0x000001b933701930 sp=0x0000009472ff6b80
Event: 18.720 Thread 0x000001b946ee4000 DEOPT UNPACKING pc=0x000001b931b4a95e sp=0x0000009472ff60a0 mode 0
Event: 18.720 Thread 0x000001b94cd8e000 DEOPT PACKING pc=0x000001b933701930 sp=0x0000009479cfc9c0
Event: 18.720 Thread 0x000001b94cd8e000 DEOPT UNPACKING pc=0x000001b931b4a95e sp=0x0000009479cfbee0 mode 0
Event: 18.721 Thread 0x000001b94cd8e000 DEOPT PACKING pc=0x000001b933701930 sp=0x0000009479cfc850
Event: 18.721 Thread 0x000001b94cd8e000 DEOPT UNPACKING pc=0x000001b931b4a95e sp=0x0000009479cfbd70 mode 0
Event: 18.729 Thread 0x000001b946ee4000 Uncommon trap: trap_request=0xffffff7e fr.pc=0x000001b939d025d8 relative=0x0000000000000118
Event: 18.729 Thread 0x000001b946ee4000 Uncommon trap: reason=predicate action=maybe_recompile pc=0x000001b939d025d8 method=com.google.common.collect.ImmutableList.hashCode()I @ 11 c2
Event: 18.729 Thread 0x000001b946ee4000 DEOPT PACKING pc=0x000001b939d025d8 sp=0x0000009472ff71b0
Event: 18.729 Thread 0x000001b946ee4000 DEOPT UNPACKING pc=0x000001b931b4a1af sp=0x0000009472ff7138 mode 2
Event: 18.754 Thread 0x000001b94bee6800 Uncommon trap: trap_request=0xffffff4d fr.pc=0x000001b939d238ac relative=0x000000000000056c
Event: 18.754 Thread 0x000001b94bee6800 Uncommon trap: reason=unstable_if action=reinterpret pc=0x000001b939d238ac method=org.gradle.internal.component.external.model.maven.MavenDependencyDescriptor.isConstraint()Z @ 7 c2
Event: 18.754 Thread 0x000001b94bee6800 DEOPT PACKING pc=0x000001b939d238ac sp=0x00000094753fdc20
Event: 18.754 Thread 0x000001b94bee6800 DEOPT UNPACKING pc=0x000001b931b4a1af sp=0x00000094753fd908 mode 2

Classes redefined (0 events):
No events

Internal exceptions (20 events):
Event: 16.279 Thread 0x000001b946ee4000 Exception <a 'java/lang/ClassNotFoundException'{0x00000000eb66c830}: org/gradle/api/tasks/testing/TestBeanInfo> (0x00000000eb66c830) thrown at [./src/hotspot/share/classfile/systemDictionary.cpp, line 233]
Event: 16.280 Thread 0x000001b946ee4000 Exception <a 'java/lang/ClassNotFoundException'{0x00000000eb68e3e8}: org/gradle/api/tasks/testing/TestCustomizer> (0x00000000eb68e3e8) thrown at [./src/hotspot/share/classfile/systemDictionary.cpp, line 233]
Event: 16.283 Thread 0x000001b946ee4000 Exception <a 'java/lang/ClassNotFoundException'{0x00000000eb5d5430}: org/gradle/api/tasks/testing/Test_DecoratedCustomizer> (0x00000000eb5d5430) thrown at [./src/hotspot/share/classfile/systemDictionary.cpp, line 233]
Event: 16.294 Thread 0x000001b946ee4000 Exception <a 'java/lang/ClassNotFoundException'{0x00000000efc0e030}: java/util/LinkedHashSetBeanInfo> (0x00000000efc0e030) thrown at [./src/hotspot/share/classfile/systemDictionary.cpp, line 233]
Event: 16.295 Thread 0x000001b946ee4000 Exception <a 'java/lang/ClassNotFoundException'{0x00000000efc17c78}: java/util/HashSetBeanInfo> (0x00000000efc17c78) thrown at [./src/hotspot/share/classfile/systemDictionary.cpp, line 233]
Event: 16.295 Thread 0x000001b946ee4000 Exception <a 'java/lang/ClassNotFoundException'{0x00000000efc22128}: java/util/AbstractSetBeanInfo> (0x00000000efc22128) thrown at [./src/hotspot/share/classfile/systemDictionary.cpp, line 233]
Event: 16.295 Thread 0x000001b946ee4000 Exception <a 'java/lang/ClassNotFoundException'{0x00000000efc2c938}: java/util/AbstractSetCustomizer> (0x00000000efc2c938) thrown at [./src/hotspot/share/classfile/systemDictionary.cpp, line 233]
Event: 16.295 Thread 0x000001b946ee4000 Exception <a 'java/lang/ClassNotFoundException'{0x00000000efc3ac98}: java/util/HashSetCustomizer> (0x00000000efc3ac98) thrown at [./src/hotspot/share/classfile/systemDictionary.cpp, line 233]
Event: 16.296 Thread 0x000001b946ee4000 Exception <a 'java/lang/ClassNotFoundException'{0x00000000efc4cb48}: java/util/LinkedHashSetCustomizer> (0x00000000efc4cb48) thrown at [./src/hotspot/share/classfile/systemDictionary.cpp, line 233]
Event: 16.307 Thread 0x000001b946ee4000 Exception <a 'java/lang/ClassNotFoundException'{0x00000000ef5f8968}: org/codehaus/groovy/runtime/NullObjectBeanInfo> (0x00000000ef5f8968) thrown at [./src/hotspot/share/classfile/systemDictionary.cpp, line 233]
Event: 16.308 Thread 0x000001b946ee4000 Exception <a 'java/lang/ClassNotFoundException'{0x00000000ef2202c0}: org/codehaus/groovy/runtime/NullObjectCustomizer> (0x00000000ef2202c0) thrown at [./src/hotspot/share/classfile/systemDictionary.cpp, line 233]
Event: 16.312 Thread 0x000001b954164800 Exception <a 'java/lang/NoSuchMethodError'{0x00000000ef342e50}: <clinit>> (0x00000000ef342e50) thrown at [./src/hotspot/share/prims/jni.cpp, line 1367]
Event: 16.488 Thread 0x000001b954164800 Exception <a 'java/lang/NoSuchMethodError'{0x00000000ef34b528}: <clinit>> (0x00000000ef34b528) thrown at [./src/hotspot/share/prims/jni.cpp, line 1367]
Event: 16.488 Thread 0x000001b954164800 Exception <a 'java/lang/NoSuchMethodError'{0x00000000eda81130}: <clinit>> (0x00000000eda81130) thrown at [./src/hotspot/share/prims/jni.cpp, line 1367]
Event: 16.496 Thread 0x000001b954164800 Exception <a 'java/lang/NoSuchMethodError'{0x00000000edac07f8}: <clinit>> (0x00000000edac07f8) thrown at [./src/hotspot/share/prims/jni.cpp, line 1367]
Event: 16.502 Thread 0x000001b946ee4000 Exception <a 'java/lang/ClassNotFoundException'{0x00000000ed9b8358}: org/jetbrains/plugins/gradle/tooling/tasks/DependenciesReport$ProjectNameFunctionBeanInfo> (0x00000000ed9b8358) thrown at [./src/hotspot/share/classfile/systemDictionary.cpp, line 233]
Event: 16.503 Thread 0x000001b946ee4000 Exception <a 'java/lang/ClassNotFoundException'{0x00000000ed9cad60}: org/jetbrains/plugins/gradle/tooling/tasks/DependenciesReport$ProjectNameFunctionCustomizer> (0x00000000ed9cad60) thrown at [./src/hotspot/share/classfile/systemDictionary.cpp, line 233]
Event: 16.505 Thread 0x000001b946ee4000 Exception <a 'java/lang/ClassNotFoundException'{0x00000000ed813580}: org/jetbrains/plugins/gradle/tooling/tasks/DependenciesReport$ReportGenerator$IdGeneratorBeanInfo> (0x00000000ed813580) thrown at [./src/hotspot/share/classfile/systemDictionary.cpp, line 233]
Event: 16.506 Thread 0x000001b946ee4000 Exception <a 'java/lang/ClassNotFoundException'{0x00000000ed826a40}: org/jetbrains/plugins/gradle/tooling/tasks/DependenciesReport$ReportGenerator$IdGeneratorCustomizer> (0x00000000ed826a40) thrown at [./src/hotspot/share/classfile/systemDictionary.cpp, line 233]
Event: 16.692 Thread 0x000001b946ee4000 Implicit null exception at 0x000001b939cf92ef to 0x000001b939cfa560

Events (20 events):
Event: 19.250 loading class org/gradle/api/internal/artifacts/ivyservice/resolveengine/excludes/factories/NormalizingExcludeFactory$UnionOf
Event: 19.250 loading class org/gradle/api/internal/artifacts/ivyservice/resolveengine/excludes/factories/NormalizingExcludeFactory$UnionOf done
Event: 19.250 loading class org/gradle/api/internal/artifacts/ivyservice/resolveengine/excludes/specs/ExcludeSpec
Event: 19.250 loading class org/gradle/api/internal/artifacts/ivyservice/resolveengine/excludes/specs/ExcludeSpec done
Event: 19.250 loading class org/gradle/api/internal/artifacts/ivyservice/resolveengine/excludes/specs/ExcludeSpec
Event: 19.250 loading class org/gradle/api/internal/artifacts/ivyservice/resolveengine/excludes/specs/ExcludeSpec done
Event: 19.250 loading class org/gradle/api/internal/artifacts/ivyservice/resolveengine/excludes/specs/GroupExclude
Event: 19.250 loading class org/gradle/api/internal/artifacts/ivyservice/resolveengine/excludes/specs/GroupExclude done
Event: 19.251 loading class org/gradle/api/internal/artifacts/ivyservice/resolveengine/excludes/specs/ModuleExclude
Event: 19.251 loading class org/gradle/api/internal/artifacts/ivyservice/resolveengine/excludes/specs/ModuleExclude done
Event: 19.251 loading class org/gradle/api/internal/artifacts/ivyservice/resolveengine/excludes/specs/ModuleIdSetExclude
Event: 19.251 loading class org/gradle/api/internal/artifacts/ivyservice/resolveengine/excludes/specs/ModuleIdSetExclude done
Event: 19.251 loading class org/gradle/api/artifacts/ModuleIdentifier
Event: 19.251 loading class org/gradle/api/artifacts/ModuleIdentifier done
Event: 19.251 loading class org/gradle/api/internal/artifacts/ivyservice/resolveengine/excludes/specs/ModuleIdExclude
Event: 19.251 loading class org/gradle/api/internal/artifacts/ivyservice/resolveengine/excludes/specs/ModuleIdExclude done
Event: 19.251 loading class org/gradle/api/internal/artifacts/ivyservice/resolveengine/excludes/simple/DefaultModuleIdSetExclude
Event: 19.251 loading class org/gradle/api/internal/artifacts/ivyservice/resolveengine/excludes/simple/DefaultModuleIdSetExclude done
Event: 19.252 loading class org/gradle/api/internal/artifacts/ivyservice/resolveengine/excludes/factories/ExcludeFactory
Event: 19.252 loading class org/gradle/api/internal/artifacts/ivyservice/resolveengine/excludes/factories/ExcludeFactory done


Dynamic libraries:
0x00007ff6e3a50000 - 0x00007ff6e3a5d000 	C:\Users\CSJ\.jdks\azul-11.0.15\bin\java.exe
0x00007ffe22bd0000 - 0x00007ffe22dc7000 	C:\Windows\SYSTEM32\ntdll.dll
0x00007ffe22260000 - 0x00007ffe2231d000 	C:\Windows\System32\KERNEL32.DLL
0x00007ffe20960000 - 0x00007ffe20c2d000 	C:\Windows\System32\KERNELBASE.dll
0x00007ffe20470000 - 0x00007ffe20570000 	C:\Windows\System32\ucrtbase.dll
0x00007ffe12e10000 - 0x00007ffe12e27000 	C:\Users\CSJ\.jdks\azul-11.0.15\bin\jli.dll
0x00007ffe12d50000 - 0x00007ffe12d65000 	C:\Users\CSJ\.jdks\azul-11.0.15\bin\VCRUNTIME140.dll
0x00007ffe216d0000 - 0x00007ffe21870000 	C:\Windows\System32\USER32.dll
0x00007ffe202f0000 - 0x00007ffe20312000 	C:\Windows\System32\win32u.dll
0x00007ffe20d80000 - 0x00007ffe20daa000 	C:\Windows\System32\GDI32.dll
0x00007ffe10360000 - 0x00007ffe105fa000 	C:\Windows\WinSxS\amd64_microsoft.windows.common-controls_6595b64144ccf1df_6.0.19041.1110_none_60b5254171f9507e\COMCTL32.dll
0x00007ffe20600000 - 0x00007ffe2070b000 	C:\Windows\System32\gdi32full.dll
0x00007ffe21620000 - 0x00007ffe216be000 	C:\Windows\System32\msvcrt.dll
0x00007ffe20320000 - 0x00007ffe203bd000 	C:\Windows\System32\msvcp_win.dll
0x00007ffe21590000 - 0x00007ffe215c0000 	C:\Windows\System32\IMM32.DLL
0x00007ffdfa990000 - 0x00007ffdfaa2b000 	C:\Users\CSJ\.jdks\azul-11.0.15\bin\msvcp140.dll
0x00007ffde48c0000 - 0x00007ffde5451000 	C:\Users\CSJ\.jdks\azul-11.0.15\bin\server\jvm.dll
0x00007ffe20e50000 - 0x00007ffe20efe000 	C:\Windows\System32\ADVAPI32.dll
0x00007ffe20db0000 - 0x00007ffe20e4c000 	C:\Windows\System32\sechost.dll
0x00007ffe20c30000 - 0x00007ffe20d55000 	C:\Windows\System32\RPCRT4.dll
0x00007ffe210b0000 - 0x00007ffe210b8000 	C:\Windows\System32\PSAPI.DLL
0x00007ffe11b40000 - 0x00007ffe11b67000 	C:\Windows\SYSTEM32\WINMM.dll
0x00007ffe1ad40000 - 0x00007ffe1ad49000 	C:\Windows\SYSTEM32\WSOCK32.dll
0x00007ffe1b9f0000 - 0x00007ffe1b9fa000 	C:\Windows\SYSTEM32\VERSION.dll
0x00007ffe21980000 - 0x00007ffe219eb000 	C:\Windows\System32\WS2_32.dll
0x00007ffe1e0f0000 - 0x00007ffe1e102000 	C:\Windows\SYSTEM32\kernel.appcore.dll
0x00007ffe15f80000 - 0x00007ffe15f90000 	C:\Users\CSJ\.jdks\azul-11.0.15\bin\verify.dll
0x00007ffe1a580000 - 0x00007ffe1a764000 	C:\Windows\SYSTEM32\DBGHELP.DLL
0x00007ffe1a190000 - 0x00007ffe1a1bc000 	C:\Windows\SYSTEM32\dbgcore.DLL
0x00007ffe20570000 - 0x00007ffe205f2000 	C:\Windows\System32\bcryptPrimitives.dll
0x00007ffe12d20000 - 0x00007ffe12d48000 	C:\Users\CSJ\.jdks\azul-11.0.15\bin\java.dll
0x00007ffe15d60000 - 0x00007ffe15d6a000 	C:\Users\CSJ\.jdks\azul-11.0.15\bin\jimage.dll
0x00007ffe127f0000 - 0x00007ffe12808000 	C:\Users\CSJ\.jdks\azul-11.0.15\bin\zip.dll
0x00007ffe21b10000 - 0x00007ffe22254000 	C:\Windows\System32\SHELL32.dll
0x00007ffe1e3d0000 - 0x00007ffe1eb64000 	C:\Windows\SYSTEM32\windows.storage.dll
0x00007ffe22470000 - 0x00007ffe227c4000 	C:\Windows\System32\combase.dll
0x00007ffe1fd50000 - 0x00007ffe1fd7c000 	C:\Windows\SYSTEM32\Wldp.dll
0x00007ffe21870000 - 0x00007ffe2191d000 	C:\Windows\System32\SHCORE.dll
0x00007ffe21920000 - 0x00007ffe21975000 	C:\Windows\System32\shlwapi.dll
0x00007ffe20230000 - 0x00007ffe2024f000 	C:\Windows\SYSTEM32\profapi.dll
0x00007ffe127d0000 - 0x00007ffe127e9000 	C:\Users\CSJ\.jdks\azul-11.0.15\bin\net.dll
0x00007ffe1b7e0000 - 0x00007ffe1b8ea000 	C:\Windows\SYSTEM32\WINHTTP.dll
0x00007ffe1f9f0000 - 0x00007ffe1fa5a000 	C:\Windows\system32\mswsock.dll
0x00007ffe11130000 - 0x00007ffe11143000 	C:\Users\CSJ\.jdks\azul-11.0.15\bin\nio.dll
0x00007ffe10b30000 - 0x00007ffe10b57000 	C:\Users\CSJ\.gradle\native\e1d6ef7f7dcc3fd88c89a11ec53ec762bb8ba0a96d01ffa2cd45eb1d1d8dd5c5\windows-amd64\native-platform.dll
0x00007ffdea8f0000 - 0x00007ffdeaa34000 	C:\Users\CSJ\.gradle\native\0d407fdbe67a94daf76414ababcb853783967236a71b16ec16e742cd7a986fd3\windows-amd64\native-platform-file-events.dll
0x00007ffe128f0000 - 0x00007ffe128f9000 	C:\Users\CSJ\.jdks\azul-11.0.15\bin\management.dll
0x00007ffe10af0000 - 0x00007ffe10afb000 	C:\Users\CSJ\.jdks\azul-11.0.15\bin\management_ext.dll
0x00007ffe1fc10000 - 0x00007ffe1fc28000 	C:\Windows\SYSTEM32\CRYPTSP.dll
0x00007ffe1f320000 - 0x00007ffe1f354000 	C:\Windows\system32\rsaenh.dll
0x00007ffe20930000 - 0x00007ffe20957000 	C:\Windows\System32\bcrypt.dll
0x00007ffe201b0000 - 0x00007ffe201de000 	C:\Windows\SYSTEM32\USERENV.dll
0x00007ffe1fc30000 - 0x00007ffe1fc3c000 	C:\Windows\SYSTEM32\CRYPTBASE.dll
0x00007ffe1f6f0000 - 0x00007ffe1f72b000 	C:\Windows\SYSTEM32\IPHLPAPI.DLL
0x00007ffe223d0000 - 0x00007ffe223d8000 	C:\Windows\System32\NSI.dll
0x00007ffe1a170000 - 0x00007ffe1a187000 	C:\Windows\SYSTEM32\dhcpcsvc6.DLL
0x00007ffe1a080000 - 0x00007ffe1a09d000 	C:\Windows\SYSTEM32\dhcpcsvc.DLL
0x00007ffe1f730000 - 0x00007ffe1f7fb000 	C:\Windows\SYSTEM32\DNSAPI.dll
0x00007ffe06a20000 - 0x00007ffe06a2e000 	C:\Users\CSJ\.jdks\azul-11.0.15\bin\sunmscapi.dll
0x00007ffe20780000 - 0x00007ffe208d6000 	C:\Windows\System32\CRYPT32.dll
0x00007ffe1fdc0000 - 0x00007ffe1fde7000 	C:\Windows\SYSTEM32\ncrypt.dll
0x00007ffe1fd80000 - 0x00007ffe1fdbb000 	C:\Windows\SYSTEM32\NTASN1.dll
0x00007ffe05df0000 - 0x00007ffe05e15000 	C:\Users\CSJ\.jdks\azul-11.0.15\bin\sunec.dll
0x00007ffe18a70000 - 0x00007ffe18a7a000 	C:\Windows\System32\rasadhlp.dll
0x00007ffe182c0000 - 0x00007ffe18340000 	C:\Windows\System32\fwpuclnt.dll

dbghelp: loaded successfully - version: 4.0.5 - missing functions: none
symbol engine: initialized successfully - sym options: 0x614 - pdb path: .;C:\Users\CSJ\.jdks\azul-11.0.15\bin;C:\Windows\SYSTEM32;C:\Windows\WinSxS\amd64_microsoft.windows.common-controls_6595b64144ccf1df_6.0.19041.1110_none_60b5254171f9507e;C:\Users\CSJ\.jdks\azul-11.0.15\bin\server;C:\Users\CSJ\.gradle\native\e1d6ef7f7dcc3fd88c89a11ec53ec762bb8ba0a96d01ffa2cd45eb1d1d8dd5c5\windows-amd64;C:\Users\CSJ\.gradle\native\0d407fdbe67a94daf76414ababcb853783967236a71b16ec16e742cd7a986fd3\windows-amd64

VM Arguments:
jvm_args: --add-opens=java.base/java.util=ALL-UNNAMED --add-opens=java.base/java.lang=ALL-UNNAMED --add-opens=java.base/java.lang.invoke=ALL-UNNAMED --add-opens=java.base/java.util=ALL-UNNAMED --add-opens=java.prefs/java.util.prefs=ALL-UNNAMED --add-opens=java.prefs/java.util.prefs=ALL-UNNAMED --add-opens=java.base/java.nio.charset=ALL-UNNAMED --add-opens=java.base/java.net=ALL-UNNAMED --add-opens=java.base/java.util.concurrent.atomic=ALL-UNNAMED -XX:MaxMetaspaceSize=256m -XX:+HeapDumpOnOutOfMemoryError -Xms256m -Xmx512m -Dfile.encoding=x-windows-949 -Duser.country=US -Duser.language=en -Duser.variant 
java_command: org.gradle.launcher.daemon.bootstrap.GradleDaemon 7.4.1
java_class_path (initial): C:\Users\CSJ\.gradle\wrapper\dists\gradle-7.4.1-bin\58kw26xllvsiedyf3nujyarhn\gradle-7.4.1\lib\gradle-launcher-7.4.1.jar
Launcher Type: SUN_STANDARD

[Global flags]
     intx CICompilerCount                          = 12                                        {product} {ergonomic}
   size_t CompressedClassSpaceSize                 = 260046848                                 {product} {ergonomic}
     uint ConcGCThreads                            = 3                                         {product} {ergonomic}
     uint G1ConcRefinementThreads                  = 13                                        {product} {ergonomic}
   size_t G1HeapRegionSize                         = 1048576                                   {product} {ergonomic}
    uintx GCDrainStackTargetSize                   = 64                                        {product} {ergonomic}
     bool HeapDumpOnOutOfMemoryError               = true                                   {manageable} {command line}
   size_t InitialHeapSize                          = 268435456                                 {product} {command line}
   size_t MarkStackSize                            = 4194304                                   {product} {ergonomic}
   size_t MaxHeapSize                              = 536870912                                 {product} {command line}
   size_t MaxMetaspaceSize                         = 268435456                                 {product} {command line}
   size_t MaxNewSize                               = 321912832                                 {product} {ergonomic}
   size_t MinHeapDeltaBytes                        = 1048576                                   {product} {ergonomic}
    uintx NonNMethodCodeHeapSize                   = 7594288                                {pd product} {ergonomic}
    uintx NonProfiledCodeHeapSize                  = 122031976                              {pd product} {ergonomic}
    uintx ProfiledCodeHeapSize                     = 122031976                              {pd product} {ergonomic}
    uintx ReservedCodeCacheSize                    = 251658240                              {pd product} {ergonomic}
     bool SegmentedCodeCache                       = true                                      {product} {ergonomic}
     bool UseCompressedClassPointers               = true                                 {lp64_product} {ergonomic}
     bool UseCompressedOops                        = true                                 {lp64_product} {ergonomic}
     bool UseG1GC                                  = true                                      {product} {ergonomic}
     bool UseLargePagesIndividualAllocation        = false                                  {pd product} {ergonomic}

Logging:
Log output configuration:
 #0: stdout all=warning uptime,level,tags
 #1: stderr all=off uptime,level,tags

Environment Variables:
JAVA_HOME=C:\Program Files\Java\jdk1.8.0_111
PATH=C:\Program Files (x86)\Common Files\NetSarang;C:\ProgramData\Oracle\Java\javapath;C:\Windows\system32;C:\Windows;C:\Windows\System32\Wbem;C:\Windows\System32\WindowsPowerShell\v1.0\;C:\Windows\System32\OpenSSH\;C:\Program Files\Git\cmd;C:\HashiCorp\Vagrant\bin;C:\Program Files\Java\jdk1.8.0_111\bin;C:\Program Files\ojdkbuild\java-1.8.0-openjdk-1.8.0.312-1\bin;C:\Program Files\ojdkbuild\java-1.8.0-openjdk-1.8.0.312-1\jre\bin;C:\Program Files\MySQL\MySQL Server 8.0\bin;;C:\Program Files\Docker\Docker\resources\bin;C:\ProgramData\DockerDesktop\version-bin;C:\Users\CSJ\AppData\Local\Programs\Python\Python310\Scripts\;C:\Users\CSJ\AppData\Local\Programs\Python\Python310\;C:\Program Files\MySQL\MySQL Shell 8.0\bin\;C:\Users\CSJ\AppData\Local\Microsoft\WindowsApps;C:\Program Files\Bandizip\;C:\Users\CSJ\AppData\Local\Programs\Microsoft VS Code\bin
USERNAME=CSJ
OS=Windows_NT
PROCESSOR_IDENTIFIER=Intel64 Family 6 Model 165 Stepping 5, GenuineIntel



---------------  S Y S T E M  ---------------

OS: Windows 10 , 64 bit Build 19041 (10.0.19041.1741)
OS uptime: 26 days 8:58 hours
Hyper-V role detected

CPU:total 16 (initial active 16) (8 cores per cpu, 2 threads per core) family 6 model 165 stepping 5 microcode 0xe2, cmov, cx8, fxsr, mmx, sse, sse2, sse3, ssse3, sse4.1, sse4.2, popcnt, avx, avx2, aes, clmul, erms, 3dnowpref, lzcnt, ht, tsc, tscinvbit, bmi1, bmi2, adx, fma

Memory: 4k page, system-wide physical 16250M (3259M free)
TotalPageFile size 33544M (AvailPageFile size 6M)
current process WorkingSet (physical memory assigned to process): 551M, peak: 551M
current process commit charge ("private bytes"): 618M, peak: 620M

vm_info: OpenJDK 64-Bit Server VM (11.0.15+10-LTS) for windows-amd64 JRE (Zulu11.56+19-CA) (11.0.15+10-LTS), built on Apr 17 2022 08:58:55 by "zulu_re" with MS VC++ 15.9 (VS2017)

END.
