#
# There is insufficient memory for the Java Runtime Environment to continue.
# Native memory allocation (mmap) failed to map 266338304 bytes for Failed to commit area from 0x0000000702000000 to 0x0000000711e00000 of length 266338304.
# Possible reasons:
#   The system is out of physical RAM or swap space
#   The process is running with CompressedOops enabled, and the Java Heap may be blocking the growth of the native heap
# Possible solutions:
#   Reduce memory load on the system
#   Increase physical memory or swap space
#   Check if swap backing store is full
#   Decrease Java heap size (-Xmx/-Xms)
#   Decrease number of Java threads
#   Decrease Java thread stack sizes (-Xss)
#   Set larger code cache with -XX:ReservedCodeCacheSize=
# This output file may be truncated or incomplete.
#
#  Out of Memory Error (src/hotspot/os/windows/os_windows.cpp:3627), pid=36832, tid=5352
#
# JRE version:  (11.0.15+10) (build )
# Java VM: OpenJDK 64-Bit Server VM (11.0.15+10-b2043.56, mixed mode, sharing, tiered, compressed oops, g1 gc, windows-amd64)
# No core dump will be written. Minidumps are not enabled by default on client versions of Windows
#

---------------  S U M M A R Y ------------

Command Line: git4idea.http.GitAskPassApp Username for 'https://github.com': 

Host: Intel(R) Core(TM) i7-10700 CPU @ 2.90GHz, 16 cores, 15G,  Windows 10 , 64 bit Build 19041 (10.0.19041.1741)
Time: Fri Jul  8 17:12:29 2022  Windows 10 , 64 bit Build 19041 (10.0.19041.1741) elapsed time: 0.011679 seconds (0d 0h 0m 0s)

---------------  T H R E A D  ---------------

Current thread (0x0000027dc326d800):  JavaThread "Unknown thread" [_thread_in_vm, id=5352, stack(0x000000d2df000000,0x000000d2df100000)]

Stack: [0x000000d2df000000,0x000000d2df100000]
Native frames: (J=compiled Java code, j=interpreted, Vv=VM code, C=native code)
V  [jvm.dll+0x61612a]
V  [jvm.dll+0x79c450]
V  [jvm.dll+0x79da6d]
V  [jvm.dll+0x79e143]
V  [jvm.dll+0x24cc18]
V  [jvm.dll+0x613174]
V  [jvm.dll+0x607e55]
V  [jvm.dll+0x30b1cb]
V  [jvm.dll+0x30b13a]
V  [jvm.dll+0x30b012]
V  [jvm.dll+0x30ff76]
V  [jvm.dll+0x35b4c3]
V  [jvm.dll+0x35bbc6]
V  [jvm.dll+0x35b5c3]
V  [jvm.dll+0x2e5918]
V  [jvm.dll+0x2e6ab7]
V  [jvm.dll+0x7794f7]
V  [jvm.dll+0x77acec]
V  [jvm.dll+0x368a59]
V  [jvm.dll+0x75ce8e]
V  [jvm.dll+0x3d6a33]
V  [jvm.dll+0x3d9001]
C  [jli.dll+0x536b]
C  [ucrtbase.dll+0x21bb2]
C  [KERNEL32.DLL+0x17034]
C  [ntdll.dll+0x52651]


---------------  P R O C E S S  ---------------

Threads class SMR info:
_java_thread_list=0x0000027dc11130f0, length=0, elements={
}

Java Threads: ( => current thread )

Other Threads:
  0x0000027dc3288800 GCTaskThread "GC Thread#0" [stack: 0x000000d2df100000,0x000000d2df200000] [id=14860]
  0x0000027dc32e5800 ConcurrentGCThread "G1 Main Marker" [stack: 0x000000d2df200000,0x000000d2df300000] [id=13900]
  0x0000027dc32e6800 ConcurrentGCThread "G1 Conc#0" [stack: 0x000000d2df300000,0x000000d2df400000] [id=31324]

[error occurred during error reporting (printing all threads), id 0xc0000005, EXCEPTION_ACCESS_VIOLATION (0xc0000005) at pc=0x00007ffdebfe6017]

VM state:not at safepoint (not fully initialized)

VM Mutex/Monitor currently owned by a thread:  ([mutex/lock_event])
[0x0000027dc3269f90] Heap_lock - owner thread: 0x0000027dc326d800

Heap address: 0x0000000702000000, size: 4064 MB, Compressed Oops mode: Non-zero based: 0x0000000702000000
Narrow klass base: 0x0000000000000000, Narrow klass shift: 0

GC Heap History (0 events):
No events

Deoptimization events (0 events):
No events

Classes redefined (0 events):
No events

Internal exceptions (0 events):
No events

Events (1 events):
Event: 0.008 Loaded shared library C:\Users\CSJ\AppData\Local\JetBrains\Toolbox\apps\IDEA-U\ch-0\221.5921.22\jbr\bin\zip.dll


Dynamic libraries:
0x00007ff749360000 - 0x00007ff74936a000 	C:\Users\CSJ\AppData\Local\JetBrains\Toolbox\apps\IDEA-U\ch-0\221.5921.22\jbr\bin\java.exe
0x00007ffe22bd0000 - 0x00007ffe22dc7000 	C:\Windows\SYSTEM32\ntdll.dll
0x00007ffe22260000 - 0x00007ffe2231d000 	C:\Windows\System32\KERNEL32.DLL
0x00007ffe20960000 - 0x00007ffe20c2d000 	C:\Windows\System32\KERNELBASE.dll
0x00007ffe20470000 - 0x00007ffe20570000 	C:\Windows\System32\ucrtbase.dll
0x00007ffdfbcc0000 - 0x00007ffdfbcd9000 	C:\Users\CSJ\AppData\Local\JetBrains\Toolbox\apps\IDEA-U\ch-0\221.5921.22\jbr\bin\jli.dll
0x00007ffdfb9e0000 - 0x00007ffdfb9f6000 	C:\Users\CSJ\AppData\Local\JetBrains\Toolbox\apps\IDEA-U\ch-0\221.5921.22\jbr\bin\VCRUNTIME140.dll
0x00007ffe216d0000 - 0x00007ffe21870000 	C:\Windows\System32\USER32.dll
0x00007ffe202f0000 - 0x00007ffe20312000 	C:\Windows\System32\win32u.dll
0x00007ffe20d80000 - 0x00007ffe20daa000 	C:\Windows\System32\GDI32.dll
0x00007ffe20600000 - 0x00007ffe2070b000 	C:\Windows\System32\gdi32full.dll
0x00007ffe10360000 - 0x00007ffe105fa000 	C:\Windows\WinSxS\amd64_microsoft.windows.common-controls_6595b64144ccf1df_6.0.19041.1110_none_60b5254171f9507e\COMCTL32.dll
0x00007ffe20320000 - 0x00007ffe203bd000 	C:\Windows\System32\msvcp_win.dll
0x00007ffe21620000 - 0x00007ffe216be000 	C:\Windows\System32\msvcrt.dll
0x00007ffe21590000 - 0x00007ffe215c0000 	C:\Windows\System32\IMM32.DLL
0x00007ffde3fc0000 - 0x00007ffde406a000 	C:\Users\CSJ\AppData\Local\JetBrains\Toolbox\apps\IDEA-U\ch-0\221.5921.22\jbr\bin\msvcp140.dll
0x00007ffdebcf0000 - 0x00007ffdec86b000 	C:\Users\CSJ\AppData\Local\JetBrains\Toolbox\apps\IDEA-U\ch-0\221.5921.22\jbr\bin\server\jvm.dll
0x00007ffe20e50000 - 0x00007ffe20efe000 	C:\Windows\System32\ADVAPI32.dll
0x00007ffe20db0000 - 0x00007ffe20e4c000 	C:\Windows\System32\sechost.dll
0x00007ffe20c30000 - 0x00007ffe20d55000 	C:\Windows\System32\RPCRT4.dll
0x00007ffe210b0000 - 0x00007ffe210b8000 	C:\Windows\System32\PSAPI.DLL
0x00007ffe1ad40000 - 0x00007ffe1ad49000 	C:\Windows\SYSTEM32\WSOCK32.dll
0x00007ffe11b40000 - 0x00007ffe11b67000 	C:\Windows\SYSTEM32\WINMM.dll
0x00007ffe1b9f0000 - 0x00007ffe1b9fa000 	C:\Windows\SYSTEM32\VERSION.dll
0x00007ffe21980000 - 0x00007ffe219eb000 	C:\Windows\System32\WS2_32.dll
0x00007ffe1e0f0000 - 0x00007ffe1e102000 	C:\Windows\SYSTEM32\kernel.appcore.dll
0x00007ffe1adf0000 - 0x00007ffe1ae01000 	C:\Users\CSJ\AppData\Local\JetBrains\Toolbox\apps\IDEA-U\ch-0\221.5921.22\jbr\bin\verify.dll
0x00007ffe1a580000 - 0x00007ffe1a764000 	C:\Windows\SYSTEM32\DBGHELP.DLL
0x00007ffe1a190000 - 0x00007ffe1a1bc000 	C:\Windows\SYSTEM32\dbgcore.DLL
0x00007ffe20570000 - 0x00007ffe205f2000 	C:\Windows\System32\bcryptPrimitives.dll
0x00007ffe1aa90000 - 0x00007ffe1aab9000 	C:\Users\CSJ\AppData\Local\JetBrains\Toolbox\apps\IDEA-U\ch-0\221.5921.22\jbr\bin\java.dll
0x00007ffe1ad30000 - 0x00007ffe1ad3b000 	C:\Users\CSJ\AppData\Local\JetBrains\Toolbox\apps\IDEA-U\ch-0\221.5921.22\jbr\bin\jimage.dll
0x00007ffe19e60000 - 0x00007ffe19e79000 	C:\Users\CSJ\AppData\Local\JetBrains\Toolbox\apps\IDEA-U\ch-0\221.5921.22\jbr\bin\zip.dll

dbghelp: loaded successfully - version: 4.0.5 - missing functions: none
symbol engine: initialized successfully - sym options: 0x614 - pdb path: .;C:\Users\CSJ\AppData\Local\JetBrains\Toolbox\apps\IDEA-U\ch-0\221.5921.22\jbr\bin;C:\Windows\SYSTEM32;C:\Windows\WinSxS\amd64_microsoft.windows.common-controls_6595b64144ccf1df_6.0.19041.1110_none_60b5254171f9507e;C:\Users\CSJ\AppData\Local\JetBrains\Toolbox\apps\IDEA-U\ch-0\221.5921.22\jbr\bin\server

VM Arguments:
java_command: git4idea.http.GitAskPassApp Username for 'https://github.com': 
java_class_path (initial): C:/Users/CSJ/AppData/Local/JetBrains/Toolbox/apps/IDEA-U/ch-0/221.5921.22/plugins/git4idea/lib/git4idea-rt.jar;C:/Users/CSJ/AppData/Local/JetBrains/Toolbox/apps/IDEA-U/ch-0/221.5921.22/lib/externalProcess-rt.jar;C:/Users/CSJ/AppData/Local/JetBrains/Toolbox/apps/IDEA-U/ch-0/221.5921.22/lib/app.jar;C:/Users/CSJ/AppData/Local/JetBrains/Toolbox/apps/IDEA-U/ch-0/221.5921.22/lib/3rd-party-rt.jar
Launcher Type: SUN_STANDARD

[Global flags]
     intx CICompilerCount                          = 12                                        {product} {ergonomic}
     uint ConcGCThreads                            = 3                                         {product} {ergonomic}
     uint G1ConcRefinementThreads                  = 13                                        {product} {ergonomic}
   size_t G1HeapRegionSize                         = 1048576                                   {product} {ergonomic}
    uintx GCDrainStackTargetSize                   = 64                                        {product} {ergonomic}
   size_t InitialHeapSize                          = 266338304                                 {product} {ergonomic}
   size_t MarkStackSize                            = 4194304                                   {product} {ergonomic}
   size_t MaxHeapSize                              = 4261412864                                {product} {ergonomic}
   size_t MinHeapDeltaBytes                        = 1048576                                   {product} {ergonomic}
    uintx NonNMethodCodeHeapSize                   = 7594288                                {pd product} {ergonomic}
    uintx NonProfiledCodeHeapSize                  = 122031976                              {pd product} {ergonomic}
    uintx ProfiledCodeHeapSize                     = 122031976                              {pd product} {ergonomic}
    uintx ReservedCodeCacheSize                    = 251658240                              {pd product} {ergonomic}
     bool SegmentedCodeCache                       = true                                      {product} {ergonomic}
     bool UseCompressedClassPointers               = true                                 {lp64_product} {ergonomic}
     bool UseCompressedOops                        = true                                 {lp64_product} {ergonomic}
     bool UseG1GC                                  = true                                      {product} {ergonomic}
     bool UseLargePagesIndividualAllocation        = false                                  {pd product} {ergonomic}

Logging:
Log output configuration:
 #0: stdout all=warning uptime,level,tags
 #1: stderr all=off uptime,level,tags

Environment Variables:
JAVA_HOME=C:\Program Files\Java\jdk1.8.0_111
PATH=C:\Program Files\Git\mingw64\libexec\git-core;C:\Program Files\Git\mingw64\libexec\git-core;C:\Program Files\Git\mingw64\bin;C:\Program Files\Git\usr\bin;C:\Users\CSJ\bin;C:\Program Files (x86)\Common Files\NetSarang;C:\ProgramData\Oracle\Java\javapath;C:\Windows\system32;C:\Windows;C:\Windows\System32\Wbem;C:\Windows\System32\WindowsPowerShell\v1.0;C:\Windows\System32\OpenSSH;C:\Program Files\Git\cmd;C:\HashiCorp\Vagrant\bin;C:\Program Files\Java\jdk1.8.0_111\bin;C:\Program Files\ojdkbuild\java-1.8.0-openjdk-1.8.0.312-1\bin;C:\Program Files\ojdkbuild\java-1.8.0-openjdk-1.8.0.312-1\jre\bin;C:\Program Files\MySQL\MySQL Server 8.0\bin;C:\Program Files\Docker\Docker\resources\bin;C:\ProgramData\DockerDesktop\version-bin;C:\Users\CSJ\AppData\Local\Programs\Python\Python310\Scripts;C:\Users\CSJ\AppData\Local\Programs\Python\Python310;C:\Program Files\MySQL\MySQL Shell 8.0\bin;C:\Users\CSJ\AppData\Local\Microsoft\WindowsApps;C:\Program Files\Bandizip;C:\Users\CSJ\AppData\Local\Programs\Microsoft VS Code\bin
USERNAME=CSJ
DISPLAY=:0.0
LC_ALL=en_US.UTF-8
OS=Windows_NT
PROCESSOR_IDENTIFIER=Intel64 Family 6 Model 165 Stepping 5, GenuineIntel



---------------  S Y S T E M  ---------------

OS: Windows 10 , 64 bit Build 19041 (10.0.19041.1741)
OS uptime: 22 days 16:50 hours
Hyper-V role detected

CPU:total 16 (initial active 16) (8 cores per cpu, 2 threads per core) family 6 model 165 stepping 5 microcode 0xe2, cmov, cx8, fxsr, mmx, sse, sse2, sse3, ssse3, sse4.1, sse4.2, popcnt, avx, avx2, aes, clmul, erms, 3dnowpref, lzcnt, ht, tsc, tscinvbit, bmi1, bmi2, adx, fma

Memory: 4k page, system-wide physical 16250M (4183M free)
TotalPageFile size 33544M (AvailPageFile size 81M)
current process WorkingSet (physical memory assigned to process): 10M, peak: 10M
current process commit charge ("private bytes"): 71M, peak: 325M

vm_info: OpenJDK 64-Bit Server VM (11.0.15+10-b2043.56) for windows-amd64 JRE (11.0.15+10-b2043.56), built on May 16 2022 02:28:12 by "" with MS VC++ 14.0 (VS2015)

END.
