#
# There is insufficient memory for the Java Runtime Environment to continue.
# Native memory allocation (malloc) failed to allocate 1735696 bytes for Chunk::new
# Possible reasons:
#   The system is out of physical RAM or swap space
#   The process is running with CompressedOops enabled, and the Java Heap may be blocking the growth of the native heap
# Possible solutions:
#   Reduce memory load on the system
#   Increase physical memory or swap space
#   Check if swap backing store is full
#   Decrease Java heap size (-Xmx/-Xms)
#   Decrease number of Java threads
#   Decrease Java thread stack sizes (-Xss)
#   Set larger code cache with -XX:ReservedCodeCacheSize=
#   JVM is running with Unscaled Compressed Oops mode in which the Java heap is
#     placed in the first 4GB address space. The Java Heap base address is the
#     maximum limit for the native heap growth. Please use -XX:HeapBaseMinAddress
#     to set the Java Heap base and to place the Java Heap above 4GB virtual address.
# This output file may be truncated or incomplete.
#
#  Out of Memory Error (./src/hotspot/share/memory/arena.cpp:197), pid=22800, tid=28172
#
# JRE version: OpenJDK Runtime Environment Zulu11.56+19-CA (11.0.15+10) (build 11.0.15+10-LTS)
# Java VM: OpenJDK 64-Bit Server VM Zulu11.56+19-CA (11.0.15+10-LTS, mixed mode, tiered, compressed oops, g1 gc, windows-amd64)
# No core dump will be written. Minidumps are not enabled by default on client versions of Windows
#

---------------  S U M M A R Y ------------

Command Line: --add-opens=java.base/java.util=ALL-UNNAMED --add-opens=java.base/java.lang=ALL-UNNAMED --add-opens=java.base/java.lang.invoke=ALL-UNNAMED --add-opens=java.base/java.util=ALL-UNNAMED --add-opens=java.prefs/java.util.prefs=ALL-UNNAMED --add-opens=java.prefs/java.util.prefs=ALL-UNNAMED --add-opens=java.base/java.nio.charset=ALL-UNNAMED --add-opens=java.base/java.net=ALL-UNNAMED --add-opens=java.base/java.util.concurrent.atomic=ALL-UNNAMED -XX:MaxMetaspaceSize=256m -XX:+HeapDumpOnOutOfMemoryError -Xms256m -Xmx512m -Dfile.encoding=x-windows-949 -Duser.country=US -Duser.language=en -Duser.variant org.gradle.launcher.daemon.bootstrap.GradleDaemon 7.4.1

Host: Intel(R) Core(TM) i7-10700 CPU @ 2.90GHz, 16 cores, 15G,  Windows 10 , 64 bit Build 19041 (10.0.19041.1741)
Time: Tue Jul 12 09:20:55 2022  Windows 10 , 64 bit Build 19041 (10.0.19041.1741) elapsed time: 8.040750 seconds (0d 0h 0m 8s)

---------------  T H R E A D  ---------------

Current thread (0x0000014a82da3800):  JavaThread "C2 CompilerThread4" daemon [_thread_in_native, id=28172, stack(0x00000008c4000000,0x00000008c4100000)]


Current CompileTask:
C2:   8040 7382       4       org.gradle.api.internal.artifacts.ivyservice.modulecache.ModuleMetadataSerializer$Reader::readMavenDependency (142 bytes)

Stack: [0x00000008c4000000,0x00000008c4100000]
Native frames: (J=compiled Java code, j=interpreted, Vv=VM code, C=native code)
V  [jvm.dll+0x62819a]
V  [jvm.dll+0x7b55c9]
V  [jvm.dll+0x7b6cb8]
V  [jvm.dll+0x7b7393]
V  [jvm.dll+0x2532f8]
V  [jvm.dll+0xc245c]
V  [jvm.dll+0xc2a1c]
V  [jvm.dll+0x35f947]
V  [jvm.dll+0x19e459]
V  [jvm.dll+0x208622]
V  [jvm.dll+0x2076fd]
V  [jvm.dll+0x18a051]
V  [jvm.dll+0x217104]
V  [jvm.dll+0x21534b]
V  [jvm.dll+0x778160]
V  [jvm.dll+0x7710b4]
V  [jvm.dll+0x626ff6]
C  [ucrtbase.dll+0x21bb2]
C  [KERNEL32.DLL+0x17034]
C  [ntdll.dll+0x52651]


---------------  P R O C E S S  ---------------

Threads class SMR info:
_java_thread_list=0x0000014a8715d1f0, length=119, elements={
0x0000014ae180a000, 0x0000014affbbb800, 0x0000014affbc4000, 0x0000014affc28000,
0x0000014affc29000, 0x0000014affc2c000, 0x0000014affc3a800, 0x0000014affc3f000,
0x0000014affc40800, 0x0000014affb47800, 0x0000014affdbc800, 0x0000014a81332000,
0x0000014a81a11800, 0x0000014a82d9e800, 0x0000014a828f5800, 0x0000014a81cb0000,
0x0000014a80f27800, 0x0000014a81d53800, 0x0000014a819a6000, 0x0000014a82620000,
0x0000014a815a4800, 0x0000014a818a0800, 0x0000014a8259d800, 0x0000014a825a4000,
0x0000014a825a0000, 0x0000014a8259e000, 0x0000014a82da1000, 0x0000014a82d9d800,
0x0000014a8259f000, 0x0000014a825a2800, 0x0000014a825a1800, 0x0000014a825a0800,
0x0000014a825a3000, 0x0000014a85d5b800, 0x0000014a85d60000, 0x0000014a85d5d000,
0x0000014a85d5a800, 0x0000014a85d5e000, 0x0000014a85d5e800, 0x0000014a85d5f800,
0x0000014a85d61000, 0x0000014a85d62000, 0x0000014a85d5c000, 0x0000014a85d65000,
0x0000014a85d66000, 0x0000014a85d63800, 0x0000014a85d67000, 0x0000014a85d64800,
0x0000014a85d67800, 0x0000014a85d68800, 0x0000014a85d62800, 0x0000014a82da1800,
0x0000014a82da3800, 0x0000014a857f6800, 0x0000014a857f8000, 0x0000014a857f2000,
0x0000014a857f8800, 0x0000014a857f4000, 0x0000014a857f3000, 0x0000014a857f9800,
0x0000014a857fa800, 0x0000014a857f4800, 0x0000014a857fb000, 0x0000014a857f5800,
0x0000014a857fc000, 0x0000014a857fd800, 0x0000014a857fd000, 0x0000014a857fe800,
0x0000014a857ff800, 0x0000014a85800000, 0x0000014a85801000, 0x0000014a8a74e000,
0x0000014a8a750800, 0x0000014a8a753000, 0x0000014a8a751000, 0x0000014a8a74d000,
0x0000014a8a752000, 0x0000014a82da0000, 0x0000014a87424000, 0x0000014a8a753800,
0x0000014a8a151000, 0x0000014a8a150000, 0x0000014a87426800, 0x0000014a8a14e800,
0x0000014a8a151800, 0x0000014a8a152800, 0x0000014a8a153000, 0x0000014a8a154000,
0x0000014a8a14f000, 0x0000014a8a15a000, 0x0000014a8a155000, 0x0000014a8a157800,
0x0000014a8a155800, 0x0000014a8a15b800, 0x0000014a8a15c000, 0x0000014a8a159000,
0x0000014a8a15a800, 0x0000014a8a156800, 0x0000014a8a15d000, 0x0000014a8a158000,
0x0000014a8a754800, 0x0000014a8a74f000, 0x0000014a8a755800, 0x0000014a8a74f800,
0x0000014a8a757000, 0x0000014a8a75a000, 0x0000014a8a759800, 0x0000014a8a758000,
0x0000014a8a758800, 0x0000014a8a75b000, 0x0000014a8a756000, 0x0000014a8a75c000,
0x0000014a8a17f800, 0x0000014a8a17c800, 0x0000014a8a180800, 0x0000014a8a17b800,
0x0000014a8a17b000, 0x0000014a8a17d800, 0x0000014a8a17e000
}

Java Threads: ( => current thread )
  0x0000014ae180a000 JavaThread "main" [_thread_blocked, id=38004, stack(0x00000008bf700000,0x00000008bf800000)]
  0x0000014affbbb800 JavaThread "Reference Handler" daemon [_thread_blocked, id=17272, stack(0x00000008bfe00000,0x00000008bff00000)]
  0x0000014affbc4000 JavaThread "Finalizer" daemon [_thread_blocked, id=39768, stack(0x00000008bff00000,0x00000008c0000000)]
  0x0000014affc28000 JavaThread "Signal Dispatcher" daemon [_thread_blocked, id=29704, stack(0x00000008c0000000,0x00000008c0100000)]
  0x0000014affc29000 JavaThread "Attach Listener" daemon [_thread_blocked, id=8792, stack(0x00000008c0100000,0x00000008c0200000)]
  0x0000014affc2c000 JavaThread "Service Thread" daemon [_thread_blocked, id=27920, stack(0x00000008c0200000,0x00000008c0300000)]
  0x0000014affc3a800 JavaThread "C2 CompilerThread0" daemon [_thread_in_native, id=17996, stack(0x00000008c0300000,0x00000008c0400000)]
  0x0000014affc3f000 JavaThread "C1 CompilerThread0" daemon [_thread_blocked, id=35976, stack(0x00000008c0400000,0x00000008c0500000)]
  0x0000014affc40800 JavaThread "Sweeper thread" daemon [_thread_blocked, id=18304, stack(0x00000008c0500000,0x00000008c0600000)]
  0x0000014affb47800 JavaThread "C1 CompilerThread1" daemon [_thread_blocked, id=21228, stack(0x00000008c0600000,0x00000008c0700000)]
  0x0000014affdbc800 JavaThread "Common-Cleaner" daemon [_thread_blocked, id=12608, stack(0x00000008c0700000,0x00000008c0800000)]
  0x0000014a81332000 JavaThread "C1 CompilerThread2" daemon [_thread_blocked, id=30944, stack(0x00000008c0b00000,0x00000008c0c00000)]
  0x0000014a81a11800 JavaThread "Daemon health stats" [_thread_blocked, id=21512, stack(0x00000008c1200000,0x00000008c1300000)]
  0x0000014a82d9e800 JavaThread "C1 CompilerThread3" daemon [_thread_blocked, id=30412, stack(0x00000008c0900000,0x00000008c0a00000)]
  0x0000014a828f5800 JavaThread "Incoming local TCP Connector on port 63822" [_thread_in_native, id=14372, stack(0x00000008c0a00000,0x00000008c0b00000)]
  0x0000014a81cb0000 JavaThread "Daemon periodic checks" [_thread_blocked, id=37516, stack(0x00000008c0c00000,0x00000008c0d00000)]
  0x0000014a80f27800 JavaThread "Daemon" [_thread_blocked, id=4928, stack(0x00000008c1300000,0x00000008c1400000)]
  0x0000014a81d53800 JavaThread "Handler for socket connection from /127.0.0.1:63822 to /127.0.0.1:63823" [_thread_in_native, id=3484, stack(0x00000008c1400000,0x00000008c1500000)]
  0x0000014a819a6000 JavaThread "Cancel handler" [_thread_blocked, id=5384, stack(0x00000008c1500000,0x00000008c1600000)]
  0x0000014a82620000 JavaThread "Daemon worker" [_thread_in_Java, id=24616, stack(0x00000008c1600000,0x00000008c1700000)]
  0x0000014a815a4800 JavaThread "Asynchronous log dispatcher for DefaultDaemonConnection: socket connection from /127.0.0.1:63822 to /127.0.0.1:63823" [_thread_blocked, id=2468, stack(0x00000008c1700000,0x00000008c1800000)]
  0x0000014a818a0800 JavaThread "Stdin handler" [_thread_blocked, id=37660, stack(0x00000008c1800000,0x00000008c1900000)]
  0x0000014a8259d800 JavaThread "Daemon client event forwarder" [_thread_blocked, id=16404, stack(0x00000008c1900000,0x00000008c1a00000)]
  0x0000014a825a4000 JavaThread "Cache worker for journal cache (C:\Users\CSJ\.gradle\caches\journal-1)" [_thread_blocked, id=32388, stack(0x00000008c1a00000,0x00000008c1b00000)]
  0x0000014a825a0000 JavaThread "File lock request listener" [_thread_in_native, id=22500, stack(0x00000008c2400000,0x00000008c2500000)]
  0x0000014a8259e000 JavaThread "Cache worker for file hash cache (C:\Users\CSJ\.gradle\caches\7.4.1\fileHashes)" [_thread_blocked, id=34192, stack(0x00000008c2500000,0x00000008c2600000)]
  0x0000014a82da1000 JavaThread "C2 CompilerThread1" daemon [_thread_in_native, id=22724, stack(0x00000008c2600000,0x00000008c2700000)]
  0x0000014a82d9d800 JavaThread "C2 CompilerThread2" daemon [_thread_in_native, id=10044, stack(0x00000008c2700000,0x00000008c2800000)]
  0x0000014a8259f000 JavaThread "File watcher server" daemon [_thread_in_native, id=16036, stack(0x00000008c2800000,0x00000008c2900000)]
  0x0000014a825a2800 JavaThread "File watcher consumer" daemon [_thread_blocked, id=23308, stack(0x00000008c2900000,0x00000008c2a00000)]
  0x0000014a825a1800 JavaThread "jar transforms" [_thread_blocked, id=19660, stack(0x00000008c2a00000,0x00000008c2b00000)]
  0x0000014a825a0800 JavaThread "jar transforms Thread 2" [_thread_blocked, id=30668, stack(0x00000008c2b00000,0x00000008c2c00000)]
  0x0000014a825a3000 JavaThread "jar transforms Thread 3" [_thread_blocked, id=23208, stack(0x00000008c2c00000,0x00000008c2d00000)]
  0x0000014a85d5b800 JavaThread "jar transforms Thread 4" [_thread_blocked, id=34552, stack(0x00000008c2d00000,0x00000008c2e00000)]
  0x0000014a85d60000 JavaThread "jar transforms Thread 5" [_thread_blocked, id=20208, stack(0x00000008c2e00000,0x00000008c2f00000)]
  0x0000014a85d5d000 JavaThread "jar transforms Thread 6" [_thread_blocked, id=24628, stack(0x00000008c2f00000,0x00000008c3000000)]
  0x0000014a85d5a800 JavaThread "jar transforms Thread 7" [_thread_blocked, id=29664, stack(0x00000008c3000000,0x00000008c3100000)]
  0x0000014a85d5e000 JavaThread "jar transforms Thread 8" [_thread_blocked, id=39664, stack(0x00000008c3100000,0x00000008c3200000)]
  0x0000014a85d5e800 JavaThread "jar transforms Thread 9" [_thread_blocked, id=13868, stack(0x00000008c3200000,0x00000008c3300000)]
  0x0000014a85d5f800 JavaThread "jar transforms Thread 10" [_thread_blocked, id=37232, stack(0x00000008c3300000,0x00000008c3400000)]
  0x0000014a85d61000 JavaThread "jar transforms Thread 11" [_thread_blocked, id=14388, stack(0x00000008c3400000,0x00000008c3500000)]
  0x0000014a85d62000 JavaThread "jar transforms Thread 12" [_thread_blocked, id=25660, stack(0x00000008c3500000,0x00000008c3600000)]
  0x0000014a85d5c000 JavaThread "jar transforms Thread 13" [_thread_blocked, id=18900, stack(0x00000008c3600000,0x00000008c3700000)]
  0x0000014a85d65000 JavaThread "jar transforms Thread 14" [_thread_blocked, id=25544, stack(0x00000008c3700000,0x00000008c3800000)]
  0x0000014a85d66000 JavaThread "jar transforms Thread 15" [_thread_blocked, id=38012, stack(0x00000008c3800000,0x00000008c3900000)]
  0x0000014a85d63800 JavaThread "jar transforms Thread 16" [_thread_blocked, id=33932, stack(0x00000008c3900000,0x00000008c3a00000)]
  0x0000014a85d67000 JavaThread "Cache worker for checksums cache (D:\JPA_VDI\vdi01_2\.gradle\7.4.1\checksums)" [_thread_blocked, id=13828, stack(0x00000008c3a00000,0x00000008c3b00000)]
  0x0000014a85d64800 JavaThread "Cache worker for cache directory md-rule (C:\Users\CSJ\.gradle\caches\7.4.1\md-rule)" [_thread_blocked, id=30392, stack(0x00000008c3b00000,0x00000008c3c00000)]
  0x0000014a85d67800 JavaThread "Cache worker for file hash cache (D:\JPA_VDI\vdi01_2\.gradle\7.4.1\fileHashes)" [_thread_blocked, id=38940, stack(0x00000008c3c00000,0x00000008c3d00000)]
  0x0000014a85d68800 JavaThread "Cache worker for cache directory md-supplier (C:\Users\CSJ\.gradle\caches\7.4.1\md-supplier)" [_thread_blocked, id=32796, stack(0x00000008c3d00000,0x00000008c3e00000)]
  0x0000014a85d62800 JavaThread "Cache worker for execution history cache (C:\Users\CSJ\.gradle\caches\7.4.1\executionHistory)" [_thread_blocked, id=12688, stack(0x00000008c3e00000,0x00000008c3f00000)]
  0x0000014a82da1800 JavaThread "C2 CompilerThread3" daemon [_thread_in_native, id=12860, stack(0x00000008c3f00000,0x00000008c4000000)]
=>0x0000014a82da3800 JavaThread "C2 CompilerThread4" daemon [_thread_in_native, id=28172, stack(0x00000008c4000000,0x00000008c4100000)]
  0x0000014a857f6800 JavaThread "Cache worker for file content cache (C:\Users\CSJ\.gradle\caches\7.4.1\fileContent)" [_thread_blocked, id=5948, stack(0x00000008c4200000,0x00000008c4300000)]
  0x0000014a857f8000 JavaThread "Cache worker for dependencies-accessors (D:\JPA_VDI\vdi01_2\.gradle\7.4.1\dependencies-accessors)" [_thread_blocked, id=38916, stack(0x00000008c4300000,0x00000008c4400000)]
  0x0000014a857f2000 JavaThread "Cache worker for Build Output Cleanup Cache (D:\JPA_VDI\vdi01_2\.gradle\buildOutputCleanup)" [_thread_blocked, id=34328, stack(0x00000008c4400000,0x00000008c4500000)]
  0x0000014a857f8800 JavaThread "Unconstrained build operations" [_thread_blocked, id=22144, stack(0x00000008c4500000,0x00000008c4600000)]
  0x0000014a857f4000 JavaThread "Unconstrained build operations Thread 2" [_thread_blocked, id=30120, stack(0x00000008c4600000,0x00000008c4700000)]
  0x0000014a857f3000 JavaThread "Unconstrained build operations Thread 3" [_thread_blocked, id=9968, stack(0x00000008c4700000,0x00000008c4800000)]
  0x0000014a857f9800 JavaThread "Unconstrained build operations Thread 4" [_thread_blocked, id=35676, stack(0x00000008c4800000,0x00000008c4900000)]
  0x0000014a857fa800 JavaThread "Unconstrained build operations Thread 5" [_thread_blocked, id=17216, stack(0x00000008c4900000,0x00000008c4a00000)]
  0x0000014a857f4800 JavaThread "Unconstrained build operations Thread 6" [_thread_blocked, id=17784, stack(0x00000008c4a00000,0x00000008c4b00000)]
  0x0000014a857fb000 JavaThread "Unconstrained build operations Thread 7" [_thread_blocked, id=11444, stack(0x00000008c4b00000,0x00000008c4c00000)]
  0x0000014a857f5800 JavaThread "Unconstrained build operations Thread 8" [_thread_blocked, id=30896, stack(0x00000008c4c00000,0x00000008c4d00000)]
  0x0000014a857fc000 JavaThread "Unconstrained build operations Thread 9" [_thread_blocked, id=23416, stack(0x00000008c4d00000,0x00000008c4e00000)]
  0x0000014a857fd800 JavaThread "Unconstrained build operations Thread 10" [_thread_blocked, id=28296, stack(0x00000008c4e00000,0x00000008c4f00000)]
  0x0000014a857fd000 JavaThread "Unconstrained build operations Thread 11" [_thread_blocked, id=14016, stack(0x00000008c4f00000,0x00000008c5000000)]
  0x0000014a857fe800 JavaThread "Unconstrained build operations Thread 12" [_thread_blocked, id=29192, stack(0x00000008c5000000,0x00000008c5100000)]
  0x0000014a857ff800 JavaThread "Unconstrained build operations Thread 13" [_thread_blocked, id=34284, stack(0x00000008c5100000,0x00000008c5200000)]
  0x0000014a85800000 JavaThread "Unconstrained build operations Thread 14" [_thread_blocked, id=10376, stack(0x00000008c5200000,0x00000008c5300000)]
  0x0000014a85801000 JavaThread "Unconstrained build operations Thread 15" [_thread_blocked, id=25108, stack(0x00000008c5300000,0x00000008c5400000)]
  0x0000014a8a74e000 JavaThread "Unconstrained build operations Thread 16" [_thread_blocked, id=25716, stack(0x00000008c5400000,0x00000008c5500000)]
  0x0000014a8a750800 JavaThread "Unconstrained build operations Thread 17" [_thread_blocked, id=24692, stack(0x00000008c5500000,0x00000008c5600000)]
  0x0000014a8a753000 JavaThread "Unconstrained build operations Thread 18" [_thread_blocked, id=4532, stack(0x00000008c5600000,0x00000008c5700000)]
  0x0000014a8a751000 JavaThread "Unconstrained build operations Thread 19" [_thread_blocked, id=22676, stack(0x00000008c5700000,0x00000008c5800000)]
  0x0000014a8a74d000 JavaThread "Unconstrained build operations Thread 20" [_thread_blocked, id=27808, stack(0x00000008c5800000,0x00000008c5900000)]
  0x0000014a8a752000 JavaThread "Memory manager" [_thread_blocked, id=32072, stack(0x00000008c5900000,0x00000008c5a00000)]
  0x0000014a82da0000 JavaThread "C2 CompilerThread5" daemon [_thread_in_native, id=39332, stack(0x00000008c4100000,0x00000008c4200000)]
  0x0000014a87424000 JavaThread "C2 CompilerThread6" daemon [_thread_in_native, id=17384, stack(0x00000008c5a00000,0x00000008c5b00000)]
  0x0000014a8a753800 JavaThread "included builds" [_thread_blocked, id=16984, stack(0x00000008c5b00000,0x00000008c5c00000)]
  0x0000014a8a151000 JavaThread "Cache worker for execution history cache (D:\JPA_VDI\vdi01_2\.gradle\7.4.1\executionHistory)" [_thread_blocked, id=26360, stack(0x00000008c6b00000,0x00000008c6c00000)]
  0x0000014a8a150000 JavaThread "idea-tooling-model-converter" [_thread_blocked, id=39884, stack(0x00000008c5c00000,0x00000008c5d00000)]
  0x0000014a87426800 JavaThread "C2 CompilerThread7" daemon [_thread_in_native, id=19108, stack(0x00000008c5d00000,0x00000008c5e00000)]
  0x0000014a8a14e800 JavaThread "Unconstrained build operations Thread 21" [_thread_blocked, id=32680, stack(0x00000008c5e00000,0x00000008c5f00000)]
  0x0000014a8a151800 JavaThread "Unconstrained build operations Thread 22" [_thread_blocked, id=14164, stack(0x00000008c5f00000,0x00000008c6000000)]
  0x0000014a8a152800 JavaThread "Unconstrained build operations Thread 23" [_thread_blocked, id=32264, stack(0x00000008c6000000,0x00000008c6100000)]
  0x0000014a8a153000 JavaThread "Unconstrained build operations Thread 24" [_thread_blocked, id=38984, stack(0x00000008c6100000,0x00000008c6200000)]
  0x0000014a8a154000 JavaThread "Unconstrained build operations Thread 25" [_thread_blocked, id=9024, stack(0x00000008c6200000,0x00000008c6300000)]
  0x0000014a8a14f000 JavaThread "Unconstrained build operations Thread 26" [_thread_blocked, id=34272, stack(0x00000008c6300000,0x00000008c6400000)]
  0x0000014a8a15a000 JavaThread "Unconstrained build operations Thread 27" [_thread_blocked, id=6892, stack(0x00000008c6400000,0x00000008c6500000)]
  0x0000014a8a155000 JavaThread "Unconstrained build operations Thread 28" [_thread_blocked, id=18276, stack(0x00000008c6500000,0x00000008c6600000)]
  0x0000014a8a157800 JavaThread "Unconstrained build operations Thread 29" [_thread_blocked, id=23456, stack(0x00000008c6600000,0x00000008c6700000)]
  0x0000014a8a155800 JavaThread "Unconstrained build operations Thread 30" [_thread_blocked, id=12164, stack(0x00000008c6700000,0x00000008c6800000)]
  0x0000014a8a15b800 JavaThread "Unconstrained build operations Thread 31" [_thread_blocked, id=7740, stack(0x00000008c6800000,0x00000008c6900000)]
  0x0000014a8a15c000 JavaThread "Unconstrained build operations Thread 32" [_thread_blocked, id=17396, stack(0x00000008c6900000,0x00000008c6a00000)]
  0x0000014a8a159000 JavaThread "Unconstrained build operations Thread 33" [_thread_blocked, id=11428, stack(0x00000008c6a00000,0x00000008c6b00000)]
  0x0000014a8a15a800 JavaThread "Unconstrained build operations Thread 34" [_thread_blocked, id=19380, stack(0x00000008c6c00000,0x00000008c6d00000)]
  0x0000014a8a156800 JavaThread "Unconstrained build operations Thread 35" [_thread_blocked, id=27132, stack(0x00000008c6d00000,0x00000008c6e00000)]
  0x0000014a8a15d000 JavaThread "Unconstrained build operations Thread 36" [_thread_blocked, id=32244, stack(0x00000008c6e00000,0x00000008c6f00000)]
  0x0000014a8a158000 JavaThread "Unconstrained build operations Thread 37" [_thread_blocked, id=21520, stack(0x00000008c6f00000,0x00000008c7000000)]
  0x0000014a8a754800 JavaThread "Unconstrained build operations Thread 38" [_thread_blocked, id=28740, stack(0x00000008c7000000,0x00000008c7100000)]
  0x0000014a8a74f000 JavaThread "Unconstrained build operations Thread 39" [_thread_blocked, id=17688, stack(0x00000008c7100000,0x00000008c7200000)]
  0x0000014a8a755800 JavaThread "Unconstrained build operations Thread 40" [_thread_blocked, id=15780, stack(0x00000008c7200000,0x00000008c7300000)]
  0x0000014a8a74f800 JavaThread "Unconstrained build operations Thread 41" [_thread_blocked, id=31900, stack(0x00000008c7300000,0x00000008c7400000)]
  0x0000014a8a757000 JavaThread "Unconstrained build operations Thread 42" [_thread_blocked, id=31668, stack(0x00000008c7400000,0x00000008c7500000)]
  0x0000014a8a75a000 JavaThread "Unconstrained build operations Thread 43" [_thread_blocked, id=18356, stack(0x00000008c7500000,0x00000008c7600000)]
  0x0000014a8a759800 JavaThread "Unconstrained build operations Thread 44" [_thread_blocked, id=18996, stack(0x00000008c7600000,0x00000008c7700000)]
  0x0000014a8a758000 JavaThread "Unconstrained build operations Thread 45" [_thread_blocked, id=39756, stack(0x00000008c7700000,0x00000008c7800000)]
  0x0000014a8a758800 JavaThread "Unconstrained build operations Thread 46" [_thread_blocked, id=2884, stack(0x00000008c7800000,0x00000008c7900000)]
  0x0000014a8a75b000 JavaThread "Unconstrained build operations Thread 47" [_thread_blocked, id=16584, stack(0x00000008c7900000,0x00000008c7a00000)]
  0x0000014a8a756000 JavaThread "Unconstrained build operations Thread 48" [_thread_blocked, id=37108, stack(0x00000008c7a00000,0x00000008c7b00000)]
  0x0000014a8a75c000 JavaThread "Unconstrained build operations Thread 49" [_thread_blocked, id=13932, stack(0x00000008c7b00000,0x00000008c7c00000)]
  0x0000014a8a17f800 JavaThread "Unconstrained build operations Thread 50" [_thread_blocked, id=16536, stack(0x00000008c7c00000,0x00000008c7d00000)]
  0x0000014a8a17c800 JavaThread "Unconstrained build operations Thread 51" [_thread_blocked, id=12100, stack(0x00000008c7d00000,0x00000008c7e00000)]
  0x0000014a8a180800 JavaThread "Unconstrained build operations Thread 52" [_thread_blocked, id=38980, stack(0x00000008c7e00000,0x00000008c7f00000)]
  0x0000014a8a17b800 JavaThread "Unconstrained build operations Thread 53" [_thread_blocked, id=12432, stack(0x00000008c7f00000,0x00000008c8000000)]
  0x0000014a8a17b000 JavaThread "Unconstrained build operations Thread 54" [_thread_blocked, id=24500, stack(0x00000008c8000000,0x00000008c8100000)]
  0x0000014a8a17d800 JavaThread "Unconstrained build operations Thread 55" [_thread_blocked, id=36548, stack(0x00000008c8100000,0x00000008c8200000)]
  0x0000014a8a17e000 JavaThread "Unconstrained build operations Thread 56" [_thread_blocked, id=13792, stack(0x00000008c8200000,0x00000008c8300000)]

Other Threads:
  0x0000014affb96800 VMThread "VM Thread" [stack: 0x00000008bfd00000,0x00000008bfe00000] [id=39440]
  0x0000014affdcd800 WatcherThread [stack: 0x00000008c0800000,0x00000008c0900000] [id=31328]
  0x0000014ae3884000 GCTaskThread "GC Thread#0" [stack: 0x00000008bf800000,0x00000008bf900000] [id=19200]
  0x0000014a8229d800 GCTaskThread "GC Thread#1" [stack: 0x00000008c0d00000,0x00000008c0e00000] [id=11988]
  0x0000014a80eed000 GCTaskThread "GC Thread#2" [stack: 0x00000008c0e00000,0x00000008c0f00000] [id=17344]
  0x0000014a80f1a000 GCTaskThread "GC Thread#3" [stack: 0x00000008c0f00000,0x00000008c1000000] [id=37368]
  0x0000014a80c96000 GCTaskThread "GC Thread#4" [stack: 0x00000008c1000000,0x00000008c1100000] [id=39460]
  0x0000014a8119d800 GCTaskThread "GC Thread#5" [stack: 0x00000008c1100000,0x00000008c1200000] [id=5288]
  0x0000014a81c7d000 GCTaskThread "GC Thread#6" [stack: 0x00000008c1b00000,0x00000008c1c00000] [id=11844]
  0x0000014a83055800 GCTaskThread "GC Thread#7" [stack: 0x00000008c1c00000,0x00000008c1d00000] [id=18284]
  0x0000014a81622000 GCTaskThread "GC Thread#8" [stack: 0x00000008c1d00000,0x00000008c1e00000] [id=29832]
  0x0000014a82ccc000 GCTaskThread "GC Thread#9" [stack: 0x00000008c1e00000,0x00000008c1f00000] [id=38472]
  0x0000014a826fc800 GCTaskThread "GC Thread#10" [stack: 0x00000008c1f00000,0x00000008c2000000] [id=38552]
  0x0000014a831f6000 GCTaskThread "GC Thread#11" [stack: 0x00000008c2000000,0x00000008c2100000] [id=12704]
  0x0000014a831f7000 GCTaskThread "GC Thread#12" [stack: 0x00000008c2100000,0x00000008c2200000] [id=20800]
  0x0000014ae3898800 ConcurrentGCThread "G1 Main Marker" [stack: 0x00000008bf900000,0x00000008bfa00000] [id=1216]
  0x0000014ae389a000 ConcurrentGCThread "G1 Conc#0" [stack: 0x00000008bfa00000,0x00000008bfb00000] [id=16428]
  0x0000014a822dd800 ConcurrentGCThread "G1 Conc#1" [stack: 0x00000008c2200000,0x00000008c2300000] [id=30036]
  0x0000014a80a82800 ConcurrentGCThread "G1 Conc#2" [stack: 0x00000008c2300000,0x00000008c2400000] [id=24212]
  0x0000014ae394e800 ConcurrentGCThread "G1 Refine#0" [stack: 0x00000008bfb00000,0x00000008bfc00000] [id=38572]
  0x0000014affa25000 ConcurrentGCThread "G1 Young RemSet Sampling" [stack: 0x00000008bfc00000,0x00000008bfd00000] [id=36024]

Threads with active compile tasks:
C2 CompilerThread0     8065 7725  s!   4       jdk.internal.loader.URLClassPath::getLoader (194 bytes)
C1 CompilerThread3     8065 7764   !   3       java.util.concurrent.ConcurrentHashMap::transfer (828 bytes)
C2 CompilerThread1     8065 7756 %     4       sun.nio.cs.UTF_8$Decoder::decodeArrayLoop @ 73 (691 bytes)
C2 CompilerThread2     8065 7749   !   4       java.io.BufferedReader::readLine (304 bytes)
C2 CompilerThread3     8065 7543       4       java.lang.String::split (324 bytes)
C2 CompilerThread4     8065 7382       4       org.gradle.api.internal.artifacts.ivyservice.modulecache.ModuleMetadataSerializer$Reader::readMavenDependency (142 bytes)
C2 CompilerThread5     8065 7753       4       java.io.BufferedReader::readLine (6 bytes)
C2 CompilerThread6     8065 7556       4       java.lang.String::split (7 bytes)
C2 CompilerThread7     8065 7312       4       org.gradle.api.internal.artifacts.ModuleComponentSelectorSerializer::read (50 bytes)

VM state:not at safepoint (normal execution)

VM Mutex/Monitor currently owned by a thread: None

Heap address: 0x00000000e0000000, size: 512 MB, Compressed Oops mode: 32-bit
Narrow klass base: 0x0000000000000000, Narrow klass shift: 3
Compressed class space size: 260046848 Address: 0x0000000100000000

Heap:
 garbage-first heap   total 262144K, used 165638K [0x00000000e0000000, 0x0000000100000000)
  region size 1024K, 19 young (19456K), 9 survivors (9216K)
 Metaspace       used 67494K, capacity 69864K, committed 70192K, reserved 315392K
  class space    used 8640K, capacity 9459K, committed 9600K, reserved 253952K
Heap Regions: E=young(eden), S=young(survivor), O=old, HS=humongous(starts), HC=humongous(continues), CS=collection set, F=free, A=archive, TAMS=top-at-mark-start (previous, next)
|   0|0x00000000e0000000, 0x00000000e0100000, 0x00000000e0100000|100%| O|  |TAMS 0x00000000e0100000, 0x00000000e0000000| Untracked 
|   1|0x00000000e0100000, 0x00000000e0200000, 0x00000000e0200000|100%| O|  |TAMS 0x00000000e0200000, 0x00000000e0100000| Untracked 
|   2|0x00000000e0200000, 0x00000000e0300000, 0x00000000e0300000|100%| O|  |TAMS 0x00000000e0300000, 0x00000000e0200000| Untracked 
|   3|0x00000000e0300000, 0x00000000e0400000, 0x00000000e0400000|100%|HS|  |TAMS 0x00000000e0400000, 0x00000000e0300000| Complete 
|   4|0x00000000e0400000, 0x00000000e0500000, 0x00000000e0500000|100%|HC|  |TAMS 0x00000000e0500000, 0x00000000e0400000| Complete 
|   5|0x00000000e0500000, 0x00000000e0600000, 0x00000000e0600000|100%|HC|  |TAMS 0x00000000e0600000, 0x00000000e0500000| Complete 
|   6|0x00000000e0600000, 0x00000000e0700000, 0x00000000e0700000|100%| O|  |TAMS 0x00000000e0700000, 0x00000000e0600000| Untracked 
|   7|0x00000000e0700000, 0x00000000e0800000, 0x00000000e0800000|100%| O|  |TAMS 0x00000000e0800000, 0x00000000e0700000| Untracked 
|   8|0x00000000e0800000, 0x00000000e0900000, 0x00000000e0900000|100%| O|  |TAMS 0x00000000e0900000, 0x00000000e0800000| Untracked 
|   9|0x00000000e0900000, 0x00000000e0a00000, 0x00000000e0a00000|100%| O|  |TAMS 0x00000000e0a00000, 0x00000000e0900000| Untracked 
|  10|0x00000000e0a00000, 0x00000000e0b00000, 0x00000000e0b00000|100%| O|  |TAMS 0x00000000e0b00000, 0x00000000e0a00000| Untracked 
|  11|0x00000000e0b00000, 0x00000000e0c00000, 0x00000000e0c00000|100%| O|  |TAMS 0x00000000e0c00000, 0x00000000e0b00000| Untracked 
|  12|0x00000000e0c00000, 0x00000000e0d00000, 0x00000000e0d00000|100%| O|  |TAMS 0x00000000e0d00000, 0x00000000e0c00000| Untracked 
|  13|0x00000000e0d00000, 0x00000000e0e00000, 0x00000000e0e00000|100%| O|  |TAMS 0x00000000e0e00000, 0x00000000e0d00000| Untracked 
|  14|0x00000000e0e00000, 0x00000000e0f00000, 0x00000000e0f00000|100%| O|  |TAMS 0x00000000e0f00000, 0x00000000e0e00000| Untracked 
|  15|0x00000000e0f00000, 0x00000000e1000000, 0x00000000e1000000|100%| O|  |TAMS 0x00000000e1000000, 0x00000000e0f00000| Untracked 
|  16|0x00000000e1000000, 0x00000000e1100000, 0x00000000e1100000|100%| O|  |TAMS 0x00000000e1100000, 0x00000000e1000000| Untracked 
|  17|0x00000000e1100000, 0x00000000e1200000, 0x00000000e1200000|100%|HS|  |TAMS 0x00000000e1200000, 0x00000000e1100000| Complete 
|  18|0x00000000e1200000, 0x00000000e1300000, 0x00000000e1300000|100%|HC|  |TAMS 0x00000000e1300000, 0x00000000e1200000| Complete 
|  19|0x00000000e1300000, 0x00000000e1400000, 0x00000000e1400000|100%|HS|  |TAMS 0x00000000e1400000, 0x00000000e1300000| Complete 
|  20|0x00000000e1400000, 0x00000000e1500000, 0x00000000e1500000|100%|HC|  |TAMS 0x00000000e1500000, 0x00000000e1400000| Complete 
|  21|0x00000000e1500000, 0x00000000e1600000, 0x00000000e1600000|100%|HC|  |TAMS 0x00000000e1600000, 0x00000000e1500000| Complete 
|  22|0x00000000e1600000, 0x00000000e1700000, 0x00000000e1700000|100%|HS|  |TAMS 0x00000000e1700000, 0x00000000e1600000| Complete 
|  23|0x00000000e1700000, 0x00000000e1800000, 0x00000000e1800000|100%|HC|  |TAMS 0x00000000e1800000, 0x00000000e1700000| Complete 
|  24|0x00000000e1800000, 0x00000000e1900000, 0x00000000e1900000|100%|HC|  |TAMS 0x00000000e1900000, 0x00000000e1800000| Complete 
|  25|0x00000000e1900000, 0x00000000e1a00000, 0x00000000e1a00000|100%|HS|  |TAMS 0x00000000e1a00000, 0x00000000e1900000| Complete 
|  26|0x00000000e1a00000, 0x00000000e1b00000, 0x00000000e1b00000|100%|HC|  |TAMS 0x00000000e1b00000, 0x00000000e1a00000| Complete 
|  27|0x00000000e1b00000, 0x00000000e1c00000, 0x00000000e1c00000|100%|HC|  |TAMS 0x00000000e1c00000, 0x00000000e1b00000| Complete 
|  28|0x00000000e1c00000, 0x00000000e1d00000, 0x00000000e1d00000|100%|HC|  |TAMS 0x00000000e1d00000, 0x00000000e1c00000| Complete 
|  29|0x00000000e1d00000, 0x00000000e1e00000, 0x00000000e1e00000|100%|HC|  |TAMS 0x00000000e1e00000, 0x00000000e1d00000| Complete 
|  30|0x00000000e1e00000, 0x00000000e1f00000, 0x00000000e1f00000|100%|HC|  |TAMS 0x00000000e1f00000, 0x00000000e1e00000| Complete 
|  31|0x00000000e1f00000, 0x00000000e2000000, 0x00000000e2000000|100%|HC|  |TAMS 0x00000000e2000000, 0x00000000e1f00000| Complete 
|  32|0x00000000e2000000, 0x00000000e2100000, 0x00000000e2100000|100%|HS|  |TAMS 0x00000000e2100000, 0x00000000e2000000| Complete 
|  33|0x00000000e2100000, 0x00000000e2200000, 0x00000000e2200000|100%|HS|  |TAMS 0x00000000e2200000, 0x00000000e2100000| Complete 
|  34|0x00000000e2200000, 0x00000000e2300000, 0x00000000e2300000|100%|HC|  |TAMS 0x00000000e2300000, 0x00000000e2200000| Complete 
|  35|0x00000000e2300000, 0x00000000e2400000, 0x00000000e2400000|100%|HS|  |TAMS 0x00000000e2400000, 0x00000000e2300000| Complete 
|  36|0x00000000e2400000, 0x00000000e2500000, 0x00000000e2500000|100%|HS|  |TAMS 0x00000000e2500000, 0x00000000e2400000| Complete 
|  37|0x00000000e2500000, 0x00000000e2600000, 0x00000000e2600000|100%|HC|  |TAMS 0x00000000e2600000, 0x00000000e2500000| Complete 
|  38|0x00000000e2600000, 0x00000000e2700000, 0x00000000e2700000|100%|HC|  |TAMS 0x00000000e2700000, 0x00000000e2600000| Complete 
|  39|0x00000000e2700000, 0x00000000e2800000, 0x00000000e2800000|100%|HC|  |TAMS 0x00000000e2800000, 0x00000000e2700000| Complete 
|  40|0x00000000e2800000, 0x00000000e2900000, 0x00000000e2900000|100%|HC|  |TAMS 0x00000000e2900000, 0x00000000e2800000| Complete 
|  41|0x00000000e2900000, 0x00000000e2a00000, 0x00000000e2a00000|100%|HC|  |TAMS 0x00000000e2a00000, 0x00000000e2900000| Complete 
|  42|0x00000000e2a00000, 0x00000000e2b00000, 0x00000000e2b00000|100%|HC|  |TAMS 0x00000000e2b00000, 0x00000000e2a00000| Complete 
|  43|0x00000000e2b00000, 0x00000000e2c00000, 0x00000000e2c00000|100%|HC|  |TAMS 0x00000000e2c00000, 0x00000000e2b00000| Complete 
|  44|0x00000000e2c00000, 0x00000000e2d00000, 0x00000000e2d00000|100%|HC|  |TAMS 0x00000000e2d00000, 0x00000000e2c00000| Complete 
|  45|0x00000000e2d00000, 0x00000000e2e00000, 0x00000000e2e00000|100%|HC|  |TAMS 0x00000000e2e00000, 0x00000000e2d00000| Complete 
|  46|0x00000000e2e00000, 0x00000000e2f00000, 0x00000000e2f00000|100%|HC|  |TAMS 0x00000000e2f00000, 0x00000000e2e00000| Complete 
|  47|0x00000000e2f00000, 0x00000000e3000000, 0x00000000e3000000|100%|HS|  |TAMS 0x00000000e3000000, 0x00000000e2f00000| Complete 
|  48|0x00000000e3000000, 0x00000000e3100000, 0x00000000e3100000|100%|HC|  |TAMS 0x00000000e3100000, 0x00000000e3000000| Complete 
|  49|0x00000000e3100000, 0x00000000e3200000, 0x00000000e3200000|100%|HS|  |TAMS 0x00000000e3200000, 0x00000000e3100000| Complete 
|  50|0x00000000e3200000, 0x00000000e3300000, 0x00000000e3300000|100%| O|  |TAMS 0x00000000e3300000, 0x00000000e3200000| Untracked 
|  51|0x00000000e3300000, 0x00000000e3400000, 0x00000000e3400000|100%| O|  |TAMS 0x00000000e3400000, 0x00000000e3300000| Untracked 
|  52|0x00000000e3400000, 0x00000000e3500000, 0x00000000e3500000|100%|HS|  |TAMS 0x00000000e3500000, 0x00000000e3400000| Complete 
|  53|0x00000000e3500000, 0x00000000e3600000, 0x00000000e3600000|100%|HC|  |TAMS 0x00000000e3600000, 0x00000000e3500000| Complete 
|  54|0x00000000e3600000, 0x00000000e3700000, 0x00000000e3700000|100%|HC|  |TAMS 0x00000000e3700000, 0x00000000e3600000| Complete 
|  55|0x00000000e3700000, 0x00000000e3800000, 0x00000000e3800000|100%|HS|  |TAMS 0x00000000e3800000, 0x00000000e3700000| Complete 
|  56|0x00000000e3800000, 0x00000000e3900000, 0x00000000e3900000|100%|HC|  |TAMS 0x00000000e3900000, 0x00000000e3800000| Complete 
|  57|0x00000000e3900000, 0x00000000e3a00000, 0x00000000e3a00000|100%|HC|  |TAMS 0x00000000e3a00000, 0x00000000e3900000| Complete 
|  58|0x00000000e3a00000, 0x00000000e3b00000, 0x00000000e3b00000|100%|HS|  |TAMS 0x00000000e3b00000, 0x00000000e3a00000| Complete 
|  59|0x00000000e3b00000, 0x00000000e3c00000, 0x00000000e3c00000|100%|HC|  |TAMS 0x00000000e3c00000, 0x00000000e3b00000| Complete 
|  60|0x00000000e3c00000, 0x00000000e3d00000, 0x00000000e3d00000|100%|HS|  |TAMS 0x00000000e3d00000, 0x00000000e3c00000| Complete 
|  61|0x00000000e3d00000, 0x00000000e3e00000, 0x00000000e3e00000|100%|HC|  |TAMS 0x00000000e3e00000, 0x00000000e3d00000| Complete 
|  62|0x00000000e3e00000, 0x00000000e3f00000, 0x00000000e3f00000|100%|HC|  |TAMS 0x00000000e3f00000, 0x00000000e3e00000| Complete 
|  63|0x00000000e3f00000, 0x00000000e4000000, 0x00000000e4000000|100%|HC|  |TAMS 0x00000000e4000000, 0x00000000e3f00000| Complete 
|  64|0x00000000e4000000, 0x00000000e4100000, 0x00000000e4100000|100%|HC|  |TAMS 0x00000000e4100000, 0x00000000e4000000| Complete 
|  65|0x00000000e4100000, 0x00000000e4200000, 0x00000000e4200000|100%|HC|  |TAMS 0x00000000e4200000, 0x00000000e4100000| Complete 
|  66|0x00000000e4200000, 0x00000000e4300000, 0x00000000e4300000|100%|HC|  |TAMS 0x00000000e4300000, 0x00000000e4200000| Complete 
|  67|0x00000000e4300000, 0x00000000e4400000, 0x00000000e4400000|100%|HC|  |TAMS 0x00000000e4400000, 0x00000000e4300000| Complete 
|  68|0x00000000e4400000, 0x00000000e4500000, 0x00000000e4500000|100%|HC|  |TAMS 0x00000000e4500000, 0x00000000e4400000| Complete 
|  69|0x00000000e4500000, 0x00000000e4600000, 0x00000000e4600000|100%|HC|  |TAMS 0x00000000e4600000, 0x00000000e4500000| Complete 
|  70|0x00000000e4600000, 0x00000000e4700000, 0x00000000e4700000|100%|HC|  |TAMS 0x00000000e4700000, 0x00000000e4600000| Complete 
|  71|0x00000000e4700000, 0x00000000e4800000, 0x00000000e4800000|100%|HS|  |TAMS 0x00000000e4800000, 0x00000000e4700000| Complete 
|  72|0x00000000e4800000, 0x00000000e4900000, 0x00000000e4900000|100%|HC|  |TAMS 0x00000000e4900000, 0x00000000e4800000| Complete 
|  73|0x00000000e4900000, 0x00000000e4a00000, 0x00000000e4a00000|100%| O|  |TAMS 0x00000000e4a00000, 0x00000000e4900000| Untracked 
|  74|0x00000000e4a00000, 0x00000000e4b00000, 0x00000000e4b00000|100%| O|  |TAMS 0x00000000e4b00000, 0x00000000e4a00000| Untracked 
|  75|0x00000000e4b00000, 0x00000000e4c00000, 0x00000000e4c00000|100%| O|  |TAMS 0x00000000e4c00000, 0x00000000e4b00000| Untracked 
|  76|0x00000000e4c00000, 0x00000000e4d00000, 0x00000000e4d00000|100%|HS|  |TAMS 0x00000000e4d00000, 0x00000000e4c00000| Complete 
|  77|0x00000000e4d00000, 0x00000000e4e00000, 0x00000000e4e00000|100%|HC|  |TAMS 0x00000000e4e00000, 0x00000000e4d00000| Complete 
|  78|0x00000000e4e00000, 0x00000000e4f00000, 0x00000000e4f00000|100%|HC|  |TAMS 0x00000000e4f00000, 0x00000000e4e00000| Complete 
|  79|0x00000000e4f00000, 0x00000000e5000000, 0x00000000e5000000|100%|HC|  |TAMS 0x00000000e5000000, 0x00000000e4f00000| Complete 
|  80|0x00000000e5000000, 0x00000000e5100000, 0x00000000e5100000|100%|HC|  |TAMS 0x00000000e5100000, 0x00000000e5000000| Complete 
|  81|0x00000000e5100000, 0x00000000e5200000, 0x00000000e5200000|100%|HC|  |TAMS 0x00000000e5200000, 0x00000000e5100000| Complete 
|  82|0x00000000e5200000, 0x00000000e5300000, 0x00000000e5300000|100%|HC|  |TAMS 0x00000000e5300000, 0x00000000e5200000| Complete 
|  83|0x00000000e5300000, 0x00000000e5400000, 0x00000000e5400000|100%|HC|  |TAMS 0x00000000e5400000, 0x00000000e5300000| Complete 
|  84|0x00000000e5400000, 0x00000000e5500000, 0x00000000e5500000|100%| O|  |TAMS 0x00000000e5500000, 0x00000000e5400000| Untracked 
|  85|0x00000000e5500000, 0x00000000e5600000, 0x00000000e5600000|100%| O|  |TAMS 0x00000000e5600000, 0x00000000e5500000| Untracked 
|  86|0x00000000e5600000, 0x00000000e5700000, 0x00000000e5700000|100%| O|  |TAMS 0x00000000e5700000, 0x00000000e5600000| Untracked 
|  87|0x00000000e5700000, 0x00000000e5800000, 0x00000000e5800000|100%| O|  |TAMS 0x00000000e5800000, 0x00000000e5700000| Untracked 
|  88|0x00000000e5800000, 0x00000000e5900000, 0x00000000e5900000|100%| O|  |TAMS 0x00000000e5900000, 0x00000000e5800000| Untracked 
|  89|0x00000000e5900000, 0x00000000e5a00000, 0x00000000e5a00000|100%| O|  |TAMS 0x00000000e5a00000, 0x00000000e5900000| Untracked 
|  90|0x00000000e5a00000, 0x00000000e5b00000, 0x00000000e5b00000|100%| O|  |TAMS 0x00000000e5b00000, 0x00000000e5a00000| Untracked 
|  91|0x00000000e5b00000, 0x00000000e5c00000, 0x00000000e5c00000|100%| O|  |TAMS 0x00000000e5c00000, 0x00000000e5b00000| Untracked 
|  92|0x00000000e5c00000, 0x00000000e5d00000, 0x00000000e5d00000|100%| O|  |TAMS 0x00000000e5d00000, 0x00000000e5c00000| Untracked 
|  93|0x00000000e5d00000, 0x00000000e5e00000, 0x00000000e5e00000|100%| O|  |TAMS 0x00000000e5e00000, 0x00000000e5d00000| Untracked 
|  94|0x00000000e5e00000, 0x00000000e5f00000, 0x00000000e5f00000|100%| O|  |TAMS 0x00000000e5f00000, 0x00000000e5e00000| Untracked 
|  95|0x00000000e5f00000, 0x00000000e6000000, 0x00000000e6000000|100%| O|  |TAMS 0x00000000e6000000, 0x00000000e5f00000| Untracked 
|  96|0x00000000e6000000, 0x00000000e6100000, 0x00000000e6100000|100%|HS|  |TAMS 0x00000000e6100000, 0x00000000e6000000| Complete 
|  97|0x00000000e6100000, 0x00000000e6200000, 0x00000000e6200000|100%|HC|  |TAMS 0x00000000e6200000, 0x00000000e6100000| Complete 
|  98|0x00000000e6200000, 0x00000000e6300000, 0x00000000e6300000|100%|HS|  |TAMS 0x00000000e6300000, 0x00000000e6200000| Complete 
|  99|0x00000000e6300000, 0x00000000e6400000, 0x00000000e6400000|100%|HC|  |TAMS 0x00000000e6400000, 0x00000000e6300000| Complete 
| 100|0x00000000e6400000, 0x00000000e6500000, 0x00000000e6500000|100%|HC|  |TAMS 0x00000000e6500000, 0x00000000e6400000| Complete 
| 101|0x00000000e6500000, 0x00000000e6600000, 0x00000000e6600000|100%|HS|  |TAMS 0x00000000e6600000, 0x00000000e6500000| Complete 
| 102|0x00000000e6600000, 0x00000000e6700000, 0x00000000e6700000|100%|HC|  |TAMS 0x00000000e6700000, 0x00000000e6600000| Complete 
| 103|0x00000000e6700000, 0x00000000e6800000, 0x00000000e6800000|100%|HC|  |TAMS 0x00000000e6800000, 0x00000000e6700000| Complete 
| 104|0x00000000e6800000, 0x00000000e6900000, 0x00000000e6900000|100%|HS|  |TAMS 0x00000000e6900000, 0x00000000e6800000| Complete 
| 105|0x00000000e6900000, 0x00000000e6a00000, 0x00000000e6a00000|100%|HC|  |TAMS 0x00000000e6a00000, 0x00000000e6900000| Complete 
| 106|0x00000000e6a00000, 0x00000000e6b00000, 0x00000000e6b00000|100%|HC|  |TAMS 0x00000000e6b00000, 0x00000000e6a00000| Complete 
| 107|0x00000000e6b00000, 0x00000000e6c00000, 0x00000000e6c00000|100%|HC|  |TAMS 0x00000000e6c00000, 0x00000000e6b00000| Complete 
| 108|0x00000000e6c00000, 0x00000000e6d00000, 0x00000000e6d00000|100%|HC|  |TAMS 0x00000000e6d00000, 0x00000000e6c00000| Complete 
| 109|0x00000000e6d00000, 0x00000000e6e00000, 0x00000000e6e00000|100%|HC|  |TAMS 0x00000000e6e00000, 0x00000000e6d00000| Complete 
| 110|0x00000000e6e00000, 0x00000000e6f00000, 0x00000000e6f00000|100%|HC|  |TAMS 0x00000000e6f00000, 0x00000000e6e00000| Complete 
| 111|0x00000000e6f00000, 0x00000000e7000000, 0x00000000e7000000|100%|HS|  |TAMS 0x00000000e7000000, 0x00000000e6f00000| Complete 
| 112|0x00000000e7000000, 0x00000000e7100000, 0x00000000e7100000|100%|HS|  |TAMS 0x00000000e7100000, 0x00000000e7000000| Complete 
| 113|0x00000000e7100000, 0x00000000e7200000, 0x00000000e7200000|100%|HC|  |TAMS 0x00000000e7200000, 0x00000000e7100000| Complete 
| 114|0x00000000e7200000, 0x00000000e7300000, 0x00000000e7300000|100%|HS|  |TAMS 0x00000000e7300000, 0x00000000e7200000| Complete 
| 115|0x00000000e7300000, 0x00000000e7400000, 0x00000000e7400000|100%|HS|  |TAMS 0x00000000e7400000, 0x00000000e7300000| Complete 
| 116|0x00000000e7400000, 0x00000000e7500000, 0x00000000e7500000|100%|HC|  |TAMS 0x00000000e7500000, 0x00000000e7400000| Complete 
| 117|0x00000000e7500000, 0x00000000e7600000, 0x00000000e7600000|100%|HC|  |TAMS 0x00000000e7600000, 0x00000000e7500000| Complete 
| 118|0x00000000e7600000, 0x00000000e7700000, 0x00000000e7700000|100%|HC|  |TAMS 0x00000000e7700000, 0x00000000e7600000| Complete 
| 119|0x00000000e7700000, 0x00000000e7800000, 0x00000000e7800000|100%|HC|  |TAMS 0x00000000e7800000, 0x00000000e7700000| Complete 
| 120|0x00000000e7800000, 0x00000000e7900000, 0x00000000e7900000|100%|HC|  |TAMS 0x00000000e7900000, 0x00000000e7800000| Complete 
| 121|0x00000000e7900000, 0x00000000e7a00000, 0x00000000e7a00000|100%|HC|  |TAMS 0x00000000e7a00000, 0x00000000e7900000| Complete 
| 122|0x00000000e7a00000, 0x00000000e7b00000, 0x00000000e7b00000|100%|HC|  |TAMS 0x00000000e7b00000, 0x00000000e7a00000| Complete 
| 123|0x00000000e7b00000, 0x00000000e7c00000, 0x00000000e7c00000|100%|HC|  |TAMS 0x00000000e7c00000, 0x00000000e7b00000| Complete 
| 124|0x00000000e7c00000, 0x00000000e7d00000, 0x00000000e7d00000|100%|HC|  |TAMS 0x00000000e7d00000, 0x00000000e7c00000| Complete 
| 125|0x00000000e7d00000, 0x00000000e7e00000, 0x00000000e7e00000|100%|HC|  |TAMS 0x00000000e7e00000, 0x00000000e7d00000| Complete 
| 126|0x00000000e7e00000, 0x00000000e7f00000, 0x00000000e7f00000|100%|HS|  |TAMS 0x00000000e7f00000, 0x00000000e7e00000| Complete 
| 127|0x00000000e7f00000, 0x00000000e8000000, 0x00000000e8000000|100%|HC|  |TAMS 0x00000000e8000000, 0x00000000e7f00000| Complete 
| 128|0x00000000e8000000, 0x00000000e8100000, 0x00000000e8100000|100%| O|  |TAMS 0x00000000e8100000, 0x00000000e8000000| Untracked 
| 129|0x00000000e8100000, 0x00000000e8200000, 0x00000000e8200000|100%| O|  |TAMS 0x00000000e8200000, 0x00000000e8100000| Untracked 
| 130|0x00000000e8200000, 0x00000000e8300000, 0x00000000e8300000|100%| O|  |TAMS 0x00000000e8300000, 0x00000000e8200000| Untracked 
| 131|0x00000000e8300000, 0x00000000e8400000, 0x00000000e8400000|100%| O|  |TAMS 0x00000000e8400000, 0x00000000e8300000| Untracked 
| 132|0x00000000e8400000, 0x00000000e8500000, 0x00000000e8500000|100%| O|  |TAMS 0x00000000e8500000, 0x00000000e8400000| Untracked 
| 133|0x00000000e8500000, 0x00000000e8600000, 0x00000000e8600000|100%| O|  |TAMS 0x00000000e8600000, 0x00000000e8500000| Untracked 
| 134|0x00000000e8600000, 0x00000000e8700000, 0x00000000e8700000|100%| O|  |TAMS 0x00000000e8700000, 0x00000000e8600000| Untracked 
| 135|0x00000000e8700000, 0x00000000e8800000, 0x00000000e8800000|100%| O|  |TAMS 0x00000000e8800000, 0x00000000e8700000| Untracked 
| 136|0x00000000e8800000, 0x00000000e8900000, 0x00000000e8900000|100%| O|  |TAMS 0x00000000e8900000, 0x00000000e8800000| Untracked 
| 137|0x00000000e8900000, 0x00000000e8a00000, 0x00000000e8a00000|100%| O|  |TAMS 0x00000000e8a00000, 0x00000000e8900000| Untracked 
| 138|0x00000000e8a00000, 0x00000000e8b00000, 0x00000000e8b00000|100%| O|  |TAMS 0x00000000e8b00000, 0x00000000e8a00000| Untracked 
| 139|0x00000000e8b00000, 0x00000000e8c00000, 0x00000000e8c00000|100%| O|  |TAMS 0x00000000e8c00000, 0x00000000e8b00000| Untracked 
| 140|0x00000000e8c00000, 0x00000000e8d00000, 0x00000000e8d00000|100%| O|  |TAMS 0x00000000e8d00000, 0x00000000e8c00000| Untracked 
| 141|0x00000000e8d00000, 0x00000000e8e00000, 0x00000000e8e00000|100%| O|  |TAMS 0x00000000e8e00000, 0x00000000e8d00000| Untracked 
| 142|0x00000000e8e00000, 0x00000000e8f00000, 0x00000000e8f00000|100%| O|  |TAMS 0x00000000e8f00000, 0x00000000e8e00000| Untracked 
| 143|0x00000000e8f00000, 0x00000000e8fc1a00, 0x00000000e9000000| 75%| O|  |TAMS 0x00000000e8fc1a00, 0x00000000e8f00000| Untracked 
| 144|0x00000000e9000000, 0x00000000e9000000, 0x00000000e9100000|  0%| F|  |TAMS 0x00000000e9000000, 0x00000000e9000000| Untracked 
| 145|0x00000000e9100000, 0x00000000e9100000, 0x00000000e9200000|  0%| F|  |TAMS 0x00000000e9100000, 0x00000000e9100000| Untracked 
| 146|0x00000000e9200000, 0x00000000e9200000, 0x00000000e9300000|  0%| F|  |TAMS 0x00000000e9200000, 0x00000000e9200000| Untracked 
| 147|0x00000000e9300000, 0x00000000e9300000, 0x00000000e9400000|  0%| F|  |TAMS 0x00000000e9300000, 0x00000000e9300000| Untracked 
| 148|0x00000000e9400000, 0x00000000e9400000, 0x00000000e9500000|  0%| F|  |TAMS 0x00000000e9400000, 0x00000000e9400000| Untracked 
| 149|0x00000000e9500000, 0x00000000e9500000, 0x00000000e9600000|  0%| F|  |TAMS 0x00000000e9500000, 0x00000000e9500000| Untracked 
| 150|0x00000000e9600000, 0x00000000e9600000, 0x00000000e9700000|  0%| F|  |TAMS 0x00000000e9600000, 0x00000000e9600000| Untracked 
| 151|0x00000000e9700000, 0x00000000e9700000, 0x00000000e9800000|  0%| F|  |TAMS 0x00000000e9700000, 0x00000000e9700000| Untracked 
| 152|0x00000000e9800000, 0x00000000e9800000, 0x00000000e9900000|  0%| F|  |TAMS 0x00000000e9800000, 0x00000000e9800000| Untracked 
| 153|0x00000000e9900000, 0x00000000e9900000, 0x00000000e9a00000|  0%| F|  |TAMS 0x00000000e9900000, 0x00000000e9900000| Untracked 
| 154|0x00000000e9a00000, 0x00000000e9a00000, 0x00000000e9b00000|  0%| F|  |TAMS 0x00000000e9a00000, 0x00000000e9a00000| Untracked 
| 155|0x00000000e9b00000, 0x00000000e9b00000, 0x00000000e9c00000|  0%| F|  |TAMS 0x00000000e9b00000, 0x00000000e9b00000| Untracked 
| 156|0x00000000e9c00000, 0x00000000e9c00000, 0x00000000e9d00000|  0%| F|  |TAMS 0x00000000e9c00000, 0x00000000e9c00000| Untracked 
| 157|0x00000000e9d00000, 0x00000000e9d00000, 0x00000000e9e00000|  0%| F|  |TAMS 0x00000000e9d00000, 0x00000000e9d00000| Untracked 
| 158|0x00000000e9e00000, 0x00000000e9e00000, 0x00000000e9f00000|  0%| F|  |TAMS 0x00000000e9e00000, 0x00000000e9e00000| Untracked 
| 159|0x00000000e9f00000, 0x00000000e9f00000, 0x00000000ea000000|  0%| F|  |TAMS 0x00000000e9f00000, 0x00000000e9f00000| Untracked 
| 160|0x00000000ea000000, 0x00000000ea000000, 0x00000000ea100000|  0%| F|  |TAMS 0x00000000ea000000, 0x00000000ea000000| Untracked 
| 161|0x00000000ea100000, 0x00000000ea100000, 0x00000000ea200000|  0%| F|  |TAMS 0x00000000ea100000, 0x00000000ea100000| Untracked 
| 162|0x00000000ea200000, 0x00000000ea200000, 0x00000000ea300000|  0%| F|  |TAMS 0x00000000ea200000, 0x00000000ea200000| Untracked 
| 163|0x00000000ea300000, 0x00000000ea300000, 0x00000000ea400000|  0%| F|  |TAMS 0x00000000ea300000, 0x00000000ea300000| Untracked 
| 164|0x00000000ea400000, 0x00000000ea400000, 0x00000000ea500000|  0%| F|  |TAMS 0x00000000ea400000, 0x00000000ea400000| Untracked 
| 165|0x00000000ea500000, 0x00000000ea500000, 0x00000000ea600000|  0%| F|  |TAMS 0x00000000ea500000, 0x00000000ea500000| Untracked 
| 166|0x00000000ea600000, 0x00000000ea600000, 0x00000000ea700000|  0%| F|  |TAMS 0x00000000ea600000, 0x00000000ea600000| Untracked 
| 167|0x00000000ea700000, 0x00000000ea700000, 0x00000000ea800000|  0%| F|  |TAMS 0x00000000ea700000, 0x00000000ea700000| Untracked 
| 168|0x00000000ea800000, 0x00000000ea800000, 0x00000000ea900000|  0%| F|  |TAMS 0x00000000ea800000, 0x00000000ea800000| Untracked 
| 169|0x00000000ea900000, 0x00000000ea900000, 0x00000000eaa00000|  0%| F|  |TAMS 0x00000000ea900000, 0x00000000ea900000| Untracked 
| 170|0x00000000eaa00000, 0x00000000eaa00000, 0x00000000eab00000|  0%| F|  |TAMS 0x00000000eaa00000, 0x00000000eaa00000| Untracked 
| 171|0x00000000eab00000, 0x00000000eab00000, 0x00000000eac00000|  0%| F|  |TAMS 0x00000000eab00000, 0x00000000eab00000| Untracked 
| 172|0x00000000eac00000, 0x00000000eac00000, 0x00000000ead00000|  0%| F|  |TAMS 0x00000000eac00000, 0x00000000eac00000| Untracked 
| 173|0x00000000ead00000, 0x00000000ead00000, 0x00000000eae00000|  0%| F|  |TAMS 0x00000000ead00000, 0x00000000ead00000| Untracked 
| 174|0x00000000eae00000, 0x00000000eae00000, 0x00000000eaf00000|  0%| F|  |TAMS 0x00000000eae00000, 0x00000000eae00000| Untracked 
| 175|0x00000000eaf00000, 0x00000000eaf00000, 0x00000000eb000000|  0%| F|  |TAMS 0x00000000eaf00000, 0x00000000eaf00000| Untracked 
| 176|0x00000000eb000000, 0x00000000eb000000, 0x00000000eb100000|  0%| F|  |TAMS 0x00000000eb000000, 0x00000000eb000000| Untracked 
| 177|0x00000000eb100000, 0x00000000eb100000, 0x00000000eb200000|  0%| F|  |TAMS 0x00000000eb100000, 0x00000000eb100000| Untracked 
| 178|0x00000000eb200000, 0x00000000eb200000, 0x00000000eb300000|  0%| F|  |TAMS 0x00000000eb200000, 0x00000000eb200000| Untracked 
| 179|0x00000000eb300000, 0x00000000eb300000, 0x00000000eb400000|  0%| F|  |TAMS 0x00000000eb300000, 0x00000000eb300000| Untracked 
| 180|0x00000000eb400000, 0x00000000eb500000, 0x00000000eb500000|100%| S|CS|TAMS 0x00000000eb400000, 0x00000000eb400000| Complete 
| 181|0x00000000eb500000, 0x00000000eb600000, 0x00000000eb600000|100%| S|CS|TAMS 0x00000000eb500000, 0x00000000eb500000| Complete 
| 182|0x00000000eb600000, 0x00000000eb700000, 0x00000000eb700000|100%| S|CS|TAMS 0x00000000eb600000, 0x00000000eb600000| Complete 
| 183|0x00000000eb700000, 0x00000000eb800000, 0x00000000eb800000|100%| S|CS|TAMS 0x00000000eb700000, 0x00000000eb700000| Complete 
| 184|0x00000000eb800000, 0x00000000eb900000, 0x00000000eb900000|100%| S|CS|TAMS 0x00000000eb800000, 0x00000000eb800000| Complete 
| 185|0x00000000eb900000, 0x00000000eba00000, 0x00000000eba00000|100%| S|CS|TAMS 0x00000000eb900000, 0x00000000eb900000| Complete 
| 186|0x00000000eba00000, 0x00000000ebb00000, 0x00000000ebb00000|100%| S|CS|TAMS 0x00000000eba00000, 0x00000000eba00000| Complete 
| 187|0x00000000ebb00000, 0x00000000ebc00000, 0x00000000ebc00000|100%| S|CS|TAMS 0x00000000ebb00000, 0x00000000ebb00000| Complete 
| 188|0x00000000ebc00000, 0x00000000ebd00000, 0x00000000ebd00000|100%| S|CS|TAMS 0x00000000ebc00000, 0x00000000ebc00000| Complete 
| 189|0x00000000ebd00000, 0x00000000ebd00000, 0x00000000ebe00000|  0%| F|  |TAMS 0x00000000ebd00000, 0x00000000ebd00000| Untracked 
| 190|0x00000000ebe00000, 0x00000000ebe00000, 0x00000000ebf00000|  0%| F|  |TAMS 0x00000000ebe00000, 0x00000000ebe00000| Untracked 
| 191|0x00000000ebf00000, 0x00000000ebf00000, 0x00000000ec000000|  0%| F|  |TAMS 0x00000000ebf00000, 0x00000000ebf00000| Untracked 
| 192|0x00000000ec000000, 0x00000000ec000000, 0x00000000ec100000|  0%| F|  |TAMS 0x00000000ec000000, 0x00000000ec000000| Untracked 
| 193|0x00000000ec100000, 0x00000000ec100000, 0x00000000ec200000|  0%| F|  |TAMS 0x00000000ec100000, 0x00000000ec100000| Untracked 
| 194|0x00000000ec200000, 0x00000000ec200000, 0x00000000ec300000|  0%| F|  |TAMS 0x00000000ec200000, 0x00000000ec200000| Untracked 
| 195|0x00000000ec300000, 0x00000000ec300000, 0x00000000ec400000|  0%| F|  |TAMS 0x00000000ec300000, 0x00000000ec300000| Untracked 
| 196|0x00000000ec400000, 0x00000000ec400000, 0x00000000ec500000|  0%| F|  |TAMS 0x00000000ec400000, 0x00000000ec400000| Untracked 
| 197|0x00000000ec500000, 0x00000000ec500000, 0x00000000ec600000|  0%| F|  |TAMS 0x00000000ec500000, 0x00000000ec500000| Untracked 
| 198|0x00000000ec600000, 0x00000000ec600000, 0x00000000ec700000|  0%| F|  |TAMS 0x00000000ec600000, 0x00000000ec600000| Untracked 
| 199|0x00000000ec700000, 0x00000000ec700000, 0x00000000ec800000|  0%| F|  |TAMS 0x00000000ec700000, 0x00000000ec700000| Untracked 
| 200|0x00000000ec800000, 0x00000000ec800000, 0x00000000ec900000|  0%| F|  |TAMS 0x00000000ec800000, 0x00000000ec800000| Untracked 
| 201|0x00000000ec900000, 0x00000000ec900000, 0x00000000eca00000|  0%| F|  |TAMS 0x00000000ec900000, 0x00000000ec900000| Untracked 
| 202|0x00000000eca00000, 0x00000000eca00000, 0x00000000ecb00000|  0%| F|  |TAMS 0x00000000eca00000, 0x00000000eca00000| Untracked 
| 203|0x00000000ecb00000, 0x00000000ecb00000, 0x00000000ecc00000|  0%| F|  |TAMS 0x00000000ecb00000, 0x00000000ecb00000| Untracked 
| 204|0x00000000ecc00000, 0x00000000ecc00000, 0x00000000ecd00000|  0%| F|  |TAMS 0x00000000ecc00000, 0x00000000ecc00000| Untracked 
| 205|0x00000000ecd00000, 0x00000000ecd00000, 0x00000000ece00000|  0%| F|  |TAMS 0x00000000ecd00000, 0x00000000ecd00000| Untracked 
| 206|0x00000000ece00000, 0x00000000ece00000, 0x00000000ecf00000|  0%| F|  |TAMS 0x00000000ece00000, 0x00000000ece00000| Untracked 
| 207|0x00000000ecf00000, 0x00000000ecf00000, 0x00000000ed000000|  0%| F|  |TAMS 0x00000000ecf00000, 0x00000000ecf00000| Untracked 
| 208|0x00000000ed000000, 0x00000000ed000000, 0x00000000ed100000|  0%| F|  |TAMS 0x00000000ed000000, 0x00000000ed000000| Untracked 
| 209|0x00000000ed100000, 0x00000000ed100000, 0x00000000ed200000|  0%| F|  |TAMS 0x00000000ed100000, 0x00000000ed100000| Untracked 
| 210|0x00000000ed200000, 0x00000000ed200000, 0x00000000ed300000|  0%| F|  |TAMS 0x00000000ed200000, 0x00000000ed200000| Untracked 
| 211|0x00000000ed300000, 0x00000000ed300000, 0x00000000ed400000|  0%| F|  |TAMS 0x00000000ed300000, 0x00000000ed300000| Untracked 
| 212|0x00000000ed400000, 0x00000000ed400000, 0x00000000ed500000|  0%| F|  |TAMS 0x00000000ed400000, 0x00000000ed400000| Untracked 
| 213|0x00000000ed500000, 0x00000000ed500000, 0x00000000ed600000|  0%| F|  |TAMS 0x00000000ed500000, 0x00000000ed500000| Untracked 
| 214|0x00000000ed600000, 0x00000000ed600000, 0x00000000ed700000|  0%| F|  |TAMS 0x00000000ed600000, 0x00000000ed600000| Untracked 
| 215|0x00000000ed700000, 0x00000000ed700000, 0x00000000ed800000|  0%| F|  |TAMS 0x00000000ed700000, 0x00000000ed700000| Untracked 
| 216|0x00000000ed800000, 0x00000000ed800000, 0x00000000ed900000|  0%| F|  |TAMS 0x00000000ed800000, 0x00000000ed800000| Untracked 
| 217|0x00000000ed900000, 0x00000000ed900000, 0x00000000eda00000|  0%| F|  |TAMS 0x00000000ed900000, 0x00000000ed900000| Untracked 
| 218|0x00000000eda00000, 0x00000000eda00000, 0x00000000edb00000|  0%| F|  |TAMS 0x00000000eda00000, 0x00000000eda00000| Untracked 
| 219|0x00000000edb00000, 0x00000000edb00000, 0x00000000edc00000|  0%| F|  |TAMS 0x00000000edb00000, 0x00000000edb00000| Untracked 
| 220|0x00000000edc00000, 0x00000000edc00000, 0x00000000edd00000|  0%| F|  |TAMS 0x00000000edc00000, 0x00000000edc00000| Untracked 
| 221|0x00000000edd00000, 0x00000000edd00000, 0x00000000ede00000|  0%| F|  |TAMS 0x00000000edd00000, 0x00000000edd00000| Untracked 
| 222|0x00000000ede00000, 0x00000000ede00000, 0x00000000edf00000|  0%| F|  |TAMS 0x00000000ede00000, 0x00000000ede00000| Untracked 
| 223|0x00000000edf00000, 0x00000000edf00000, 0x00000000ee000000|  0%| F|  |TAMS 0x00000000edf00000, 0x00000000edf00000| Untracked 
| 224|0x00000000ee000000, 0x00000000ee000000, 0x00000000ee100000|  0%| F|  |TAMS 0x00000000ee000000, 0x00000000ee000000| Untracked 
| 225|0x00000000ee100000, 0x00000000ee100000, 0x00000000ee200000|  0%| F|  |TAMS 0x00000000ee100000, 0x00000000ee100000| Untracked 
| 226|0x00000000ee200000, 0x00000000ee200000, 0x00000000ee300000|  0%| F|  |TAMS 0x00000000ee200000, 0x00000000ee200000| Untracked 
| 227|0x00000000ee300000, 0x00000000ee300000, 0x00000000ee400000|  0%| F|  |TAMS 0x00000000ee300000, 0x00000000ee300000| Untracked 
| 228|0x00000000ee400000, 0x00000000ee400000, 0x00000000ee500000|  0%| F|  |TAMS 0x00000000ee400000, 0x00000000ee400000| Untracked 
| 229|0x00000000ee500000, 0x00000000ee500000, 0x00000000ee600000|  0%| F|  |TAMS 0x00000000ee500000, 0x00000000ee500000| Untracked 
| 230|0x00000000ee600000, 0x00000000ee600000, 0x00000000ee700000|  0%| F|  |TAMS 0x00000000ee600000, 0x00000000ee600000| Untracked 
| 231|0x00000000ee700000, 0x00000000ee700000, 0x00000000ee800000|  0%| F|  |TAMS 0x00000000ee700000, 0x00000000ee700000| Untracked 
| 232|0x00000000ee800000, 0x00000000ee800000, 0x00000000ee900000|  0%| F|  |TAMS 0x00000000ee800000, 0x00000000ee800000| Untracked 
| 233|0x00000000ee900000, 0x00000000ee900000, 0x00000000eea00000|  0%| F|  |TAMS 0x00000000ee900000, 0x00000000ee900000| Untracked 
| 234|0x00000000eea00000, 0x00000000eea00000, 0x00000000eeb00000|  0%| F|  |TAMS 0x00000000eea00000, 0x00000000eea00000| Untracked 
| 235|0x00000000eeb00000, 0x00000000eeb00000, 0x00000000eec00000|  0%| F|  |TAMS 0x00000000eeb00000, 0x00000000eeb00000| Untracked 
| 236|0x00000000eec00000, 0x00000000eec00000, 0x00000000eed00000|  0%| F|  |TAMS 0x00000000eec00000, 0x00000000eec00000| Untracked 
| 237|0x00000000eed00000, 0x00000000eed00000, 0x00000000eee00000|  0%| F|  |TAMS 0x00000000eed00000, 0x00000000eed00000| Untracked 
| 238|0x00000000eee00000, 0x00000000eee00000, 0x00000000eef00000|  0%| F|  |TAMS 0x00000000eee00000, 0x00000000eee00000| Untracked 
| 239|0x00000000eef00000, 0x00000000eef00000, 0x00000000ef000000|  0%| F|  |TAMS 0x00000000eef00000, 0x00000000eef00000| Untracked 
| 240|0x00000000ef000000, 0x00000000ef000000, 0x00000000ef100000|  0%| F|  |TAMS 0x00000000ef000000, 0x00000000ef000000| Untracked 
| 241|0x00000000ef100000, 0x00000000ef100000, 0x00000000ef200000|  0%| F|  |TAMS 0x00000000ef100000, 0x00000000ef100000| Untracked 
| 242|0x00000000ef200000, 0x00000000ef200000, 0x00000000ef300000|  0%| F|  |TAMS 0x00000000ef200000, 0x00000000ef200000| Untracked 
| 243|0x00000000ef300000, 0x00000000ef300000, 0x00000000ef400000|  0%| F|  |TAMS 0x00000000ef300000, 0x00000000ef300000| Untracked 
| 244|0x00000000ef400000, 0x00000000ef400000, 0x00000000ef500000|  0%| F|  |TAMS 0x00000000ef400000, 0x00000000ef400000| Untracked 
| 245|0x00000000ef500000, 0x00000000ef500000, 0x00000000ef600000|  0%| F|  |TAMS 0x00000000ef500000, 0x00000000ef500000| Untracked 
| 246|0x00000000ef600000, 0x00000000ef700000, 0x00000000ef700000|100%| E|  |TAMS 0x00000000ef600000, 0x00000000ef600000| Complete 
| 247|0x00000000ef700000, 0x00000000ef800000, 0x00000000ef800000|100%| E|CS|TAMS 0x00000000ef700000, 0x00000000ef700000| Complete 
| 248|0x00000000ef800000, 0x00000000ef900000, 0x00000000ef900000|100%| E|CS|TAMS 0x00000000ef800000, 0x00000000ef800000| Complete 
| 249|0x00000000ef900000, 0x00000000efa00000, 0x00000000efa00000|100%| E|CS|TAMS 0x00000000ef900000, 0x00000000ef900000| Complete 
| 250|0x00000000efa00000, 0x00000000efb00000, 0x00000000efb00000|100%| E|CS|TAMS 0x00000000efa00000, 0x00000000efa00000| Complete 
| 251|0x00000000efb00000, 0x00000000efc00000, 0x00000000efc00000|100%| E|CS|TAMS 0x00000000efb00000, 0x00000000efb00000| Complete 
| 252|0x00000000efc00000, 0x00000000efd00000, 0x00000000efd00000|100%| E|CS|TAMS 0x00000000efc00000, 0x00000000efc00000| Complete 
| 253|0x00000000efd00000, 0x00000000efe00000, 0x00000000efe00000|100%| E|CS|TAMS 0x00000000efd00000, 0x00000000efd00000| Complete 
| 254|0x00000000efe00000, 0x00000000eff00000, 0x00000000eff00000|100%| E|CS|TAMS 0x00000000efe00000, 0x00000000efe00000| Complete 
| 255|0x00000000eff00000, 0x00000000f0000000, 0x00000000f0000000|100%| E|CS|TAMS 0x00000000eff00000, 0x00000000eff00000| Complete 

Card table byte_map: [0x0000014afb9c0000,0x0000014afbac0000] _byte_map_base: 0x0000014afb2c0000

Marking Bits (Prev, Next): (CMBitMap*) 0x0000014ae3894b08, (CMBitMap*) 0x0000014ae3894b40
 Prev Bits: [0x0000014afbbc0000, 0x0000014afc3c0000)
 Next Bits: [0x0000014afc3c0000, 0x0000014afcbc0000)

Polling page: 0x0000014ae1880000

Metaspace:

Usage:
  Non-class:     59.05 MB capacity,    57.52 MB ( 97%) used,     1.32 MB (  2%) free+waste,   217.75 KB ( <1%) overhead. 
      Class:      9.24 MB capacity,     8.45 MB ( 91%) used,   705.87 KB (  7%) free+waste,   103.88 KB (  1%) overhead. 
       Both:     68.29 MB capacity,    65.97 MB ( 97%) used,     2.01 MB (  3%) free+waste,   321.63 KB ( <1%) overhead. 

Virtual space:
  Non-class space:       60.00 MB reserved,      59.17 MB ( 99%) committed 
      Class space:      248.00 MB reserved,       9.38 MB (  4%) committed 
             Both:      308.00 MB reserved,      68.55 MB ( 22%) committed 

Chunk freelists:
   Non-Class:  123.00 KB
       Class:  77.00 KB
        Both:  200.00 KB

MaxMetaspaceSize: 256.00 MB
CompressedClassSpaceSize: 248.00 MB
Initial GC threshold: 20.80 MB
Current GC threshold: 113.20 MB
CDS: off

CodeHeap 'non-profiled nmethods': size=119168Kb used=5529Kb max_used=5529Kb free=113638Kb
 bounds [0x0000014af3be0000, 0x0000014af4150000, 0x0000014afb040000]
CodeHeap 'profiled nmethods': size=119168Kb used=17182Kb max_used=17182Kb free=101986Kb
 bounds [0x0000014aec780000, 0x0000014aed850000, 0x0000014af3be0000]
CodeHeap 'non-nmethods': size=7424Kb used=4026Kb max_used=4083Kb free=3397Kb
 bounds [0x0000014aec040000, 0x0000014aec460000, 0x0000014aec780000]
 total_blobs=8605 nmethods=7753 adapters=761
 compilation: enabled
              stopped_count=0, restarted_count=0
 full_count=0

Compilation events (20 events):
Event: 8.037 Thread 0x0000014affb47800 nmethod 7731 0x0000014aed81b110 code [0x0000014aed81b2c0, 0x0000014aed81b3b8]
Event: 8.037 Thread 0x0000014a81332000 nmethod 7730 0x0000014aed81b490 code [0x0000014aed81b680, 0x0000014aed81baa8]
Event: 8.037 Thread 0x0000014affb47800 7733       3       sun.security.provider.JavaKeyStore$TrustedCertEntry::<init> (5 bytes)
Event: 8.037 Thread 0x0000014a81332000 7734       3       java.security.cert.CertificateFactory::generateCertificate (9 bytes)
Event: 8.037 Thread 0x0000014affb47800 nmethod 7733 0x0000014aed81bc10 code [0x0000014aed81bdc0, 0x0000014aed81bf18]
Event: 8.038 Thread 0x0000014a81332000 nmethod 7734 0x0000014aed81c010 code [0x0000014aed81c1c0, 0x0000014aed81c388]
Event: 8.038 Thread 0x0000014affb47800 7735   !   3       sun.security.provider.X509Factory::engineGenerateCertificate (118 bytes)
Event: 8.038 Thread 0x0000014a81332000 7736   !   3       sun.security.provider.X509Factory::readOneBlock (447 bytes)
Event: 8.038 Thread 0x0000014affc3f000 nmethod 7728 0x0000014aed81c490 code [0x0000014aed81c6e0, 0x0000014aed81d1d8]
Event: 8.038 Thread 0x0000014a82d9e800 nmethod 7732 0x0000014aed81d510 code [0x0000014aed81d700, 0x0000014aed81dcd8]
Event: 8.038 Thread 0x0000014affc3f000 7737       3       java.security.KeyStore::isCertificateEntry (26 bytes)
Event: 8.038 Thread 0x0000014a82d9e800 7738       3       sun.security.util.KeyStoreDelegator::engineIsCertificateEntry (9 bytes)
Event: 8.038 Thread 0x0000014a82d9e800 nmethod 7738 0x0000014aed81de90 code [0x0000014aed81e040, 0x0000014aed81e208]
Event: 8.038 Thread 0x0000014a82d9e800 7739       3       sun.security.provider.JavaKeyStore::engineIsCertificateEntry (28 bytes)
Event: 8.038 Thread 0x0000014affc3f000 nmethod 7737 0x0000014aed81e310 code [0x0000014aed81e4e0, 0x0000014aed81e758]
Event: 8.039 Thread 0x0000014affc3f000 7740       3       java.security.KeyStore::getCertificate (26 bytes)
Event: 8.039 Thread 0x0000014affc3f000 nmethod 7740 0x0000014aed81e890 code [0x0000014aed81ea60, 0x0000014aed81ecd8]
Event: 8.039 Thread 0x0000014affc3f000 7741       3       sun.security.util.KeyStoreDelegator::engineGetCertificate (9 bytes)
Event: 8.039 Thread 0x0000014a82d9e800 nmethod 7739 0x0000014aed81ee10 code [0x0000014aed81efe0, 0x0000014aed81f3d8]
Event: 8.039 Thread 0x0000014a82d9e800 7742       3       sun.security.provider.JavaKeyStore::engineGetCertificate (56 bytes)

GC Heap History (20 events):
Event: 0.488 GC heap before
{Heap before GC invocations=0 (full 0):
 garbage-first heap   total 262144K, used 29696K [0x00000000e0000000, 0x0000000100000000)
  region size 1024K, 24 young (24576K), 0 survivors (0K)
 Metaspace       used 9913K, capacity 10102K, committed 10368K, reserved 264192K
  class space    used 1002K, capacity 1070K, committed 1152K, reserved 253952K
}
Event: 0.490 GC heap after
{Heap after GC invocations=1 (full 0):
 garbage-first heap   total 262144K, used 9198K [0x00000000e0000000, 0x0000000100000000)
  region size 1024K, 3 young (3072K), 3 survivors (3072K)
 Metaspace       used 9913K, capacity 10102K, committed 10368K, reserved 264192K
  class space    used 1002K, capacity 1070K, committed 1152K, reserved 253952K
}
Event: 3.254 GC heap before
{Heap before GC invocations=1 (full 0):
 garbage-first heap   total 262144K, used 105454K [0x00000000e0000000, 0x0000000100000000)
  region size 1024K, 97 young (99328K), 3 survivors (3072K)
 Metaspace       used 20774K, capacity 21165K, committed 21296K, reserved 274432K
  class space    used 2507K, capacity 2660K, committed 2688K, reserved 253952K
}
Event: 3.261 GC heap after
{Heap after GC invocations=2 (full 0):
 garbage-first heap   total 262144K, used 16875K [0x00000000e0000000, 0x0000000100000000)
  region size 1024K, 11 young (11264K), 11 survivors (11264K)
 Metaspace       used 20774K, capacity 21165K, committed 21296K, reserved 274432K
  class space    used 2507K, capacity 2660K, committed 2688K, reserved 253952K
}
Event: 3.464 GC heap before
{Heap before GC invocations=3 (full 0):
 garbage-first heap   total 262144K, used 48619K [0x00000000e0000000, 0x0000000100000000)
  region size 1024K, 42 young (43008K), 11 survivors (11264K)
 Metaspace       used 23975K, capacity 24618K, committed 24752K, reserved 276480K
  class space    used 3011K, capacity 3219K, committed 3328K, reserved 253952K
}
Event: 3.469 GC heap after
{Heap after GC invocations=4 (full 0):
 garbage-first heap   total 262144K, used 18433K [0x00000000e0000000, 0x0000000100000000)
  region size 1024K, 2 young (2048K), 2 survivors (2048K)
 Metaspace       used 23975K, capacity 24618K, committed 24752K, reserved 276480K
  class space    used 3011K, capacity 3219K, committed 3328K, reserved 253952K
}
Event: 4.275 GC heap before
{Heap before GC invocations=4 (full 0):
 garbage-first heap   total 262144K, used 151553K [0x00000000e0000000, 0x0000000100000000)
  region size 1024K, 100 young (102400K), 2 survivors (2048K)
 Metaspace       used 33430K, capacity 34341K, committed 34480K, reserved 284672K
  class space    used 4457K, capacity 4799K, committed 4864K, reserved 253952K
}
Event: 4.278 GC heap after
{Heap after GC invocations=5 (full 0):
 garbage-first heap   total 262144K, used 56953K [0x00000000e0000000, 0x0000000100000000)
  region size 1024K, 8 young (8192K), 8 survivors (8192K)
 Metaspace       used 33430K, capacity 34341K, committed 34480K, reserved 284672K
  class space    used 4457K, capacity 4799K, committed 4864K, reserved 253952K
}
Event: 4.398 GC heap before
{Heap before GC invocations=5 (full 0):
 garbage-first heap   total 262144K, used 65145K [0x00000000e0000000, 0x0000000100000000)
  region size 1024K, 17 young (17408K), 8 survivors (8192K)
 Metaspace       used 34902K, capacity 35819K, committed 35888K, reserved 286720K
  class space    used 4627K, capacity 4971K, committed 4992K, reserved 253952K
}
Event: 4.404 GC heap after
{Heap after GC invocations=6 (full 0):
 garbage-first heap   total 262144K, used 58074K [0x00000000e0000000, 0x0000000100000000)
  region size 1024K, 9 young (9216K), 9 survivors (9216K)
 Metaspace       used 34902K, capacity 35819K, committed 35888K, reserved 286720K
  class space    used 4627K, capacity 4971K, committed 4992K, reserved 253952K
}
Event: 5.504 GC heap before
{Heap before GC invocations=7 (full 0):
 garbage-first heap   total 262144K, used 203482K [0x00000000e0000000, 0x0000000100000000)
  region size 1024K, 127 young (130048K), 9 survivors (9216K)
 Metaspace       used 47209K, capacity 48429K, committed 48560K, reserved 296960K
  class space    used 5860K, capacity 6281K, committed 6400K, reserved 253952K
}
Event: 5.513 GC heap after
{Heap after GC invocations=8 (full 0):
 garbage-first heap   total 262144K, used 89563K [0x00000000e0000000, 0x0000000100000000)
  region size 1024K, 16 young (16384K), 16 survivors (16384K)
 Metaspace       used 47209K, capacity 48429K, committed 48560K, reserved 296960K
  class space    used 5860K, capacity 6281K, committed 6400K, reserved 253952K
}
Event: 6.261 GC heap before
{Heap before GC invocations=8 (full 0):
 garbage-first heap   total 262144K, used 206299K [0x00000000e0000000, 0x0000000100000000)
  region size 1024K, 121 young (123904K), 16 survivors (16384K)
 Metaspace       used 55570K, capacity 57409K, committed 57648K, reserved 305152K
  class space    used 7158K, capacity 7802K, committed 7808K, reserved 253952K
}
Event: 6.272 GC heap after
{Heap after GC invocations=9 (full 0):
 garbage-first heap   total 262144K, used 105343K [0x00000000e0000000, 0x0000000100000000)
  region size 1024K, 7 young (7168K), 7 survivors (7168K)
 Metaspace       used 55570K, capacity 57409K, committed 57648K, reserved 305152K
  class space    used 7158K, capacity 7802K, committed 7808K, reserved 253952K
}
Event: 6.756 GC heap before
{Heap before GC invocations=9 (full 0):
 garbage-first heap   total 262144K, used 204671K [0x00000000e0000000, 0x0000000100000000)
  region size 1024K, 87 young (89088K), 7 survivors (7168K)
 Metaspace       used 57899K, capacity 59783K, committed 59952K, reserved 307200K
  class space    used 7507K, capacity 8223K, committed 8320K, reserved 253952K
}
Event: 6.763 GC heap after
{Heap after GC invocations=10 (full 0):
 garbage-first heap   total 262144K, used 132096K [0x00000000e0000000, 0x0000000100000000)
  region size 1024K, 14 young (14336K), 14 survivors (14336K)
 Metaspace       used 57899K, capacity 59783K, committed 59952K, reserved 307200K
  class space    used 7507K, capacity 8223K, committed 8320K, reserved 253952K
}
Event: 7.173 GC heap before
{Heap before GC invocations=11 (full 0):
 garbage-first heap   total 262144K, used 225280K [0x00000000e0000000, 0x0000000100000000)
  region size 1024K, 92 young (94208K), 14 survivors (14336K)
 Metaspace       used 61856K, capacity 64099K, committed 64176K, reserved 309248K
  class space    used 8094K, capacity 8883K, committed 8960K, reserved 253952K
}
Event: 7.182 GC heap after
{Heap after GC invocations=12 (full 0):
 garbage-first heap   total 262144K, used 149197K [0x00000000e0000000, 0x0000000100000000)
  region size 1024K, 4 young (4096K), 4 survivors (4096K)
 Metaspace       used 61856K, capacity 64099K, committed 64176K, reserved 309248K
  class space    used 8094K, capacity 8883K, committed 8960K, reserved 253952K
}
Event: 7.965 GC heap before
{Heap before GC invocations=12 (full 0):
 garbage-first heap   total 262144K, used 217805K [0x00000000e0000000, 0x0000000100000000)
  region size 1024K, 71 young (72704K), 4 survivors (4096K)
 Metaspace       used 66634K, capacity 69055K, committed 69296K, reserved 315392K
  class space    used 8562K, capacity 9424K, committed 9472K, reserved 253952K
}
Event: 7.978 GC heap after
{Heap after GC invocations=13 (full 0):
 garbage-first heap   total 262144K, used 156422K [0x00000000e0000000, 0x0000000100000000)
  region size 1024K, 9 young (9216K), 9 survivors (9216K)
 Metaspace       used 66634K, capacity 69055K, committed 69296K, reserved 315392K
  class space    used 8562K, capacity 9424K, committed 9472K, reserved 253952K
}

Deoptimization events (20 events):
Event: 7.903 Thread 0x0000014a82620000 DEOPT PACKING pc=0x0000014af3ebfb0c sp=0x00000008c16f32a0
Event: 7.903 Thread 0x0000014a82620000 DEOPT UNPACKING pc=0x0000014aec08a1af sp=0x00000008c16f3120 mode 2
Event: 7.915 Thread 0x0000014a82620000 DEOPT PACKING pc=0x0000014aed797031 sp=0x00000008c16f5740
Event: 7.915 Thread 0x0000014a82620000 DEOPT UNPACKING pc=0x0000014aec08a95e sp=0x00000008c16f4c08 mode 0
Event: 7.978 Thread 0x0000014a82620000 Uncommon trap: trap_request=0xffffff4d fr.pc=0x0000014af40ce52c relative=0x00000000000001ec
Event: 7.978 Thread 0x0000014a82620000 Uncommon trap: reason=unstable_if action=reinterpret pc=0x0000014af40ce52c method=java.net.URI$Parser.scan(IIJJ)I @ 42 c2
Event: 7.978 Thread 0x0000014a82620000 DEOPT PACKING pc=0x0000014af40ce52c sp=0x00000008c16f39c0
Event: 7.978 Thread 0x0000014a82620000 DEOPT UNPACKING pc=0x0000014aec08a1af sp=0x00000008c16f3940 mode 2
Event: 7.999 Thread 0x0000014a82620000 Uncommon trap: trap_request=0xffffff4d fr.pc=0x0000014af4012778 relative=0x00000000000002d8
Event: 7.999 Thread 0x0000014a82620000 Uncommon trap: reason=unstable_if action=reinterpret pc=0x0000014af4012778 method=java.util.Hashtable$Enumerator.nextElement()Ljava/lang/Object; @ 71 c2
Event: 7.999 Thread 0x0000014a82620000 DEOPT PACKING pc=0x0000014af4012778 sp=0x00000008c16f5140
Event: 7.999 Thread 0x0000014a82620000 DEOPT UNPACKING pc=0x0000014aec08a1af sp=0x00000008c16f50f0 mode 2
Event: 8.036 Thread 0x0000014a82620000 Uncommon trap: trap_request=0xffffff4d fr.pc=0x0000014af412b8f0 relative=0x0000000000000690
Event: 8.036 Thread 0x0000014a82620000 Uncommon trap: reason=unstable_if action=reinterpret pc=0x0000014af412b8f0 method=sun.security.util.DerInputStream.getLength(ILjava/io/InputStream;)I @ 51 c2
Event: 8.036 Thread 0x0000014a82620000 DEOPT PACKING pc=0x0000014af412b8f0 sp=0x00000008c16f5ec0
Event: 8.036 Thread 0x0000014a82620000 DEOPT UNPACKING pc=0x0000014aec08a1af sp=0x00000008c16f5e60 mode 2
Event: 8.036 Thread 0x0000014a82620000 Uncommon trap: trap_request=0xffffff4d fr.pc=0x0000014af3fdabc8 relative=0x0000000000000288
Event: 8.036 Thread 0x0000014a82620000 Uncommon trap: reason=unstable_if action=reinterpret pc=0x0000014af3fdabc8 method=java.util.LinkedHashMap.get(Ljava/lang/Object;)Ljava/lang/Object; @ 20 c2
Event: 8.036 Thread 0x0000014a82620000 DEOPT PACKING pc=0x0000014af3fdabc8 sp=0x00000008c16f5eb0
Event: 8.036 Thread 0x0000014a82620000 DEOPT UNPACKING pc=0x0000014aec08a1af sp=0x00000008c16f5e68 mode 2

Classes redefined (0 events):
No events

Internal exceptions (20 events):
Event: 7.183 Thread 0x0000014a82620000 Exception <a 'java/lang/ClassNotFoundException'{0x00000000eff88308}: java/util/AbstractSetCustomizer> (0x00000000eff88308) thrown at [./src/hotspot/share/classfile/systemDictionary.cpp, line 233]
Event: 7.184 Thread 0x0000014a82620000 Exception <a 'java/lang/ClassNotFoundException'{0x00000000eff96668}: java/util/HashSetCustomizer> (0x00000000eff96668) thrown at [./src/hotspot/share/classfile/systemDictionary.cpp, line 233]
Event: 7.185 Thread 0x0000014a82620000 Exception <a 'java/lang/ClassNotFoundException'{0x00000000effa8518}: java/util/LinkedHashSetCustomizer> (0x00000000effa8518) thrown at [./src/hotspot/share/classfile/systemDictionary.cpp, line 233]
Event: 7.200 Thread 0x0000014a82620000 Exception <a 'java/lang/ClassNotFoundException'{0x00000000efc16658}: org/codehaus/groovy/runtime/NullObjectBeanInfo> (0x00000000efc16658) thrown at [./src/hotspot/share/classfile/systemDictionary.cpp, line 233]
Event: 7.201 Thread 0x0000014a82620000 Exception <a 'java/lang/ClassNotFoundException'{0x00000000efbeb350}: org/codehaus/groovy/runtime/NullObjectCustomizer> (0x00000000efbeb350) thrown at [./src/hotspot/share/classfile/systemDictionary.cpp, line 233]
Event: 7.210 Thread 0x0000014a8a150000 Exception <a 'java/lang/NoSuchMethodError'{0x00000000efa87628}: <clinit>> (0x00000000efa87628) thrown at [./src/hotspot/share/prims/jni.cpp, line 1367]
Event: 7.217 Thread 0x0000014a8a150000 Exception <a 'java/lang/NoSuchMethodError'{0x00000000efa97510}: <clinit>> (0x00000000efa97510) thrown at [./src/hotspot/share/prims/jni.cpp, line 1367]
Event: 7.229 Thread 0x0000014a8a150000 Exception <a 'java/lang/NoSuchMethodError'{0x00000000efaa5f18}: <clinit>> (0x00000000efaa5f18) thrown at [./src/hotspot/share/prims/jni.cpp, line 1367]
Event: 7.233 Thread 0x0000014a8a150000 Exception <a 'java/lang/NoSuchMethodError'{0x00000000efaaee38}: <clinit>> (0x00000000efaaee38) thrown at [./src/hotspot/share/prims/jni.cpp, line 1367]
Event: 7.246 Thread 0x0000014a82620000 Exception <a 'java/lang/ClassNotFoundException'{0x00000000ef7ac408}: org/jetbrains/plugins/gradle/tooling/tasks/DependenciesReport$ProjectNameFunctionBeanInfo> (0x00000000ef7ac408) thrown at [./src/hotspot/share/classfile/systemDictionary.cpp, line 233]
Event: 7.246 Thread 0x0000014a82620000 Exception <a 'java/lang/ClassNotFoundException'{0x00000000ef7bee10}: org/jetbrains/plugins/gradle/tooling/tasks/DependenciesReport$ProjectNameFunctionCustomizer> (0x00000000ef7bee10) thrown at [./src/hotspot/share/classfile/systemDictionary.cpp, line 233]
Event: 7.252 Thread 0x0000014a82620000 Exception <a 'java/lang/ClassNotFoundException'{0x00000000ef607bb8}: org/jetbrains/plugins/gradle/tooling/tasks/DependenciesReport$ReportGenerator$IdGeneratorBeanInfo> (0x00000000ef607bb8) thrown at [./src/hotspot/share/classfile/systemDictionary.cpp, line 233]
Event: 7.253 Thread 0x0000014a82620000 Exception <a 'java/lang/ClassNotFoundException'{0x00000000ef61b078}: org/jetbrains/plugins/gradle/tooling/tasks/DependenciesReport$ReportGenerator$IdGeneratorCustomizer> (0x00000000ef61b078) thrown at [./src/hotspot/share/classfile/systemDictionary.cpp, line 233]
Event: 7.434 Thread 0x0000014a82620000 Implicit null exception at 0x0000014af404c46f to 0x0000014af404d5cc
Event: 7.842 Thread 0x0000014a82620000 Implicit null exception at 0x0000014af3c1b1f4 to 0x0000014af3c1b6cc
Event: 7.851 Thread 0x0000014a82620000 Implicit null exception at 0x0000014af3dc496b to 0x0000014af3dc498c
Event: 7.856 Thread 0x0000014a8259d800 Exception <a 'java/lang/NoSuchMethodError'{0x00000000ec3857e0}: <clinit>> (0x00000000ec3857e0) thrown at [./src/hotspot/share/prims/jni.cpp, line 1367]
Event: 7.857 Thread 0x0000014a8259d800 Exception <a 'java/lang/NoSuchMethodError'{0x00000000ec394bd8}: <clinit>> (0x00000000ec394bd8) thrown at [./src/hotspot/share/prims/jni.cpp, line 1367]
Event: 7.857 Thread 0x0000014a8259d800 Exception <a 'java/lang/NoSuchMethodError'{0x00000000ec396fb0}: <clinit>> (0x00000000ec396fb0) thrown at [./src/hotspot/share/prims/jni.cpp, line 1367]
Event: 7.898 Thread 0x0000014a82620000 Exception <a 'sun/nio/fs/WindowsException'{0x00000000ec090228}> (0x00000000ec090228) thrown at [./src/hotspot/share/prims/jni.cpp, line 617]

Events (20 events):
Event: 8.032 loading class org/apache/http/conn/ssl/X509HostnameVerifier
Event: 8.032 loading class org/apache/http/conn/ssl/X509HostnameVerifier done
Event: 8.032 loading class org/apache/http/conn/ssl/AllowAllHostnameVerifier
Event: 8.032 loading class org/apache/http/conn/ssl/AllowAllHostnameVerifier done
Event: 8.032 loading class org/apache/http/conn/ssl/AbstractVerifier
Event: 8.032 loading class org/apache/http/conn/ssl/AbstractVerifier done
Event: 8.033 loading class org/apache/http/conn/ssl/BrowserCompatHostnameVerifier
Event: 8.033 loading class org/apache/http/conn/ssl/BrowserCompatHostnameVerifier done
Event: 8.034 loading class org/apache/http/conn/ssl/StrictHostnameVerifier
Event: 8.034 loading class org/apache/http/conn/ssl/StrictHostnameVerifier done
Event: 8.034 loading class org/gradle/internal/resource/transport/http/DefaultSslContextFactory$1
Event: 8.034 loading class org/gradle/internal/resource/transport/http/DefaultSslContextFactory$1 done
Event: 8.034 Executing VM operation: CGC_Operation
Event: 8.035 Executing VM operation: CGC_Operation done
Event: 8.035 loading class org/gradle/internal/resource/transport/http/DefaultSslContextFactory$SynchronizedSystemPropertiesCacheLoader$1
Event: 8.035 loading class org/gradle/internal/resource/transport/http/DefaultSslContextFactory$SynchronizedSystemPropertiesCacheLoader$1 done
Event: 8.038 loading class sun/security/ssl/SSLContextImpl$TLSContext
Event: 8.038 loading class sun/security/ssl/SSLContextImpl$TLSContext done
Event: 8.039 loading class org/apache/http/config/RegistryBuilder
Event: 8.039 loading class org/apache/http/config/RegistryBuilder done


Dynamic libraries:
0x00007ff6e3a50000 - 0x00007ff6e3a5d000 	C:\Users\CSJ\.jdks\azul-11.0.15\bin\java.exe
0x00007ffe22bd0000 - 0x00007ffe22dc7000 	C:\Windows\SYSTEM32\ntdll.dll
0x00007ffe22260000 - 0x00007ffe2231d000 	C:\Windows\System32\KERNEL32.DLL
0x00007ffe20960000 - 0x00007ffe20c2d000 	C:\Windows\System32\KERNELBASE.dll
0x00007ffe20470000 - 0x00007ffe20570000 	C:\Windows\System32\ucrtbase.dll
0x00007ffe12e10000 - 0x00007ffe12e27000 	C:\Users\CSJ\.jdks\azul-11.0.15\bin\jli.dll
0x00007ffe12d50000 - 0x00007ffe12d65000 	C:\Users\CSJ\.jdks\azul-11.0.15\bin\VCRUNTIME140.dll
0x00007ffe216d0000 - 0x00007ffe21870000 	C:\Windows\System32\USER32.dll
0x00007ffe202f0000 - 0x00007ffe20312000 	C:\Windows\System32\win32u.dll
0x00007ffe20d80000 - 0x00007ffe20daa000 	C:\Windows\System32\GDI32.dll
0x00007ffe10360000 - 0x00007ffe105fa000 	C:\Windows\WinSxS\amd64_microsoft.windows.common-controls_6595b64144ccf1df_6.0.19041.1110_none_60b5254171f9507e\COMCTL32.dll
0x00007ffe20600000 - 0x00007ffe2070b000 	C:\Windows\System32\gdi32full.dll
0x00007ffe21620000 - 0x00007ffe216be000 	C:\Windows\System32\msvcrt.dll
0x00007ffe20320000 - 0x00007ffe203bd000 	C:\Windows\System32\msvcp_win.dll
0x00007ffe21590000 - 0x00007ffe215c0000 	C:\Windows\System32\IMM32.DLL
0x00007ffdfa990000 - 0x00007ffdfaa2b000 	C:\Users\CSJ\.jdks\azul-11.0.15\bin\msvcp140.dll
0x00007ffde48c0000 - 0x00007ffde5451000 	C:\Users\CSJ\.jdks\azul-11.0.15\bin\server\jvm.dll
0x00007ffe20e50000 - 0x00007ffe20efe000 	C:\Windows\System32\ADVAPI32.dll
0x00007ffe20db0000 - 0x00007ffe20e4c000 	C:\Windows\System32\sechost.dll
0x00007ffe20c30000 - 0x00007ffe20d55000 	C:\Windows\System32\RPCRT4.dll
0x00007ffe210b0000 - 0x00007ffe210b8000 	C:\Windows\System32\PSAPI.DLL
0x00007ffe1ad40000 - 0x00007ffe1ad49000 	C:\Windows\SYSTEM32\WSOCK32.dll
0x00007ffe11b40000 - 0x00007ffe11b67000 	C:\Windows\SYSTEM32\WINMM.dll
0x00007ffe1b9f0000 - 0x00007ffe1b9fa000 	C:\Windows\SYSTEM32\VERSION.dll
0x00007ffe21980000 - 0x00007ffe219eb000 	C:\Windows\System32\WS2_32.dll
0x00007ffe1e0f0000 - 0x00007ffe1e102000 	C:\Windows\SYSTEM32\kernel.appcore.dll
0x00007ffe15f80000 - 0x00007ffe15f90000 	C:\Users\CSJ\.jdks\azul-11.0.15\bin\verify.dll
0x00007ffe1a580000 - 0x00007ffe1a764000 	C:\Windows\SYSTEM32\DBGHELP.DLL
0x00007ffe1a190000 - 0x00007ffe1a1bc000 	C:\Windows\SYSTEM32\dbgcore.DLL
0x00007ffe20570000 - 0x00007ffe205f2000 	C:\Windows\System32\bcryptPrimitives.dll
0x00007ffe12d20000 - 0x00007ffe12d48000 	C:\Users\CSJ\.jdks\azul-11.0.15\bin\java.dll
0x00007ffe15d60000 - 0x00007ffe15d6a000 	C:\Users\CSJ\.jdks\azul-11.0.15\bin\jimage.dll
0x00007ffe127f0000 - 0x00007ffe12808000 	C:\Users\CSJ\.jdks\azul-11.0.15\bin\zip.dll
0x00007ffe21b10000 - 0x00007ffe22254000 	C:\Windows\System32\SHELL32.dll
0x00007ffe1e3d0000 - 0x00007ffe1eb64000 	C:\Windows\SYSTEM32\windows.storage.dll
0x00007ffe22470000 - 0x00007ffe227c4000 	C:\Windows\System32\combase.dll
0x00007ffe1fd50000 - 0x00007ffe1fd7c000 	C:\Windows\SYSTEM32\Wldp.dll
0x00007ffe21870000 - 0x00007ffe2191d000 	C:\Windows\System32\SHCORE.dll
0x00007ffe21920000 - 0x00007ffe21975000 	C:\Windows\System32\shlwapi.dll
0x00007ffe20230000 - 0x00007ffe2024f000 	C:\Windows\SYSTEM32\profapi.dll
0x00007ffe127d0000 - 0x00007ffe127e9000 	C:\Users\CSJ\.jdks\azul-11.0.15\bin\net.dll
0x00007ffe1b7e0000 - 0x00007ffe1b8ea000 	C:\Windows\SYSTEM32\WINHTTP.dll
0x00007ffe1f9f0000 - 0x00007ffe1fa5a000 	C:\Windows\system32\mswsock.dll
0x00007ffe11130000 - 0x00007ffe11143000 	C:\Users\CSJ\.jdks\azul-11.0.15\bin\nio.dll
0x00007ffe10b30000 - 0x00007ffe10b57000 	C:\Users\CSJ\.gradle\native\e1d6ef7f7dcc3fd88c89a11ec53ec762bb8ba0a96d01ffa2cd45eb1d1d8dd5c5\windows-amd64\native-platform.dll
0x00007ffdea8f0000 - 0x00007ffdeaa34000 	C:\Users\CSJ\.gradle\native\0d407fdbe67a94daf76414ababcb853783967236a71b16ec16e742cd7a986fd3\windows-amd64\native-platform-file-events.dll
0x00007ffe128f0000 - 0x00007ffe128f9000 	C:\Users\CSJ\.jdks\azul-11.0.15\bin\management.dll
0x00007ffe10af0000 - 0x00007ffe10afb000 	C:\Users\CSJ\.jdks\azul-11.0.15\bin\management_ext.dll
0x00007ffe1fc10000 - 0x00007ffe1fc28000 	C:\Windows\SYSTEM32\CRYPTSP.dll
0x00007ffe1f320000 - 0x00007ffe1f354000 	C:\Windows\system32\rsaenh.dll
0x00007ffe20930000 - 0x00007ffe20957000 	C:\Windows\System32\bcrypt.dll
0x00007ffe201b0000 - 0x00007ffe201de000 	C:\Windows\SYSTEM32\USERENV.dll
0x00007ffe1fc30000 - 0x00007ffe1fc3c000 	C:\Windows\SYSTEM32\CRYPTBASE.dll
0x00007ffe1f6f0000 - 0x00007ffe1f72b000 	C:\Windows\SYSTEM32\IPHLPAPI.DLL
0x00007ffe223d0000 - 0x00007ffe223d8000 	C:\Windows\System32\NSI.dll
0x00007ffe1a170000 - 0x00007ffe1a187000 	C:\Windows\SYSTEM32\dhcpcsvc6.DLL
0x00007ffe1a080000 - 0x00007ffe1a09d000 	C:\Windows\SYSTEM32\dhcpcsvc.DLL
0x00007ffe1f730000 - 0x00007ffe1f7fb000 	C:\Windows\SYSTEM32\DNSAPI.dll
0x00007ffe06a20000 - 0x00007ffe06a2e000 	C:\Users\CSJ\.jdks\azul-11.0.15\bin\sunmscapi.dll
0x00007ffe20780000 - 0x00007ffe208d6000 	C:\Windows\System32\CRYPT32.dll
0x00007ffe1fdc0000 - 0x00007ffe1fde7000 	C:\Windows\SYSTEM32\ncrypt.dll
0x00007ffe1fd80000 - 0x00007ffe1fdbb000 	C:\Windows\SYSTEM32\NTASN1.dll
0x00007ffe05df0000 - 0x00007ffe05e15000 	C:\Users\CSJ\.jdks\azul-11.0.15\bin\sunec.dll

dbghelp: loaded successfully - version: 4.0.5 - missing functions: none
symbol engine: initialized successfully - sym options: 0x614 - pdb path: .;C:\Users\CSJ\.jdks\azul-11.0.15\bin;C:\Windows\SYSTEM32;C:\Windows\WinSxS\amd64_microsoft.windows.common-controls_6595b64144ccf1df_6.0.19041.1110_none_60b5254171f9507e;C:\Users\CSJ\.jdks\azul-11.0.15\bin\server;C:\Users\CSJ\.gradle\native\e1d6ef7f7dcc3fd88c89a11ec53ec762bb8ba0a96d01ffa2cd45eb1d1d8dd5c5\windows-amd64;C:\Users\CSJ\.gradle\native\0d407fdbe67a94daf76414ababcb853783967236a71b16ec16e742cd7a986fd3\windows-amd64

VM Arguments:
jvm_args: --add-opens=java.base/java.util=ALL-UNNAMED --add-opens=java.base/java.lang=ALL-UNNAMED --add-opens=java.base/java.lang.invoke=ALL-UNNAMED --add-opens=java.base/java.util=ALL-UNNAMED --add-opens=java.prefs/java.util.prefs=ALL-UNNAMED --add-opens=java.prefs/java.util.prefs=ALL-UNNAMED --add-opens=java.base/java.nio.charset=ALL-UNNAMED --add-opens=java.base/java.net=ALL-UNNAMED --add-opens=java.base/java.util.concurrent.atomic=ALL-UNNAMED -XX:MaxMetaspaceSize=256m -XX:+HeapDumpOnOutOfMemoryError -Xms256m -Xmx512m -Dfile.encoding=x-windows-949 -Duser.country=US -Duser.language=en -Duser.variant 
java_command: org.gradle.launcher.daemon.bootstrap.GradleDaemon 7.4.1
java_class_path (initial): C:\Users\CSJ\.gradle\wrapper\dists\gradle-7.4.1-bin\58kw26xllvsiedyf3nujyarhn\gradle-7.4.1\lib\gradle-launcher-7.4.1.jar
Launcher Type: SUN_STANDARD

[Global flags]
     intx CICompilerCount                          = 12                                        {product} {ergonomic}
   size_t CompressedClassSpaceSize                 = 260046848                                 {product} {ergonomic}
     uint ConcGCThreads                            = 3                                         {product} {ergonomic}
     uint G1ConcRefinementThreads                  = 13                                        {product} {ergonomic}
   size_t G1HeapRegionSize                         = 1048576                                   {product} {ergonomic}
    uintx GCDrainStackTargetSize                   = 64                                        {product} {ergonomic}
     bool HeapDumpOnOutOfMemoryError               = true                                   {manageable} {command line}
   size_t InitialHeapSize                          = 268435456                                 {product} {command line}
   size_t MarkStackSize                            = 4194304                                   {product} {ergonomic}
   size_t MaxHeapSize                              = 536870912                                 {product} {command line}
   size_t MaxMetaspaceSize                         = 268435456                                 {product} {command line}
   size_t MaxNewSize                               = 321912832                                 {product} {ergonomic}
   size_t MinHeapDeltaBytes                        = 1048576                                   {product} {ergonomic}
    uintx NonNMethodCodeHeapSize                   = 7594288                                {pd product} {ergonomic}
    uintx NonProfiledCodeHeapSize                  = 122031976                              {pd product} {ergonomic}
    uintx ProfiledCodeHeapSize                     = 122031976                              {pd product} {ergonomic}
    uintx ReservedCodeCacheSize                    = 251658240                              {pd product} {ergonomic}
     bool SegmentedCodeCache                       = true                                      {product} {ergonomic}
     bool UseCompressedClassPointers               = true                                 {lp64_product} {ergonomic}
     bool UseCompressedOops                        = true                                 {lp64_product} {ergonomic}
     bool UseG1GC                                  = true                                      {product} {ergonomic}
     bool UseLargePagesIndividualAllocation        = false                                  {pd product} {ergonomic}

Logging:
Log output configuration:
 #0: stdout all=warning uptime,level,tags
 #1: stderr all=off uptime,level,tags

Environment Variables:
JAVA_HOME=C:\Program Files\Java\jdk1.8.0_111
PATH=C:\Program Files (x86)\Common Files\NetSarang;C:\ProgramData\Oracle\Java\javapath;C:\Windows\system32;C:\Windows;C:\Windows\System32\Wbem;C:\Windows\System32\WindowsPowerShell\v1.0\;C:\Windows\System32\OpenSSH\;C:\Program Files\Git\cmd;C:\HashiCorp\Vagrant\bin;C:\Program Files\Java\jdk1.8.0_111\bin;C:\Program Files\ojdkbuild\java-1.8.0-openjdk-1.8.0.312-1\bin;C:\Program Files\ojdkbuild\java-1.8.0-openjdk-1.8.0.312-1\jre\bin;C:\Program Files\MySQL\MySQL Server 8.0\bin;;C:\Program Files\Docker\Docker\resources\bin;C:\ProgramData\DockerDesktop\version-bin;C:\Users\CSJ\AppData\Local\Programs\Python\Python310\Scripts\;C:\Users\CSJ\AppData\Local\Programs\Python\Python310\;C:\Program Files\MySQL\MySQL Shell 8.0\bin\;C:\Users\CSJ\AppData\Local\Microsoft\WindowsApps;C:\Program Files\Bandizip\;C:\Users\CSJ\AppData\Local\Programs\Microsoft VS Code\bin
USERNAME=CSJ
OS=Windows_NT
PROCESSOR_IDENTIFIER=Intel64 Family 6 Model 165 Stepping 5, GenuineIntel



---------------  S Y S T E M  ---------------

OS: Windows 10 , 64 bit Build 19041 (10.0.19041.1741)
OS uptime: 26 days 8:58 hours
Hyper-V role detected

CPU:total 16 (initial active 16) (8 cores per cpu, 2 threads per core) family 6 model 165 stepping 5 microcode 0xe2, cmov, cx8, fxsr, mmx, sse, sse2, sse3, ssse3, sse4.1, sse4.2, popcnt, avx, avx2, aes, clmul, erms, 3dnowpref, lzcnt, ht, tsc, tscinvbit, bmi1, bmi2, adx, fma

Memory: 4k page, system-wide physical 16250M (3188M free)
TotalPageFile size 33544M (AvailPageFile size 9M)
current process WorkingSet (physical memory assigned to process): 525M, peak: 529M
current process commit charge ("private bytes"): 589M, peak: 593M

vm_info: OpenJDK 64-Bit Server VM (11.0.15+10-LTS) for windows-amd64 JRE (Zulu11.56+19-CA) (11.0.15+10-LTS), built on Apr 17 2022 08:58:55 by "zulu_re" with MS VC++ 15.9 (VS2017)

END.
